[09:07:11] [main/WARN]: Ambiguity between arguments [teleport, destination] and [teleport, targets] with inputs: [Player, 0123, @e, dd12be42-52a9-4a91-a8a1-11c01849e498]
[09:07:11] [main/WARN]: Ambiguity between arguments [teleport, location] and [teleport, destination] with inputs: [0.1 -0.5 .9, 0 0 0]
[09:07:11] [main/WARN]: Ambiguity between arguments [teleport, location] and [teleport, targets] with inputs: [0.1 -0.5 .9, 0 0 0]
[09:07:11] [main/WARN]: Ambiguity between arguments [teleport, targets] and [teleport, destination] with inputs: [Player, 0123, dd12be42-52a9-4a91-a8a1-11c01849e498]
[09:07:11] [main/WARN]: Ambiguity between arguments [teleport, targets, location] and [teleport, targets, destination] with inputs: [0.1 -0.5 .9, 0 0 0]
[09:07:11] [Server thread/INFO]: Starting minecraft server version 1.15.2
[09:07:11] [Server thread/INFO]: Loading properties
[09:07:11] [Server thread/INFO]: Default game type: SURVIVAL
[09:07:11] [Server thread/INFO]: Generating keypair
[09:07:11] [Server thread/INFO]: Starting Minecraft server on *:25565
[09:07:11] [Server thread/INFO]: Using default channel type
[09:07:13] [Server thread/INFO]: Preparing level "world"
[09:07:13] [Server thread/INFO]: Reloading ResourceManager: Default, yert
[09:07:13] [Server thread/INFO]: Loaded 6 recipes
[09:07:14] [Server thread/INFO]: Loaded 1 custom command functions
[09:07:14] [Server thread/INFO]: Loaded 825 advancements
[09:07:14] [Server thread/INFO]: Preparing start region for dimension minecraft:overworld
[09:07:16] [Server thread/INFO]: Preparing spawn area: 0%
[09:07:16] [Server thread/INFO]: Preparing spawn area: 0%
[09:07:16] [Server thread/INFO]: Preparing spawn area: 0%
[09:07:16] [Server thread/INFO]: Preparing spawn area: 0%
[09:07:16] [Server thread/INFO]: Time elapsed: 1810 ms
[09:07:16] [Server thread/INFO]: Done (3.588s)! For help, type "help"
[09:08:37] [Server thread/INFO]: Made King_Cat no longer a server operator
[09:08:39] [Server thread/INFO]: Made King_Cat a server operator
[09:08:39] [Server thread/INFO]: Added King_Cat to the whitelist
[09:08:40] [Server thread/INFO]: Removed King_Cat from the whitelist
[09:09:07] [User Authenticator #1/INFO]: UUID of player King_Cat is e3087768-76b3-487d-987b-741694b3d97f
[09:09:07] [Server thread/INFO]: King_Cat[/127.0.0.1:63248] logged in with entity id 161 at (180.65918529507917, 64.0, -120.44586458010609)
[09:09:08] [Server thread/INFO]: King_Cat joined the game
[09:09:14] [Server thread/INFO]: Kicked King_Cat: Kicked by an operator
[09:09:14] [Server thread/INFO]: King_Cat lost connection: Kicked by an operator
[09:09:14] [Server thread/INFO]: King_Cat left the game
[09:09:19] [User Authenticator #2/INFO]: UUID of player King_Cat is e3087768-76b3-487d-987b-741694b3d97f
[09:09:19] [Server thread/INFO]: King_Cat[/127.0.0.1:63251] logged in with entity id 167 at (180.65918529507917, 64.0, -120.44586458010609)
[09:09:19] [Server thread/INFO]: King_Cat joined the game
[09:09:40] [Server thread/INFO]: King_Cat lost connection: Disconnected
[09:09:40] [Server thread/INFO]: King_Cat left the game
[09:09:54] [Server thread/INFO]: Stopping the server
[09:09:54] [Server thread/INFO]: Stopping server
[09:09:54] [Server thread/INFO]: Saving players
[09:09:54] [Server thread/INFO]: Saving worlds
[09:09:54] [Server thread/INFO]: Saving chunks for level 'world'/minecraft:overworld
[09:09:55] [Server thread/INFO]: ThreadedAnvilChunkStorage (world): All chunks are saved
[09:09:55] [Server thread/INFO]: Saving chunks for level 'world'/minecraft:the_nether
[09:09:55] [Server thread/INFO]: ThreadedAnvilChunkStorage (DIM-1): All chunks are saved
[09:09:55] [Server thread/INFO]: Saving chunks for level 'world'/minecraft:the_end
[09:09:55] [Server thread/INFO]: ThreadedAnvilChunkStorage (DIM1): All chunks are saved
[09:09:55] [Server thread/INFO]: ThreadedAnvilChunkStorage (world): All chunks are saved
[09:09:55] [Server thread/INFO]: ThreadedAnvilChunkStorage (DIM-1): All chunks are saved
[09:09:55] [Server thread/INFO]: ThreadedAnvilChunkStorage (DIM1): All chunks are saved
