[09:52:34] [main/WARN]: Ambiguity between arguments [teleport, destination] and [teleport, targets] with inputs: [Player, 0123, @e, dd12be42-52a9-4a91-a8a1-11c01849e498]
[09:52:34] [main/WARN]: Ambiguity between arguments [teleport, location] and [teleport, destination] with inputs: [0.1 -0.5 .9, 0 0 0]
[09:52:34] [main/WARN]: Ambiguity between arguments [teleport, location] and [teleport, targets] with inputs: [0.1 -0.5 .9, 0 0 0]
[09:52:34] [main/WARN]: Ambiguity between arguments [teleport, targets] and [teleport, destination] with inputs: [Player, 0123, dd12be42-52a9-4a91-a8a1-11c01849e498]
[09:52:34] [main/WARN]: Ambiguity between arguments [teleport, targets, location] and [teleport, targets, destination] with inputs: [0.1 -0.5 .9, 0 0 0]
[09:52:34] [Server thread/INFO]: Starting minecraft server version 1.15.2
[09:52:34] [Server thread/INFO]: Loading properties
[09:52:34] [Server thread/INFO]: Default game type: SURVIVAL
[09:52:34] [Server thread/INFO]: Generating keypair
[09:52:34] [Server thread/INFO]: Starting Minecraft server on *:25565
[09:52:34] [Server thread/INFO]: Using default channel type
[09:52:35] [Server thread/INFO]: Preparing level "world"
[09:52:35] [Server thread/INFO]: Reloading ResourceManager: Default, yert
[09:52:35] [Server thread/INFO]: Loaded 6 recipes
[09:52:36] [Server thread/INFO]: Loaded 1 custom command functions
[09:52:36] [Server thread/INFO]: Loaded 825 advancements
[09:52:36] [Server thread/INFO]: Preparing start region for dimension minecraft:overworld
[09:52:37] [Server thread/INFO]: Preparing spawn area: 0%
[09:52:37] [Server thread/INFO]: Preparing spawn area: 0%
[09:52:37] [Server thread/INFO]: Preparing spawn area: 0%
[09:52:38] [Server thread/INFO]: Time elapsed: 1272 ms
[09:52:38] [Server thread/INFO]: Done (2.793s)! For help, type "help"
[10:37:29] [Server thread/INFO]: Made PumkinSpic3 a server operator
[10:37:30] [Server thread/INFO]: Made PumkinSpic3 no longer a server operator
[10:37:30] [Server thread/INFO]: Made PumkinSpic3 a server operator
[10:37:31] [Server thread/INFO]: Made PumkinSpic3 no longer a server operator
[10:37:31] [Server thread/INFO]: Removed PumkinSpic3 from the whitelist
[10:37:32] [Server thread/INFO]: Added PumkinSpic3 to the whitelist
[10:38:44] [Server thread/INFO]: Stopping the server
[10:38:44] [Server thread/INFO]: Stopping server
[10:38:44] [Server thread/INFO]: Saving players
[10:38:44] [Server thread/INFO]: Saving worlds
[10:38:44] [Server thread/INFO]: Saving chunks for level 'world'/minecraft:the_nether
[10:38:44] [Server thread/INFO]: ThreadedAnvilChunkStorage (DIM-1): All chunks are saved
[10:38:44] [Server thread/INFO]: Saving chunks for level 'world'/minecraft:overworld
[10:38:44] [Server thread/INFO]: ThreadedAnvilChunkStorage (world): All chunks are saved
[10:38:44] [Server thread/INFO]: Saving chunks for level 'world'/minecraft:the_end
[10:38:44] [Server thread/INFO]: ThreadedAnvilChunkStorage (DIM1): All chunks are saved
[10:38:44] [Server thread/INFO]: ThreadedAnvilChunkStorage (DIM-1): All chunks are saved
[10:38:44] [Server thread/INFO]: ThreadedAnvilChunkStorage (world): All chunks are saved
[10:38:44] [Server thread/INFO]: ThreadedAnvilChunkStorage (DIM1): All chunks are saved
