[10:18:04] [main/WARN]: Ambiguity between arguments [teleport, destination] and [teleport, targets] with inputs: [Player, 0123, @e, dd12be42-52a9-4a91-a8a1-11c01849e498]
[10:18:04] [main/WARN]: Ambiguity between arguments [teleport, location] and [teleport, destination] with inputs: [0.1 -0.5 .9, 0 0 0]
[10:18:04] [main/WARN]: Ambiguity between arguments [teleport, location] and [teleport, targets] with inputs: [0.1 -0.5 .9, 0 0 0]
[10:18:04] [main/WARN]: Ambiguity between arguments [teleport, targets] and [teleport, destination] with inputs: [Player, 0123, dd12be42-52a9-4a91-a8a1-11c01849e498]
[10:18:04] [main/WARN]: Ambiguity between arguments [teleport, targets, location] and [teleport, targets, destination] with inputs: [0.1 -0.5 .9, 0 0 0]
[10:18:04] [Server thread/INFO]: Starting minecraft server version 1.15.2
[10:18:04] [Server thread/INFO]: Loading properties
[10:18:04] [Server thread/INFO]: Default game type: SURVIVAL
[10:18:04] [Server thread/INFO]: Generating keypair
[10:18:04] [Server thread/INFO]: Starting Minecraft server on *:25565
[10:18:04] [Server thread/INFO]: Using default channel type
[10:18:05] [Server thread/INFO]: Preparing level "world"
[10:18:05] [Server thread/INFO]: Reloading ResourceManager: Default, yert
[10:18:06] [Server thread/INFO]: Loaded 6 recipes
[10:18:06] [Server thread/INFO]: Loaded 1 custom command functions
[10:18:06] [Server thread/INFO]: Loaded 825 advancements
[10:18:09] [Server thread/INFO]: Preparing start region for dimension minecraft:overworld
[10:18:09] [Server thread/INFO]: Preparing spawn area: 0%
[10:18:09] [Server thread/INFO]: Preparing spawn area: 0%
[10:18:10] [Server thread/INFO]: Time elapsed: 887 ms
[10:18:10] [Server thread/INFO]: Done (4.741s)! For help, type "help"
[10:18:14] [Server thread/INFO]: Added Yeet to the whitelist
[10:18:16] [Server thread/INFO]: Added bert to the whitelist
[10:18:19] [Server thread/INFO]: Added Pert to the whitelist
[10:18:30] [Server thread/INFO]: Removed bert from the whitelist
[10:18:31] [Server thread/INFO]: Removed Pert from the whitelist
[10:18:32] [Server thread/INFO]: Removed Yeet from the whitelist
[10:18:35] [Server thread/INFO]: Stopping the server
[10:18:35] [Server thread/INFO]: Stopping server
[10:18:35] [Server thread/INFO]: Saving players
[10:18:35] [Server thread/INFO]: Saving worlds
[10:18:35] [Server thread/INFO]: Saving chunks for level 'world'/minecraft:overworld
[10:18:36] [Server thread/INFO]: ThreadedAnvilChunkStorage (world): All chunks are saved
[10:18:36] [Server thread/INFO]: Saving chunks for level 'world'/minecraft:the_nether
[10:18:36] [Server thread/INFO]: ThreadedAnvilChunkStorage (DIM-1): All chunks are saved
[10:18:36] [Server thread/INFO]: Saving chunks for level 'world'/minecraft:the_end
[10:18:36] [Server thread/INFO]: ThreadedAnvilChunkStorage (DIM1): All chunks are saved
[10:18:36] [Server thread/INFO]: ThreadedAnvilChunkStorage (world): All chunks are saved
[10:18:37] [Server thread/INFO]: ThreadedAnvilChunkStorage (DIM-1): All chunks are saved
[10:18:37] [Server thread/INFO]: ThreadedAnvilChunkStorage (DIM1): All chunks are saved
