[14:31:50] [main/WARN]: Ambiguity between arguments [teleport, destination] and [teleport, targets] with inputs: [Player, 0123, @e, dd12be42-52a9-4a91-a8a1-11c01849e498]
[14:31:50] [main/WARN]: Ambiguity between arguments [teleport, location] and [teleport, destination] with inputs: [0.1 -0.5 .9, 0 0 0]
[14:31:50] [main/WARN]: Ambiguity between arguments [teleport, location] and [teleport, targets] with inputs: [0.1 -0.5 .9, 0 0 0]
[14:31:50] [main/WARN]: Ambiguity between arguments [teleport, targets] and [teleport, destination] with inputs: [Player, 0123, dd12be42-52a9-4a91-a8a1-11c01849e498]
[14:31:50] [main/WARN]: Ambiguity between arguments [teleport, targets, location] and [teleport, targets, destination] with inputs: [0.1 -0.5 .9, 0 0 0]
[14:31:50] [Server thread/INFO]: Starting minecraft server version 1.15.2
[14:31:50] [Server thread/INFO]: Loading properties
[14:31:50] [Server thread/INFO]: Default game type: SURVIVAL
[14:31:50] [Server thread/INFO]: Generating keypair
[14:31:50] [Server thread/INFO]: Starting Minecraft server on *:25565
[14:31:50] [Server thread/INFO]: Using default channel type
[14:31:51] [Server thread/WARN]: **** SERVER IS RUNNING IN OFFLINE/INSECURE MODE!
[14:31:51] [Server thread/WARN]: The server will make no attempt to authenticate usernames. Beware.
[14:31:51] [Server thread/WARN]: While this makes the game possible to play without internet access, it also opens up the ability for hackers to connect with any username they choose.
[14:31:51] [Server thread/WARN]: To change this, set "online-mode" to "true" in the server.properties file.
[14:31:51] [Server thread/INFO]: Preparing level "world"
[14:31:51] [Server thread/INFO]: Reloading ResourceManager: Default, yert
[14:31:52] [Server thread/INFO]: Loaded 6 recipes
[14:31:52] [Server thread/INFO]: Loaded 1 custom command functions
[14:31:52] [Server thread/INFO]: Loaded 825 advancements
[14:31:53] [Server thread/INFO]: Preparing start region for dimension minecraft:overworld
[14:31:54] [Server thread/INFO]: Preparing spawn area: 0%
[14:31:54] [Server thread/INFO]: Preparing spawn area: 0%
[14:31:54] [Server thread/INFO]: Preparing spawn area: 0%
[14:31:55] [Server-Worker-4/INFO]: Preparing spawn area: 0%
[14:31:55] [Server-Worker-4/INFO]: Preparing spawn area: 0%
[14:31:56] [Server thread/INFO]: Time elapsed: 2387 ms
[14:31:56] [Server thread/INFO]: Done (4.267s)! For help, type "help"
[15:00:18] [Server thread/WARN]: Can't keep up! Is the server overloaded? Running 268106ms or 5362 ticks behind
[15:01:32] [Server thread/INFO]: Stopping the server
[15:01:32] [Server thread/INFO]: Stopping server
[15:01:32] [Server thread/INFO]: Saving players
[15:01:32] [Server thread/INFO]: Saving worlds
[15:01:32] [Server thread/INFO]: Saving chunks for level 'world'/minecraft:overworld
[15:01:32] [Server thread/INFO]: ThreadedAnvilChunkStorage (world): All chunks are saved
[15:01:32] [Server thread/INFO]: Saving chunks for level 'world'/minecraft:the_nether
[15:01:32] [Server thread/INFO]: ThreadedAnvilChunkStorage (DIM-1): All chunks are saved
[15:01:32] [Server thread/INFO]: Saving chunks for level 'world'/minecraft:the_end
[15:01:32] [Server thread/INFO]: ThreadedAnvilChunkStorage (DIM1): All chunks are saved
[15:01:32] [Server thread/INFO]: ThreadedAnvilChunkStorage (world): All chunks are saved
[15:01:33] [Server thread/INFO]: ThreadedAnvilChunkStorage (DIM-1): All chunks are saved
[15:01:33] [Server thread/INFO]: ThreadedAnvilChunkStorage (DIM1): All chunks are saved
