[14:51:47] [main/WARN]: Ambiguity between arguments [teleport, destination] and [teleport, targets] with inputs: [Player, 0123, @e, dd12be42-52a9-4a91-a8a1-11c01849e498]
[14:51:47] [main/WARN]: Ambiguity between arguments [teleport, location] and [teleport, destination] with inputs: [0.1 -0.5 .9, 0 0 0]
[14:51:47] [main/WARN]: Ambiguity between arguments [teleport, location] and [teleport, targets] with inputs: [0.1 -0.5 .9, 0 0 0]
[14:51:47] [main/WARN]: Ambiguity between arguments [teleport, targets] and [teleport, destination] with inputs: [Player, 0123, dd12be42-52a9-4a91-a8a1-11c01849e498]
[14:51:47] [main/WARN]: Ambiguity between arguments [teleport, targets, location] and [teleport, targets, destination] with inputs: [0.1 -0.5 .9, 0 0 0]
[14:51:47] [Server thread/INFO]: Starting minecraft server version 1.15.2
[14:51:47] [Server thread/INFO]: Loading properties
[14:51:47] [Server thread/INFO]: Default game type: SURVIVAL
[14:51:47] [Server thread/INFO]: Generating keypair
[14:51:47] [Server thread/INFO]: Starting Minecraft server on *:25565
[14:51:47] [Server thread/INFO]: Using default channel type
[14:51:50] [Server thread/INFO]: Preparing level "world"
[14:51:50] [Server thread/INFO]: Reloading ResourceManager: Default, yert
[14:51:51] [Server thread/INFO]: Loaded 6 recipes
[14:51:51] [Server thread/INFO]: Loaded 1 custom command functions
[14:51:51] [Server thread/INFO]: Loaded 825 advancements
[14:51:51] [Server thread/INFO]: Preparing start region for dimension minecraft:overworld
[14:51:52] [Server thread/INFO]: Preparing spawn area: 0%
[14:51:52] [Server thread/INFO]: Preparing spawn area: 0%
[14:51:52] [Server thread/INFO]: Preparing spawn area: 87%
[14:51:53] [Server thread/INFO]: Time elapsed: 1048 ms
[14:51:53] [Server thread/INFO]: Done (2.502s)! For help, type "help"
[14:52:27] [User Authenticator #1/INFO]: UUID of player King_Cat is e3087768-76b3-487d-987b-741694b3d97f
[14:52:27] [Server thread/INFO]: King_Cat[/127.0.0.1:51230] logged in with entity id 172 at (168.8094935915214, 64.0, -96.78658663203625)
[14:52:28] [Server thread/INFO]: King_Cat joined the game
[14:53:13] [Server thread/INFO]: King_Cat lost connection: Disconnected
[14:53:13] [Server thread/INFO]: King_Cat left the game
[15:24:41] [Server thread/WARN]: Can't keep up! Is the server overloaded? Running 123958ms or 2479 ticks behind
[15:24:55] [Server thread/INFO]: Stopping the server
[15:24:55] [Server thread/INFO]: Stopping server
[15:24:55] [Server thread/INFO]: Saving players
[15:24:55] [Server thread/INFO]: Saving worlds
[15:24:55] [Server thread/INFO]: Saving chunks for level 'world'/minecraft:overworld
[15:24:55] [Server thread/INFO]: ThreadedAnvilChunkStorage (world): All chunks are saved
[15:24:55] [Server thread/INFO]: Saving chunks for level 'world'/minecraft:the_nether
[15:24:55] [Server thread/INFO]: ThreadedAnvilChunkStorage (DIM-1): All chunks are saved
[15:24:55] [Server thread/INFO]: Saving chunks for level 'world'/minecraft:the_end
[15:24:55] [Server thread/INFO]: ThreadedAnvilChunkStorage (DIM1): All chunks are saved
[15:24:55] [Server thread/INFO]: ThreadedAnvilChunkStorage (world): All chunks are saved
[15:24:56] [Server thread/INFO]: ThreadedAnvilChunkStorage (DIM-1): All chunks are saved
[15:24:56] [Server thread/INFO]: ThreadedAnvilChunkStorage (DIM1): All chunks are saved
