[11:31:55] [main/WARN]: Ambiguity between arguments [teleport, destination] and [teleport, targets] with inputs: [Player, 0123, @e, dd12be42-52a9-4a91-a8a1-11c01849e498]
[11:31:55] [main/WARN]: Ambiguity between arguments [teleport, location] and [teleport, destination] with inputs: [0.1 -0.5 .9, 0 0 0]
[11:31:55] [main/WARN]: Ambiguity between arguments [teleport, location] and [teleport, targets] with inputs: [0.1 -0.5 .9, 0 0 0]
[11:31:55] [main/WARN]: Ambiguity between arguments [teleport, targets] and [teleport, destination] with inputs: [Player, 0123, dd12be42-52a9-4a91-a8a1-11c01849e498]
[11:31:55] [main/WARN]: Ambiguity between arguments [teleport, targets, location] and [teleport, targets, destination] with inputs: [0.1 -0.5 .9, 0 0 0]
[11:31:55] [Server thread/INFO]: Starting minecraft server version 1.15.2
[11:31:55] [Server thread/INFO]: Loading properties
[11:31:55] [Server thread/INFO]: Default game type: SURVIVAL
[11:31:55] [Server thread/INFO]: Generating keypair
[11:31:55] [Server thread/INFO]: Starting Minecraft server on *:25565
[11:31:55] [Server thread/INFO]: Using default channel type
[11:31:56] [Server thread/INFO]: Preparing level "world"
[11:31:56] [Server thread/INFO]: Reloading ResourceManager: Default, yert
[11:31:56] [Server thread/INFO]: Loaded 6 recipes
[11:31:57] [Server thread/INFO]: Loaded 1 custom command functions
[11:31:57] [Server thread/INFO]: Loaded 825 advancements
[11:31:57] [Server thread/INFO]: Preparing start region for dimension minecraft:overworld
[11:31:58] [Server thread/INFO]: Preparing spawn area: 0%
[11:31:58] [Server thread/INFO]: Preparing spawn area: 0%
[11:31:58] [Server thread/INFO]: Preparing spawn area: 0%
[11:32:00] [Server-Worker-1/INFO]: Preparing spawn area: 0%
[11:32:00] [Server-Worker-1/INFO]: Preparing spawn area: 0%
[11:32:00] [Server thread/INFO]: Preparing spawn area: 4%
[11:32:00] [Server thread/INFO]: Time elapsed: 2661 ms
[11:32:00] [Server thread/INFO]: Done (4.321s)! For help, type "help"
[11:32:01] [Server thread/INFO]: Stopping the server
[11:32:01] [Server thread/INFO]: Stopping server
[11:32:01] [Server thread/INFO]: Saving players
[11:32:01] [Server thread/INFO]: Saving worlds
[11:32:01] [Server thread/INFO]: Saving chunks for level 'world'/minecraft:overworld
[11:32:02] [Server thread/INFO]: ThreadedAnvilChunkStorage (world): All chunks are saved
[11:32:02] [Server thread/INFO]: Saving chunks for level 'world'/minecraft:the_nether
[11:32:02] [Server thread/INFO]: ThreadedAnvilChunkStorage (DIM-1): All chunks are saved
[11:32:02] [Server thread/INFO]: Saving chunks for level 'world'/minecraft:the_end
[11:32:02] [Server thread/INFO]: ThreadedAnvilChunkStorage (DIM1): All chunks are saved
[11:32:02] [Server thread/INFO]: ThreadedAnvilChunkStorage (world): All chunks are saved
[11:32:02] [Server thread/INFO]: ThreadedAnvilChunkStorage (DIM-1): All chunks are saved
[11:32:02] [Server thread/INFO]: ThreadedAnvilChunkStorage (DIM1): All chunks are saved
