[22:04:02] [main/WARN]: Ambiguity between arguments [teleport, destination] and [teleport, targets] with inputs: [Player, 0123, @e, dd12be42-52a9-4a91-a8a1-11c01849e498]
[22:04:02] [main/WARN]: Ambiguity between arguments [teleport, location] and [teleport, destination] with inputs: [0.1 -0.5 .9, 0 0 0]
[22:04:02] [main/WARN]: Ambiguity between arguments [teleport, location] and [teleport, targets] with inputs: [0.1 -0.5 .9, 0 0 0]
[22:04:02] [main/WARN]: Ambiguity between arguments [teleport, targets] and [teleport, destination] with inputs: [Player, 0123, dd12be42-52a9-4a91-a8a1-11c01849e498]
[22:04:02] [main/WARN]: Ambiguity between arguments [teleport, targets, location] and [teleport, targets, destination] with inputs: [0.1 -0.5 .9, 0 0 0]
[22:04:02] [Server thread/INFO]: Starting minecraft server version 1.15.2
[22:04:02] [Server thread/INFO]: Loading properties
[22:04:02] [Server thread/INFO]: Default game type: SURVIVAL
[22:04:02] [Server thread/INFO]: Generating keypair
[22:04:02] [Server thread/INFO]: Starting Minecraft server on *:25565
[22:04:02] [Server thread/INFO]: Using default channel type
[22:04:03] [Server thread/INFO]: Preparing level "world"
[22:04:04] [Server thread/INFO]: Reloading ResourceManager: Default, yert
[22:04:04] [Server thread/INFO]: Loaded 6 recipes
[22:04:05] [Server thread/INFO]: Loaded 1 custom command functions
[22:04:05] [Server thread/INFO]: Loaded 825 advancements
[22:04:05] [Server thread/INFO]: Preparing start region for dimension minecraft:overworld
[22:04:07] [Server thread/INFO]: Preparing spawn area: 0%
[22:04:07] [Server thread/INFO]: Preparing spawn area: 0%
[22:04:07] [Server thread/INFO]: Preparing spawn area: 0%
[22:04:07] [Server-Worker-6/INFO]: Preparing spawn area: 0%
[22:04:07] [Server-Worker-1/INFO]: Preparing spawn area: 0%
[22:04:08] [Server thread/INFO]: Time elapsed: 2439 ms
[22:04:08] [Server thread/INFO]: Done (4.343s)! For help, type "help"
[22:04:10] [User Authenticator #1/INFO]: UUID of player King_Cat is e3087768-76b3-487d-987b-741694b3d97f
[22:04:10] [Server thread/INFO]: King_Cat[/127.0.0.1:52591] logged in with entity id 156 at (172.49341307296265, 64.0, -102.3301384246217)
[22:04:10] [Server thread/INFO]: King_Cat joined the game
[22:04:13] [Server thread/INFO]: Kicked King_Cat: Kicked by an operator
[22:04:13] [Server thread/INFO]: King_Cat lost connection: Kicked by an operator
[22:04:13] [Server thread/INFO]: King_Cat left the game
[22:04:18] [User Authenticator #2/INFO]: UUID of player King_Cat is e3087768-76b3-487d-987b-741694b3d97f
[22:04:18] [Server thread/INFO]: King_Cat[/127.0.0.1:52601] logged in with entity id 168 at (173.22981823651543, 65.0, -103.02328723474768)
[22:04:18] [Server thread/INFO]: King_Cat joined the game
[22:04:40] [Server thread/INFO]: Banned IP 127.0.0.1: Banned by an operator.
[22:04:40] [Server thread/INFO]: This ban affects 1 players: King_Cat
[22:04:40] [Server thread/INFO]: King_Cat lost connection: You have been IP banned from this server
[22:04:40] [Server thread/INFO]: King_Cat left the game
[22:04:48] [User Authenticator #3/INFO]: UUID of player King_Cat is e3087768-76b3-487d-987b-741694b3d97f
[22:04:48] [Server thread/INFO]: Disconnecting com.mojang.authlib.GameProfile@1f79f8f4[id=e3087768-76b3-487d-987b-741694b3d97f,name=King_Cat,properties={textures=[com.mojang.authlib.properties.Property@5dd658ed]},legacy=false] (/127.0.0.1:52607): Your IP address is banned from this server.
Reason: Banned by an operator.
[22:04:48] [Server thread/INFO]: com.mojang.authlib.GameProfile@1f79f8f4[id=e3087768-76b3-487d-987b-741694b3d97f,name=King_Cat,properties={textures=[com.mojang.authlib.properties.Property@5dd658ed]},legacy=false] (/127.0.0.1:52607) lost connection: Your IP address is banned from this server.
Reason: Banned by an operator.
[22:04:57] [Server thread/INFO]: Invalid IP address
[22:05:02] [Server thread/INFO]: Unbanned IP 127.0.0.1
[22:05:06] [User Authenticator #4/INFO]: UUID of player King_Cat is e3087768-76b3-487d-987b-741694b3d97f
[22:05:06] [Server thread/INFO]: King_Cat[/127.0.0.1:52612] logged in with entity id 184 at (217.09804379223522, 63.0, -107.4841075614507)
[22:05:06] [Server thread/INFO]: King_Cat joined the game
[22:05:14] [Server thread/INFO]: <King_Cat> kkekendave
[22:06:20] [Server thread/INFO]: Kicked King_Cat: Kicked by an operator
[22:06:20] [Server thread/INFO]: King_Cat lost connection: Kicked by an operator
[22:06:20] [Server thread/INFO]: King_Cat left the game
[22:06:29] [Server thread/INFO]: Stopping the server
[22:06:29] [Server thread/INFO]: Stopping server
[22:06:29] [Server thread/INFO]: Saving players
[22:06:29] [Server thread/INFO]: Saving worlds
[22:06:29] [Server thread/INFO]: Saving chunks for level 'world'/minecraft:overworld
[22:06:30] [Server thread/INFO]: ThreadedAnvilChunkStorage (world): All chunks are saved
[22:06:30] [Server thread/INFO]: Saving chunks for level 'world'/minecraft:the_nether
[22:06:30] [Server thread/INFO]: ThreadedAnvilChunkStorage (DIM-1): All chunks are saved
[22:06:30] [Server thread/INFO]: Saving chunks for level 'world'/minecraft:the_end
[22:06:30] [Server thread/INFO]: ThreadedAnvilChunkStorage (DIM1): All chunks are saved
[22:06:30] [Server thread/INFO]: ThreadedAnvilChunkStorage (world): All chunks are saved
[22:06:30] [Server thread/INFO]: ThreadedAnvilChunkStorage (DIM-1): All chunks are saved
[22:06:30] [Server thread/INFO]: ThreadedAnvilChunkStorage (DIM1): All chunks are saved
