[20:32:29] [main/WARN]: Ambiguity between arguments [teleport, destination] and [teleport, targets] with inputs: [Player, 0123, @e, dd12be42-52a9-4a91-a8a1-11c01849e498]
[20:32:29] [main/WARN]: Ambiguity between arguments [teleport, location] and [teleport, destination] with inputs: [0.1 -0.5 .9, 0 0 0]
[20:32:29] [main/WARN]: Ambiguity between arguments [teleport, location] and [teleport, targets] with inputs: [0.1 -0.5 .9, 0 0 0]
[20:32:29] [main/WARN]: Ambiguity between arguments [teleport, targets] and [teleport, destination] with inputs: [Player, 0123, dd12be42-52a9-4a91-a8a1-11c01849e498]
[20:32:29] [main/WARN]: Ambiguity between arguments [teleport, targets, location] and [teleport, targets, destination] with inputs: [0.1 -0.5 .9, 0 0 0]
[20:32:29] [Server thread/INFO]: Starting minecraft server version 1.15.2
[20:32:29] [Server thread/INFO]: Loading properties
[20:32:29] [Server thread/INFO]: Default game type: SURVIVAL
[20:32:29] [Server thread/INFO]: Generating keypair
[20:32:29] [Server thread/INFO]: Starting Minecraft server on *:25565
[20:32:29] [Server thread/INFO]: Using default channel type
[20:32:31] [Server thread/WARN]: **** SERVER IS RUNNING IN OFFLINE/INSECURE MODE!
[20:32:31] [Server thread/WARN]: The server will make no attempt to authenticate usernames. Beware.
[20:32:31] [Server thread/WARN]: While this makes the game possible to play without internet access, it also opens up the ability for hackers to connect with any username they choose.
[20:32:31] [Server thread/WARN]: To change this, set "online-mode" to "true" in the server.properties file.
[20:32:31] [Server thread/INFO]: Preparing level "world"
[20:32:31] [Server thread/INFO]: Reloading ResourceManager: Default, yert
[20:32:32] [Server thread/INFO]: Loaded 6 recipes
[20:32:32] [Server thread/INFO]: Loaded 1 custom command functions
[20:32:33] [Server thread/INFO]: Loaded 825 advancements
[20:32:33] [Server thread/INFO]: Preparing start region for dimension minecraft:overworld
[20:32:34] [Server thread/INFO]: Preparing spawn area: 0%
[20:32:34] [Server thread/INFO]: Preparing spawn area: 0%
[20:32:34] [Server thread/INFO]: Preparing spawn area: 0%
[20:32:35] [Server thread/INFO]: Time elapsed: 1510 ms
[20:32:35] [Server thread/INFO]: Done (3.244s)! For help, type "help"
[20:32:35] [Server thread/INFO]: King_Cat[/127.0.0.1:61806] logged in with entity id 338 at (260.69999998807907, 61.0, 25.30000001192093)
[20:32:35] [Server thread/INFO]: King_Cat joined the game
[20:32:40] [Server thread/INFO]: Kong_Fat[/127.0.0.1:61809] logged in with entity id 354 at (194.85894557502874, 63.0, -122.35888860867938)
[20:32:40] [Server thread/INFO]: Kong_Fat joined the game
[20:40:08] [Server thread/INFO]: Stopping the server
[20:40:08] [Server thread/INFO]: Stopping server
[20:40:08] [Server thread/INFO]: Saving players
[20:40:08] [Server thread/INFO]: King_Cat lost connection: Server closed
[20:40:08] [Server thread/INFO]: King_Cat left the game
[20:40:08] [Server thread/INFO]: Saving worlds
[20:40:08] [Server thread/INFO]: Saving chunks for level 'world'/minecraft:overworld
[20:40:08] [Server thread/INFO]: ThreadedAnvilChunkStorage (world): All chunks are saved
[20:40:08] [Server thread/INFO]: Saving chunks for level 'world'/minecraft:the_nether
[20:40:08] [Server thread/INFO]: ThreadedAnvilChunkStorage (DIM-1): All chunks are saved
[20:40:08] [Server thread/INFO]: Saving chunks for level 'world'/minecraft:the_end
[20:40:08] [Server thread/INFO]: ThreadedAnvilChunkStorage (DIM1): All chunks are saved
[20:40:08] [Server thread/INFO]: ThreadedAnvilChunkStorage (world): All chunks are saved
[20:40:08] [Server thread/INFO]: ThreadedAnvilChunkStorage (DIM-1): All chunks are saved
[20:40:08] [Server thread/INFO]: ThreadedAnvilChunkStorage (DIM1): All chunks are saved
