[15:24:42] [main/WARN]: Ambiguity between arguments [teleport, destination] and [teleport, targets] with inputs: [Player, 0123, @e, dd12be42-52a9-4a91-a8a1-11c01849e498]
[15:24:42] [main/WARN]: Ambiguity between arguments [teleport, location] and [teleport, destination] with inputs: [0.1 -0.5 .9, 0 0 0]
[15:24:42] [main/WARN]: Ambiguity between arguments [teleport, location] and [teleport, targets] with inputs: [0.1 -0.5 .9, 0 0 0]
[15:24:42] [main/WARN]: Ambiguity between arguments [teleport, targets] and [teleport, destination] with inputs: [Player, 0123, dd12be42-52a9-4a91-a8a1-11c01849e498]
[15:24:42] [main/WARN]: Ambiguity between arguments [teleport, targets, location] and [teleport, targets, destination] with inputs: [0.1 -0.5 .9, 0 0 0]
[15:24:42] [Server thread/INFO]: Starting minecraft server version 1.15.2
[15:24:42] [Server thread/INFO]: Loading properties
[15:24:42] [Server thread/INFO]: Default game type: SURVIVAL
[15:24:42] [Server thread/INFO]: Generating keypair
[15:24:42] [Server thread/INFO]: Starting Minecraft server on *:25565
[15:24:42] [Server thread/INFO]: Using default channel type
[15:24:43] [Server thread/WARN]: **** SERVER IS RUNNING IN OFFLINE/INSECURE MODE!
[15:24:43] [Server thread/WARN]: The server will make no attempt to authenticate usernames. Beware.
[15:24:43] [Server thread/WARN]: While this makes the game possible to play without internet access, it also opens up the ability for hackers to connect with any username they choose.
[15:24:43] [Server thread/WARN]: To change this, set "online-mode" to "true" in the server.properties file.
[15:24:43] [Server thread/INFO]: Preparing level "world"
[15:24:43] [Server thread/INFO]: Reloading ResourceManager: Default, yert
[15:24:44] [Server thread/INFO]: Loaded 6 recipes
[15:24:44] [Server thread/INFO]: Loaded 1 custom command functions
[15:24:44] [Server thread/INFO]: Loaded 825 advancements
[15:24:45] [Server thread/INFO]: Preparing start region for dimension minecraft:overworld
[15:24:46] [Server thread/INFO]: Preparing spawn area: 0%
[15:24:46] [Server thread/INFO]: Preparing spawn area: 0%
[15:24:46] [Server thread/INFO]: Preparing spawn area: 0%
[15:24:47] [Server-Worker-5/INFO]: Preparing spawn area: 0%
[15:24:47] [Server thread/INFO]: Preparing spawn area: 0%
[15:24:47] [Server thread/INFO]: Time elapsed: 2249 ms
[15:24:47] [Server thread/INFO]: Done (3.988s)! For help, type "help"
[15:24:55] [Server thread/INFO]: King_Cat[/127.0.0.1:59597] logged in with entity id 151 at (260.69999998807907, 61.0, 25.30000001192093)
[15:24:55] [Server thread/INFO]: King_Cat joined the game
[15:24:58] [Server thread/INFO]: <King_Cat> prerendeeer
[15:24:59] [Server thread/INFO]: <King_Cat> prerendeeer
[15:24:59] [Server thread/INFO]: <King_Cat> prerendeeer
[15:24:59] [Server thread/INFO]: <King_Cat> prerendeeer
[15:25:00] [Server thread/INFO]: <King_Cat> prerendeeer
[15:25:01] [Server thread/INFO]: <King_Cat> prerendeeert
[15:25:01] [Server thread/INFO]: <King_Cat> prerendeeert
[15:25:01] [Server thread/INFO]: <King_Cat> prerendeeert
[15:25:02] [Server thread/INFO]: <King_Cat> prerendeeert
[15:25:02] [Server thread/INFO]: <King_Cat> prerendeeert
[15:25:02] [Server thread/INFO]: <King_Cat> prerendeeert
[15:25:02] [Server thread/INFO]: <King_Cat> prerendeeert
[15:25:03] [Server thread/INFO]: <King_Cat> prerendeeert
[15:25:03] [Server thread/INFO]: <King_Cat> prerendeeert
[15:25:03] [Server thread/INFO]: <King_Cat> prerendeeert
[15:25:03] [Server thread/INFO]: <King_Cat> prerendeeert
[15:25:04] [Server thread/INFO]: <King_Cat> prerendeeertt
[15:25:04] [Server thread/INFO]: <King_Cat> prerendeeertt
[15:25:04] [Server thread/INFO]: <King_Cat> prerendeeertt
[15:25:08] [Server thread/INFO]: <King_Cat> i fixxed it :D
[15:25:45] [Server thread/INFO]: King_Cat lost connection: Disconnected
[15:25:45] [Server thread/INFO]: King_Cat left the game
[15:42:54] [Server thread/INFO]: Stopping the server
[15:42:54] [Server thread/INFO]: Stopping server
[15:42:54] [Server thread/INFO]: Saving players
[15:42:54] [Server thread/INFO]: Saving worlds
[15:42:54] [Server thread/INFO]: Saving chunks for level 'world'/minecraft:the_nether
[15:42:54] [Server thread/INFO]: ThreadedAnvilChunkStorage (DIM-1): All chunks are saved
[15:42:54] [Server thread/INFO]: Saving chunks for level 'world'/minecraft:the_end
[15:42:54] [Server thread/INFO]: ThreadedAnvilChunkStorage (DIM1): All chunks are saved
[15:42:54] [Server thread/INFO]: Saving chunks for level 'world'/minecraft:overworld
[15:42:54] [Server thread/INFO]: ThreadedAnvilChunkStorage (world): All chunks are saved
[15:42:54] [Server thread/INFO]: ThreadedAnvilChunkStorage (DIM-1): All chunks are saved
[15:42:54] [Server thread/INFO]: ThreadedAnvilChunkStorage (DIM1): All chunks are saved
[15:42:54] [Server thread/INFO]: ThreadedAnvilChunkStorage (world): All chunks are saved
