[13:16:04] [main/WARN]: Ambiguity between arguments [teleport, destination] and [teleport, targets] with inputs: [Player, 0123, @e, dd12be42-52a9-4a91-a8a1-11c01849e498]
[13:16:04] [main/WARN]: Ambiguity between arguments [teleport, location] and [teleport, destination] with inputs: [0.1 -0.5 .9, 0 0 0]
[13:16:04] [main/WARN]: Ambiguity between arguments [teleport, location] and [teleport, targets] with inputs: [0.1 -0.5 .9, 0 0 0]
[13:16:04] [main/WARN]: Ambiguity between arguments [teleport, targets] and [teleport, destination] with inputs: [Player, 0123, dd12be42-52a9-4a91-a8a1-11c01849e498]
[13:16:04] [main/WARN]: Ambiguity between arguments [teleport, targets, location] and [teleport, targets, destination] with inputs: [0.1 -0.5 .9, 0 0 0]
[13:16:04] [Server thread/INFO]: Starting minecraft server version 1.15.2
[13:16:04] [Server thread/INFO]: Loading properties
[13:16:04] [Server thread/INFO]: Default game type: SURVIVAL
[13:16:04] [Server thread/INFO]: Generating keypair
[13:16:04] [Server thread/INFO]: Starting Minecraft server on *:25565
[13:16:04] [Server thread/INFO]: Using default channel type
[13:16:06] [Server thread/WARN]: **** SERVER IS RUNNING IN OFFLINE/INSECURE MODE!
[13:16:06] [Server thread/WARN]: The server will make no attempt to authenticate usernames. Beware.
[13:16:06] [Server thread/WARN]: While this makes the game possible to play without internet access, it also opens up the ability for hackers to connect with any username they choose.
[13:16:06] [Server thread/WARN]: To change this, set "online-mode" to "true" in the server.properties file.
[13:16:06] [Server thread/INFO]: Preparing level "world"
[13:16:06] [Server thread/INFO]: Reloading ResourceManager: Default, yert
[13:16:06] [Server thread/INFO]: Loaded 6 recipes
[13:16:07] [Server thread/INFO]: Loaded 1 custom command functions
[13:16:07] [Server thread/INFO]: Loaded 825 advancements
[13:16:07] [Server thread/INFO]: Preparing start region for dimension minecraft:overworld
[13:16:09] [Server thread/INFO]: Preparing spawn area: 0%
[13:16:09] [Server thread/INFO]: Preparing spawn area: 0%
[13:16:09] [Server thread/INFO]: Preparing spawn area: 0%
[13:16:09] [Server-Worker-6/INFO]: Preparing spawn area: 0%
[13:16:09] [Server thread/INFO]: Preparing spawn area: 64%
[13:16:09] [Server thread/INFO]: Time elapsed: 2093 ms
[13:16:09] [Server thread/INFO]: Done (3.777s)! For help, type "help"
[13:16:11] [Server thread/INFO]: King_Cat[/127.0.0.1:59729] logged in with entity id 242 at (218.05836718845916, 64.0, -117.81396239909978)
[13:16:11] [Server thread/INFO]: King_Cat joined the game
[13:16:24] [Server thread/INFO]: King_Cat lost connection: Disconnected
[13:16:24] [Server thread/INFO]: King_Cat left the game
[13:17:05] [Server thread/INFO]: Stopping the server
[13:17:05] [Server thread/INFO]: Stopping server
[13:17:05] [Server thread/INFO]: Saving players
[13:17:05] [Server thread/INFO]: Saving worlds
[13:17:05] [Server thread/INFO]: Saving chunks for level 'world'/minecraft:the_nether
[13:17:06] [Server thread/INFO]: ThreadedAnvilChunkStorage (DIM-1): All chunks are saved
[13:17:06] [Server thread/INFO]: Saving chunks for level 'world'/minecraft:overworld
[13:17:06] [Server thread/INFO]: ThreadedAnvilChunkStorage (world): All chunks are saved
[13:17:06] [Server thread/INFO]: Saving chunks for level 'world'/minecraft:the_end
[13:17:06] [Server thread/INFO]: ThreadedAnvilChunkStorage (DIM1): All chunks are saved
[13:17:06] [Server thread/INFO]: ThreadedAnvilChunkStorage (DIM-1): All chunks are saved
[13:17:06] [Server thread/INFO]: ThreadedAnvilChunkStorage (world): All chunks are saved
[13:17:07] [Server thread/INFO]: ThreadedAnvilChunkStorage (DIM1): All chunks are saved
