[21:07:36] [main/WARN]: Ambiguity between arguments [teleport, destination] and [teleport, targets] with inputs: [Player, 0123, @e, dd12be42-52a9-4a91-a8a1-11c01849e498]
[21:07:36] [main/WARN]: Ambiguity between arguments [teleport, location] and [teleport, destination] with inputs: [0.1 -0.5 .9, 0 0 0]
[21:07:36] [main/WARN]: Ambiguity between arguments [teleport, location] and [teleport, targets] with inputs: [0.1 -0.5 .9, 0 0 0]
[21:07:36] [main/WARN]: Ambiguity between arguments [teleport, targets] and [teleport, destination] with inputs: [Player, 0123, dd12be42-52a9-4a91-a8a1-11c01849e498]
[21:07:36] [main/WARN]: Ambiguity between arguments [teleport, targets, location] and [teleport, targets, destination] with inputs: [0.1 -0.5 .9, 0 0 0]
[21:07:36] [Server thread/INFO]: Starting minecraft server version 1.15.2
[21:07:36] [Server thread/INFO]: Loading properties
[21:07:36] [Server thread/INFO]: Default game type: SURVIVAL
[21:07:36] [Server thread/INFO]: Generating keypair
[21:07:36] [Server thread/INFO]: Starting Minecraft server on *:25565
[21:07:36] [Server thread/INFO]: Using default channel type
[21:07:37] [Server thread/INFO]: Preparing level "world"
[21:07:38] [Server thread/INFO]: Reloading ResourceManager: Default, yert
[21:07:38] [Server thread/INFO]: Loaded 6 recipes
[21:07:38] [Server thread/INFO]: Loaded 1 custom command functions
[21:07:38] [Server thread/INFO]: Loaded 825 advancements
[21:07:39] [Server thread/INFO]: Preparing start region for dimension minecraft:overworld
[21:07:41] [Server thread/INFO]: Preparing spawn area: 0%
[21:07:41] [Server thread/INFO]: Preparing spawn area: 0%
[21:07:41] [Server thread/INFO]: Preparing spawn area: 0%
[21:07:41] [Server-Worker-6/INFO]: Preparing spawn area: 0%
[21:07:41] [Server thread/INFO]: Preparing spawn area: 0%
[21:07:42] [Server thread/INFO]: Time elapsed: 2183 ms
[21:07:42] [Server thread/INFO]: Done (4.131s)! For help, type "help"
[21:09:48] [Server thread/INFO]: Stopping the server
[21:09:48] [Server thread/INFO]: Stopping server
[21:09:48] [Server thread/INFO]: Saving players
[21:09:48] [Server thread/INFO]: Saving worlds
[21:09:48] [Server thread/INFO]: Saving chunks for level 'world'/minecraft:the_nether
[21:09:48] [Server thread/INFO]: ThreadedAnvilChunkStorage (DIM-1): All chunks are saved
[21:09:48] [Server thread/INFO]: Saving chunks for level 'world'/minecraft:overworld
[21:09:49] [Server thread/INFO]: ThreadedAnvilChunkStorage (world): All chunks are saved
[21:09:49] [Server thread/INFO]: Saving chunks for level 'world'/minecraft:the_end
[21:09:49] [Server thread/INFO]: ThreadedAnvilChunkStorage (DIM1): All chunks are saved
[21:09:49] [Server thread/INFO]: ThreadedAnvilChunkStorage (DIM-1): All chunks are saved
[21:09:49] [Server thread/INFO]: ThreadedAnvilChunkStorage (world): All chunks are saved
[21:09:50] [Server thread/INFO]: ThreadedAnvilChunkStorage (DIM1): All chunks are saved
