[15:20:24] [main/WARN]: Ambiguity between arguments [teleport, destination] and [teleport, targets] with inputs: [Player, 0123, @e, dd12be42-52a9-4a91-a8a1-11c01849e498]
[15:20:24] [main/WARN]: Ambiguity between arguments [teleport, location] and [teleport, destination] with inputs: [0.1 -0.5 .9, 0 0 0]
[15:20:24] [main/WARN]: Ambiguity between arguments [teleport, location] and [teleport, targets] with inputs: [0.1 -0.5 .9, 0 0 0]
[15:20:24] [main/WARN]: Ambiguity between arguments [teleport, targets] and [teleport, destination] with inputs: [Player, 0123, dd12be42-52a9-4a91-a8a1-11c01849e498]
[15:20:24] [main/WARN]: Ambiguity between arguments [teleport, targets, location] and [teleport, targets, destination] with inputs: [0.1 -0.5 .9, 0 0 0]
[15:20:24] [Server thread/INFO]: Starting minecraft server version 1.15.2
[15:20:24] [Server thread/INFO]: Loading properties
[15:20:24] [Server thread/INFO]: Default game type: SURVIVAL
[15:20:24] [Server thread/INFO]: Generating keypair
[15:20:24] [Server thread/INFO]: Starting Minecraft server on *:25565
[15:20:24] [Server thread/INFO]: Using default channel type
[15:20:25] [Server thread/INFO]: Preparing level "world"
[15:20:25] [Server thread/INFO]: Reloading ResourceManager: Default, yert
[15:20:26] [Server thread/INFO]: Loaded 6 recipes
[15:20:26] [Server thread/INFO]: Loaded 1 custom command functions
[15:20:26] [Server thread/INFO]: Loaded 825 advancements
[15:20:27] [Server thread/INFO]: Preparing start region for dimension minecraft:overworld
[15:20:28] [Server thread/INFO]: Preparing spawn area: 0%
[15:20:28] [Server thread/INFO]: Preparing spawn area: 0%
[15:20:28] [Server thread/INFO]: Preparing spawn area: 0%
[15:20:29] [Server-Worker-7/INFO]: Preparing spawn area: 0%
[15:20:29] [Server-Worker-3/INFO]: Preparing spawn area: 0%
[15:20:29] [Server thread/INFO]: Preparing spawn area: 69%
[15:20:29] [Server thread/INFO]: Time elapsed: 2564 ms
[15:20:29] [Server thread/INFO]: Done (4.105s)! For help, type "help"
[15:21:47] [User Authenticator #1/INFO]: UUID of player King_Cat is e3087768-76b3-487d-987b-741694b3d97f
[15:21:47] [Server thread/INFO]: King_Cat[/127.0.0.1:63973] logged in with entity id 176 at (206.30736073214467, 70.12605946390342, -118.44820832323921)
[15:21:47] [Server thread/INFO]: King_Cat joined the game
[15:22:18] [Server thread/INFO]: King_Cat lost connection: Disconnected
[15:22:18] [Server thread/INFO]: King_Cat left the game
[15:22:39] [User Authenticator #2/INFO]: UUID of player King_Cat is e3087768-76b3-487d-987b-741694b3d97f
[15:22:39] [Server thread/INFO]: King_Cat[/127.0.0.1:63986] logged in with entity id 238 at (218.4805574610544, 63.0, -103.971832104187)
[15:22:39] [Server thread/INFO]: King_Cat joined the game
[15:24:44] [Server thread/INFO]: King_Cat lost connection: Disconnected
[15:24:44] [Server thread/INFO]: King_Cat left the game
[15:24:47] [User Authenticator #3/INFO]: UUID of player King_Cat is e3087768-76b3-487d-987b-741694b3d97f
[15:24:47] [Server thread/INFO]: King_Cat[/127.0.0.1:63995] logged in with entity id 643 at (194.61083832856448, 63.488837932361164, -122.7731335764005)
[15:24:47] [Server thread/INFO]: King_Cat joined the game
[15:24:50] [Server thread/INFO]: King_Cat lost connection: Disconnected
[15:24:50] [Server thread/INFO]: King_Cat left the game
[15:26:04] [User Authenticator #4/INFO]: UUID of player King_Cat is e3087768-76b3-487d-987b-741694b3d97f
[15:26:04] [Server thread/INFO]: King_Cat[/127.0.0.1:64012] logged in with entity id 651 at (194.84065476452164, 63.488837932361164, -121.30000001192093)
[15:26:04] [Server thread/INFO]: King_Cat joined the game
[15:26:27] [Server thread/INFO]: King_Cat lost connection: Disconnected
[15:26:27] [Server thread/INFO]: King_Cat left the game
[15:29:01] [User Authenticator #5/INFO]: UUID of player King_Cat is e3087768-76b3-487d-987b-741694b3d97f
[15:29:01] [Server thread/INFO]: King_Cat[/127.0.0.1:64103] logged in with entity id 704 at (176.41484734712606, 63.0, -106.30089116080543)
[15:29:01] [Server thread/INFO]: King_Cat joined the game
[15:29:16] [Server thread/INFO]: King_Cat lost connection: Disconnected
[15:29:16] [Server thread/INFO]: King_Cat left the game
[15:30:48] [User Authenticator #6/INFO]: UUID of player King_Cat is e3087768-76b3-487d-987b-741694b3d97f
[15:30:48] [Server thread/INFO]: King_Cat[/127.0.0.1:64160] logged in with entity id 875 at (169.94489102294173, 64.59563273362987, -85.63060383762726)
[15:30:48] [Server thread/INFO]: King_Cat joined the game
[15:31:16] [Server thread/INFO]: King_Cat lost connection: Disconnected
[15:31:16] [Server thread/INFO]: King_Cat left the game
[15:31:23] [User Authenticator #7/INFO]: UUID of player King_Cat is e3087768-76b3-487d-987b-741694b3d97f
[15:31:23] [Server thread/INFO]: King_Cat[/127.0.0.1:64187] logged in with entity id 945 at (183.30000001192093, 61.0, -120.30000001192093)
[15:31:23] [Server thread/INFO]: King_Cat joined the game
[15:32:00] [Server thread/INFO]: King_Cat lost connection: Disconnected
[15:32:00] [Server thread/INFO]: King_Cat left the game
[15:48:54] [User Authenticator #8/INFO]: UUID of player King_Cat is e3087768-76b3-487d-987b-741694b3d97f
[15:48:54] [Server thread/INFO]: King_Cat[/127.0.0.1:64643] logged in with entity id 1005 at (167.30000001192093, 62.0, -94.75635102535914)
[15:48:54] [Server thread/INFO]: King_Cat joined the game
[15:54:33] [Server thread/INFO]: King_Cat has made the advancement [Ol' Betsy]
[15:55:06] [Server thread/INFO]: [King_Cat: Removed every effect from Wandering Trader]
[15:55:53] [Server thread/INFO]: [King_Cat: Removed every effect from Wandering Trader]
[15:56:00] [Server thread/INFO]: [King_Cat: Set the time to 1000]
[16:05:24] [Server thread/INFO]: King_Cat lost connection: Disconnected
[16:05:24] [Server thread/INFO]: King_Cat left the game
[16:05:25] [User Authenticator #9/INFO]: UUID of player King_Cat is e3087768-76b3-487d-987b-741694b3d97f
[16:05:25] [Server thread/INFO]: King_Cat[/127.0.0.1:65439] logged in with entity id 3738 at (156.14621126961293, 65.0, -89.06090473047365)
[16:05:25] [Server thread/INFO]: King_Cat joined the game
[16:05:45] [Server thread/INFO]: King_Cat lost connection: Disconnected
[16:05:45] [Server thread/INFO]: King_Cat left the game
[16:05:47] [User Authenticator #10/INFO]: UUID of player King_Cat is e3087768-76b3-487d-987b-741694b3d97f
[16:05:47] [Server thread/INFO]: King_Cat[/127.0.0.1:65456] logged in with entity id 3761 at (156.27212565926666, 63.0, -92.84121729924637)
[16:05:47] [Server thread/INFO]: King_Cat joined the game
[16:05:57] [Server thread/INFO]: Stopping the server
[16:05:57] [Server thread/INFO]: Stopping server
[16:05:57] [Server thread/INFO]: Saving players
[16:05:57] [Server thread/INFO]: King_Cat lost connection: Disconnected
[16:05:57] [Server thread/INFO]: King_Cat left the game
[16:05:57] [Server thread/INFO]: Saving worlds
[16:05:57] [Server thread/INFO]: Saving chunks for level 'world'/minecraft:overworld
[16:05:58] [Server thread/INFO]: ThreadedAnvilChunkStorage (world): All chunks are saved
[16:05:58] [Server thread/INFO]: Saving chunks for level 'world'/minecraft:the_nether
[16:05:58] [Server thread/INFO]: ThreadedAnvilChunkStorage (DIM-1): All chunks are saved
[16:05:58] [Server thread/INFO]: Saving chunks for level 'world'/minecraft:the_end
[16:05:58] [Server thread/INFO]: ThreadedAnvilChunkStorage (DIM1): All chunks are saved
[16:05:58] [Server thread/INFO]: ThreadedAnvilChunkStorage (world): All chunks are saved
[16:05:58] [Server thread/INFO]: ThreadedAnvilChunkStorage (DIM-1): All chunks are saved
[16:05:58] [Server thread/INFO]: ThreadedAnvilChunkStorage (DIM1): All chunks are saved
