[21:41:21] [main/WARN]: Ambiguity between arguments [teleport, destination] and [teleport, targets] with inputs: [Player, 0123, @e, dd12be42-52a9-4a91-a8a1-11c01849e498]
[21:41:21] [main/WARN]: Ambiguity between arguments [teleport, location] and [teleport, destination] with inputs: [0.1 -0.5 .9, 0 0 0]
[21:41:21] [main/WARN]: Ambiguity between arguments [teleport, location] and [teleport, targets] with inputs: [0.1 -0.5 .9, 0 0 0]
[21:41:21] [main/WARN]: Ambiguity between arguments [teleport, targets] and [teleport, destination] with inputs: [Player, 0123, dd12be42-52a9-4a91-a8a1-11c01849e498]
[21:41:21] [main/WARN]: Ambiguity between arguments [teleport, targets, location] and [teleport, targets, destination] with inputs: [0.1 -0.5 .9, 0 0 0]
[21:41:21] [Server thread/INFO]: Starting minecraft server version 1.15.2
[21:41:21] [Server thread/INFO]: Loading properties
[21:41:21] [Server thread/INFO]: Default game type: SURVIVAL
[21:41:21] [Server thread/INFO]: Generating keypair
[21:41:21] [Server thread/INFO]: Starting Minecraft server on *:25565
[21:41:21] [Server thread/INFO]: Using default channel type
[21:41:22] [Server thread/INFO]: Preparing level "world"
[21:41:22] [Server thread/INFO]: Reloading ResourceManager: Default, yert
[21:41:22] [Server thread/INFO]: Loaded 6 recipes
[21:41:23] [Server thread/INFO]: Loaded 1 custom command functions
[21:41:23] [Server thread/INFO]: Loaded 825 advancements
[21:41:24] [Server thread/INFO]: Preparing start region for dimension minecraft:overworld
[21:41:25] [Server thread/INFO]: Preparing spawn area: 0%
[21:41:25] [Server thread/INFO]: Preparing spawn area: 0%
[21:41:25] [Server thread/INFO]: Preparing spawn area: 0%
[21:41:26] [User Authenticator #1/INFO]: UUID of player King_Cat is e3087768-76b3-487d-987b-741694b3d97f
[21:41:26] [Server-Worker-4/INFO]: Preparing spawn area: 0%
[21:41:26] [Server-Worker-1/INFO]: Preparing spawn area: 0%
[21:41:26] [Server-Worker-1/INFO]: Preparing spawn area: 0%
[21:41:27] [Server thread/INFO]: Time elapsed: 2941 ms
[21:41:27] [Server thread/INFO]: Done (4.991s)! For help, type "help"
[21:41:27] [Server thread/INFO]: King_Cat[/127.0.0.1:51127] logged in with entity id 309 at (188.91141298945877, 64.0, -65.22385813991819)
[21:41:27] [Server thread/INFO]: King_Cat joined the game
[21:41:53] [Server thread/INFO]: Stopping the server
[21:41:53] [Server thread/INFO]: Stopping server
[21:41:53] [Server thread/INFO]: Saving players
[21:41:53] [Server thread/INFO]: Saving worlds
[21:41:53] [Server thread/INFO]: Saving chunks for level 'world'/minecraft:the_nether
[21:41:53] [Server thread/INFO]: ThreadedAnvilChunkStorage (DIM-1): All chunks are saved
[21:41:53] [Server thread/INFO]: Saving chunks for level 'world'/minecraft:overworld
[21:41:54] [Server thread/INFO]: ThreadedAnvilChunkStorage (world): All chunks are saved
[21:41:54] [Server thread/INFO]: Saving chunks for level 'world'/minecraft:the_end
[21:41:54] [Server thread/INFO]: ThreadedAnvilChunkStorage (DIM1): All chunks are saved
[21:41:54] [Server thread/INFO]: ThreadedAnvilChunkStorage (DIM-1): All chunks are saved
[21:41:54] [Server thread/INFO]: ThreadedAnvilChunkStorage (world): All chunks are saved
[21:41:54] [Server thread/INFO]: ThreadedAnvilChunkStorage (DIM1): All chunks are saved
