[09:43:35] [main/WARN]: Ambiguity between arguments [teleport, destination] and [teleport, targets] with inputs: [Player, 0123, @e, dd12be42-52a9-4a91-a8a1-11c01849e498]
[09:43:35] [main/WARN]: Ambiguity between arguments [teleport, location] and [teleport, destination] with inputs: [0.1 -0.5 .9, 0 0 0]
[09:43:35] [main/WARN]: Ambiguity between arguments [teleport, location] and [teleport, targets] with inputs: [0.1 -0.5 .9, 0 0 0]
[09:43:35] [main/WARN]: Ambiguity between arguments [teleport, targets] and [teleport, destination] with inputs: [Player, 0123, dd12be42-52a9-4a91-a8a1-11c01849e498]
[09:43:35] [main/WARN]: Ambiguity between arguments [teleport, targets, location] and [teleport, targets, destination] with inputs: [0.1 -0.5 .9, 0 0 0]
[09:43:35] [Server thread/INFO]: Starting minecraft server version 1.15.2
[09:43:35] [Server thread/INFO]: Loading properties
[09:43:35] [Server thread/INFO]: Default game type: SURVIVAL
[09:43:35] [Server thread/INFO]: Generating keypair
[09:43:35] [Server thread/INFO]: Starting Minecraft server on *:25565
[09:43:35] [Server thread/INFO]: Using default channel type
[09:43:37] [Server thread/INFO]: Preparing level "world"
[09:43:37] [Server thread/INFO]: Reloading ResourceManager: Default, yert
[09:43:37] [Server thread/INFO]: Loaded 6 recipes
[09:43:38] [Server thread/INFO]: Loaded 1 custom command functions
[09:43:38] [Server thread/INFO]: Loaded 825 advancements
[09:43:40] [Server thread/INFO]: Preparing start region for dimension minecraft:overworld
[09:43:41] [Server thread/INFO]: Preparing spawn area: 0%
[09:43:41] [Server thread/INFO]: Preparing spawn area: 0%
[09:43:41] [Server thread/INFO]: Time elapsed: 867 ms
[09:43:41] [Server thread/INFO]: Done (4.158s)! For help, type "help"
[09:43:41] [Server thread/INFO]: Stopping the server
[09:43:41] [Server thread/INFO]: Stopping server
[09:43:41] [Server thread/INFO]: Saving players
[09:43:41] [Server thread/INFO]: Saving worlds
[09:43:41] [Server thread/INFO]: Saving chunks for level 'world'/minecraft:overworld
[09:43:42] [Server thread/INFO]: ThreadedAnvilChunkStorage (world): All chunks are saved
[09:43:42] [Server thread/INFO]: Saving chunks for level 'world'/minecraft:the_nether
[09:43:42] [Server thread/INFO]: ThreadedAnvilChunkStorage (DIM-1): All chunks are saved
[09:43:42] [Server thread/INFO]: Saving chunks for level 'world'/minecraft:the_end
[09:43:42] [Server thread/INFO]: ThreadedAnvilChunkStorage (DIM1): All chunks are saved
[09:43:42] [Server thread/INFO]: ThreadedAnvilChunkStorage (world): All chunks are saved
[09:43:42] [Server thread/INFO]: ThreadedAnvilChunkStorage (DIM-1): All chunks are saved
[09:43:42] [Server thread/INFO]: ThreadedAnvilChunkStorage (DIM1): All chunks are saved
