[20:26:50] [main/WARN]: Ambiguity between arguments [teleport, destination] and [teleport, targets] with inputs: [Player, 0123, @e, dd12be42-52a9-4a91-a8a1-11c01849e498]
[20:26:50] [main/WARN]: Ambiguity between arguments [teleport, location] and [teleport, destination] with inputs: [0.1 -0.5 .9, 0 0 0]
[20:26:50] [main/WARN]: Ambiguity between arguments [teleport, location] and [teleport, targets] with inputs: [0.1 -0.5 .9, 0 0 0]
[20:26:50] [main/WARN]: Ambiguity between arguments [teleport, targets] and [teleport, destination] with inputs: [Player, 0123, dd12be42-52a9-4a91-a8a1-11c01849e498]
[20:26:50] [main/WARN]: Ambiguity between arguments [teleport, targets, location] and [teleport, targets, destination] with inputs: [0.1 -0.5 .9, 0 0 0]
[20:26:50] [Server thread/INFO]: Starting minecraft server version 1.15.2
[20:26:50] [Server thread/INFO]: Loading properties
[20:26:50] [Server thread/INFO]: Default game type: SURVIVAL
[20:26:50] [Server thread/INFO]: Generating keypair
[20:26:50] [Server thread/INFO]: Starting Minecraft server on *:25565
[20:26:50] [Server thread/INFO]: Using default channel type
[20:26:51] [Server thread/WARN]: **** SERVER IS RUNNING IN OFFLINE/INSECURE MODE!
[20:26:51] [Server thread/WARN]: The server will make no attempt to authenticate usernames. Beware.
[20:26:51] [Server thread/WARN]: While this makes the game possible to play without internet access, it also opens up the ability for hackers to connect with any username they choose.
[20:26:51] [Server thread/WARN]: To change this, set "online-mode" to "true" in the server.properties file.
[20:26:51] [Server thread/INFO]: Preparing level "world"
[20:26:51] [Server thread/INFO]: Reloading ResourceManager: Default, yert
[20:26:52] [Server thread/INFO]: Loaded 6 recipes
[20:26:53] [Server thread/INFO]: Loaded 1 custom command functions
[20:26:53] [Server thread/INFO]: Loaded 825 advancements
[20:26:53] [Server thread/INFO]: Preparing start region for dimension minecraft:overworld
[20:26:55] [Server thread/INFO]: Preparing spawn area: 0%
[20:26:55] [Server thread/INFO]: Preparing spawn area: 0%
[20:26:55] [Server thread/INFO]: Preparing spawn area: 0%
[20:26:55] [Server-Worker-6/INFO]: Preparing spawn area: 0%
[20:26:55] [Server thread/INFO]: Time elapsed: 2036 ms
[20:26:55] [Server thread/INFO]: Done (4.075s)! For help, type "help"
[20:26:56] [Server thread/INFO]: Unknown command
[20:26:56] [Server thread/INFO]: <--[HERE]
[20:26:56] [Server thread/INFO]: Unknown command
[20:26:56] [Server thread/INFO]: <--[HERE]
[20:26:57] [Server thread/INFO]: Unknown command
[20:26:57] [Server thread/INFO]: when have kek and dave eaten ?<--[HERE]
[20:27:00] [Server thread/INFO]: Unknown command
[20:27:00] [Server thread/INFO]: shout hi<--[HERE]
[20:27:03] [Server thread/INFO]: [Server] BRO
[20:27:41] [Server thread/INFO]: Unknown command
[20:27:41] [Server thread/INFO]: yeff<--[HERE]
[20:27:57] [Server thread/INFO]: Stopping the server
[20:27:57] [Server thread/INFO]: Stopping server
[20:27:57] [Server thread/INFO]: Saving players
[20:27:57] [Server thread/INFO]: Saving worlds
[20:27:57] [Server thread/INFO]: Saving chunks for level 'world'/minecraft:overworld
[20:27:57] [Server thread/INFO]: ThreadedAnvilChunkStorage (world): All chunks are saved
[20:27:57] [Server thread/INFO]: Saving chunks for level 'world'/minecraft:the_nether
[20:27:57] [Server thread/INFO]: ThreadedAnvilChunkStorage (DIM-1): All chunks are saved
[20:27:57] [Server thread/INFO]: Saving chunks for level 'world'/minecraft:the_end
[20:27:57] [Server thread/INFO]: ThreadedAnvilChunkStorage (DIM1): All chunks are saved
[20:27:57] [Server thread/INFO]: ThreadedAnvilChunkStorage (world): All chunks are saved
[20:27:58] [Server thread/INFO]: ThreadedAnvilChunkStorage (DIM-1): All chunks are saved
[20:27:58] [Server thread/INFO]: ThreadedAnvilChunkStorage (DIM1): All chunks are saved
