[10:58:11] [main/WARN]: Ambiguity between arguments [teleport, destination] and [teleport, targets] with inputs: [Player, 0123, @e, dd12be42-52a9-4a91-a8a1-11c01849e498]
[10:58:11] [main/WARN]: Ambiguity between arguments [teleport, location] and [teleport, destination] with inputs: [0.1 -0.5 .9, 0 0 0]
[10:58:11] [main/WARN]: Ambiguity between arguments [teleport, location] and [teleport, targets] with inputs: [0.1 -0.5 .9, 0 0 0]
[10:58:11] [main/WARN]: Ambiguity between arguments [teleport, targets] and [teleport, destination] with inputs: [Player, 0123, dd12be42-52a9-4a91-a8a1-11c01849e498]
[10:58:11] [main/WARN]: Ambiguity between arguments [teleport, targets, location] and [teleport, targets, destination] with inputs: [0.1 -0.5 .9, 0 0 0]
[10:58:11] [Server thread/INFO]: Starting minecraft server version 1.15.2
[10:58:11] [Server thread/INFO]: Loading properties
[10:58:11] [Server thread/INFO]: Default game type: SURVIVAL
[10:58:11] [Server thread/INFO]: Generating keypair
[10:58:11] [Server thread/INFO]: Starting Minecraft server on *:25565
[10:58:11] [Server thread/INFO]: Using default channel type
[10:58:12] [Server thread/WARN]: **** SERVER IS RUNNING IN OFFLINE/INSECURE MODE!
[10:58:12] [Server thread/WARN]: The server will make no attempt to authenticate usernames. Beware.
[10:58:12] [Server thread/WARN]: While this makes the game possible to play without internet access, it also opens up the ability for hackers to connect with any username they choose.
[10:58:12] [Server thread/WARN]: To change this, set "online-mode" to "true" in the server.properties file.
[10:58:12] [Server thread/INFO]: Preparing level "world"
[10:58:13] [Server thread/INFO]: Reloading ResourceManager: Default, yert
[10:58:13] [Server thread/INFO]: Loaded 6 recipes
[10:58:13] [Server thread/INFO]: Loaded 1 custom command functions
[10:58:14] [Server thread/INFO]: Loaded 825 advancements
[10:58:14] [Server thread/INFO]: Preparing start region for dimension minecraft:overworld
[10:58:16] [Server thread/INFO]: Preparing spawn area: 0%
[10:58:16] [Server thread/INFO]: Preparing spawn area: 0%
[10:58:16] [Server thread/INFO]: Preparing spawn area: 0%
[10:58:16] [Server thread/INFO]: Preparing spawn area: 0%
[10:58:17] [Server-Worker-4/INFO]: Preparing spawn area: 0%
[10:58:17] [Server-Worker-7/INFO]: Preparing spawn area: 0%
[10:58:17] [Server thread/INFO]: Preparing spawn area: 0%
[10:58:18] [Server thread/INFO]: Time elapsed: 3276 ms
[10:58:18] [Server thread/INFO]: Done (5.098s)! For help, type "help"
[10:58:29] [Server thread/INFO]: Stopping the server
[10:58:29] [Server thread/INFO]: Stopping server
[10:58:29] [Server thread/INFO]: Saving players
[10:58:29] [Server thread/INFO]: Saving worlds
[10:58:29] [Server thread/INFO]: Saving chunks for level 'world'/minecraft:overworld
[10:58:30] [Server thread/INFO]: ThreadedAnvilChunkStorage (world): All chunks are saved
[10:58:30] [Server thread/INFO]: Saving chunks for level 'world'/minecraft:the_nether
[10:58:30] [Server thread/INFO]: ThreadedAnvilChunkStorage (DIM-1): All chunks are saved
[10:58:30] [Server thread/INFO]: Saving chunks for level 'world'/minecraft:the_end
[10:58:30] [Server thread/INFO]: ThreadedAnvilChunkStorage (DIM1): All chunks are saved
[10:58:30] [Server thread/INFO]: ThreadedAnvilChunkStorage (world): All chunks are saved
[10:58:30] [Server thread/INFO]: ThreadedAnvilChunkStorage (DIM-1): All chunks are saved
[10:58:30] [Server thread/INFO]: ThreadedAnvilChunkStorage (DIM1): All chunks are saved
