[16:06:24] [main/WARN]: Ambiguity between arguments [teleport, destination] and [teleport, targets] with inputs: [Player, 0123, @e, dd12be42-52a9-4a91-a8a1-11c01849e498]
[16:06:24] [main/WARN]: Ambiguity between arguments [teleport, location] and [teleport, destination] with inputs: [0.1 -0.5 .9, 0 0 0]
[16:06:24] [main/WARN]: Ambiguity between arguments [teleport, location] and [teleport, targets] with inputs: [0.1 -0.5 .9, 0 0 0]
[16:06:24] [main/WARN]: Ambiguity between arguments [teleport, targets] and [teleport, destination] with inputs: [Player, 0123, dd12be42-52a9-4a91-a8a1-11c01849e498]
[16:06:24] [main/WARN]: Ambiguity between arguments [teleport, targets, location] and [teleport, targets, destination] with inputs: [0.1 -0.5 .9, 0 0 0]
[16:06:24] [Server thread/INFO]: Starting minecraft server version 1.15.2
[16:06:24] [Server thread/INFO]: Loading properties
[16:06:24] [Server thread/INFO]: Default game type: SURVIVAL
[16:06:24] [Server thread/INFO]: Generating keypair
[16:06:24] [Server thread/INFO]: Starting Minecraft server on *:25565
[16:06:24] [Server thread/INFO]: Using default channel type
[16:06:27] [Server thread/INFO]: Preparing level "world"
[16:06:27] [Server thread/INFO]: Reloading ResourceManager: Default, yert
[16:06:27] [Server thread/INFO]: Loaded 6 recipes
[16:06:27] [Server thread/INFO]: Loaded 1 custom command functions
[16:06:28] [Server thread/INFO]: Loaded 825 advancements
[16:06:28] [Server thread/INFO]: Preparing start region for dimension minecraft:overworld
[16:06:29] [Server thread/INFO]: Preparing spawn area: 0%
[16:06:29] [Server thread/INFO]: Preparing spawn area: 0%
[16:06:29] [Server thread/INFO]: Preparing spawn area: 0%
[16:06:29] [Server thread/INFO]: Time elapsed: 1279 ms
[16:06:29] [Server thread/INFO]: Done (2.809s)! For help, type "help"
[16:06:31] [User Authenticator #1/INFO]: UUID of player King_Cat is e3087768-76b3-487d-987b-741694b3d97f
[16:06:31] [Server thread/INFO]: King_Cat[/127.0.0.1:65528] logged in with entity id 145 at (165.53244883450995, 63.0, -94.2584506107256)
[16:06:31] [Server thread/INFO]: King_Cat joined the game
[16:07:26] [Server thread/INFO]: King_Cat lost connection: Disconnected
[16:07:26] [Server thread/INFO]: King_Cat left the game
[16:07:28] [User Authenticator #2/INFO]: UUID of player King_Cat is e3087768-76b3-487d-987b-741694b3d97f
[16:07:28] [Server thread/INFO]: King_Cat[/127.0.0.1:49177] logged in with entity id 377 at (166.81324365736089, 63.0, -94.41920152578363)
[16:07:28] [Server thread/INFO]: King_Cat joined the game
[16:08:40] [Server thread/INFO]: King_Cat lost connection: Disconnected
[16:08:40] [Server thread/INFO]: King_Cat left the game
[16:08:41] [User Authenticator #3/INFO]: UUID of player King_Cat is e3087768-76b3-487d-987b-741694b3d97f
[16:08:42] [Server thread/INFO]: King_Cat[/127.0.0.1:49232] logged in with entity id 496 at (161.35805559797515, 63.0, -93.45889711379388)
[16:08:42] [Server thread/INFO]: King_Cat joined the game
[16:10:26] [Server thread/INFO]: King_Cat lost connection: Disconnected
[16:10:26] [Server thread/INFO]: King_Cat left the game
[16:11:56] [User Authenticator #4/INFO]: UUID of player King_Cat is e3087768-76b3-487d-987b-741694b3d97f
[16:11:56] [Server thread/INFO]: King_Cat[/127.0.0.1:49367] logged in with entity id 902 at (161.73614226955021, 63.0, -94.8161971818758)
[16:11:56] [Server thread/INFO]: King_Cat joined the game
[16:15:17] [Server thread/INFO]: King_Cat lost connection: Disconnected
[16:15:17] [Server thread/INFO]: King_Cat left the game
[16:15:19] [User Authenticator #5/INFO]: UUID of player King_Cat is e3087768-76b3-487d-987b-741694b3d97f
[16:15:19] [Server thread/INFO]: King_Cat[/127.0.0.1:49489] logged in with entity id 1381 at (161.69999998807907, 70.0, -82.12553872547845)
[16:15:19] [Server thread/INFO]: King_Cat joined the game
[16:15:43] [Server thread/INFO]: King_Cat lost connection: Disconnected
[16:15:43] [Server thread/INFO]: King_Cat left the game
[16:15:47] [User Authenticator #6/INFO]: UUID of player King_Cat is e3087768-76b3-487d-987b-741694b3d97f
[16:15:48] [Server thread/INFO]: King_Cat[/127.0.0.1:49510] logged in with entity id 1567 at (161.69999998807907, 79.0, -77.1000672289143)
[16:15:48] [Server thread/INFO]: King_Cat joined the game
[16:16:20] [Server thread/INFO]: King_Cat lost connection: Disconnected
[16:16:20] [Server thread/INFO]: King_Cat left the game
[16:16:21] [User Authenticator #7/INFO]: UUID of player King_Cat is e3087768-76b3-487d-987b-741694b3d97f
[16:16:21] [Server thread/INFO]: King_Cat[/127.0.0.1:49531] logged in with entity id 1666 at (219.6837192617632, 64.0, -121.68794965820453)
[16:16:21] [Server thread/INFO]: King_Cat joined the game
[16:19:16] [Server thread/INFO]: King_Cat lost connection: Disconnected
[16:19:16] [Server thread/INFO]: King_Cat left the game
[16:21:17] [User Authenticator #8/INFO]: UUID of player King_Cat is e3087768-76b3-487d-987b-741694b3d97f
[16:21:17] [Server thread/INFO]: King_Cat[/127.0.0.1:49782] logged in with entity id 2089 at (241.30177731666498, 65.0, -127.33728909901487)
[16:21:17] [Server thread/INFO]: King_Cat joined the game
[16:21:57] [Server thread/INFO]: King_Cat lost connection: Disconnected
[16:21:57] [Server thread/INFO]: King_Cat left the game
[16:22:02] [User Authenticator #9/INFO]: UUID of player King_Cat is e3087768-76b3-487d-987b-741694b3d97f
[16:22:02] [Server thread/INFO]: King_Cat[/127.0.0.1:49823] logged in with entity id 2436 at (274.2730080719518, 63.0, -174.26782691863326)
[16:22:02] [Server thread/INFO]: King_Cat joined the game
[16:23:31] [Server thread/INFO]: King_Cat lost connection: Disconnected
[16:23:31] [Server thread/INFO]: King_Cat left the game
[16:23:32] [User Authenticator #10/INFO]: UUID of player King_Cat is e3087768-76b3-487d-987b-741694b3d97f
[16:23:32] [Server thread/INFO]: King_Cat[/127.0.0.1:49877] logged in with entity id 2757 at (266.5402044764029, 63.0, -163.70210347959136)
[16:23:32] [Server thread/INFO]: King_Cat joined the game
[16:24:02] [Server thread/INFO]: King_Cat lost connection: Disconnected
[16:24:02] [Server thread/INFO]: King_Cat left the game
[16:24:29] [User Authenticator #11/INFO]: UUID of player King_Cat is e3087768-76b3-487d-987b-741694b3d97f
[16:24:29] [Server thread/INFO]: King_Cat[/127.0.0.1:49917] logged in with entity id 2797 at (267.2151624522429, 62.0, -168.69999998807907)
[16:24:29] [Server thread/INFO]: King_Cat joined the game
[16:26:57] [Server thread/INFO]: King_Cat lost connection: Disconnected
[16:26:57] [Server thread/INFO]: King_Cat left the game
[16:27:06] [User Authenticator #12/INFO]: UUID of player King_Cat is e3087768-76b3-487d-987b-741694b3d97f
[16:27:06] [Server thread/INFO]: King_Cat[/127.0.0.1:50011] logged in with entity id 3243 at (264.83242396652054, 63.0, -169.3125172163423)
[16:27:06] [Server thread/INFO]: King_Cat joined the game
[16:28:49] [Server thread/INFO]: King_Cat lost connection: Disconnected
[16:28:49] [Server thread/INFO]: King_Cat left the game
[16:29:17] [User Authenticator #13/INFO]: UUID of player King_Cat is e3087768-76b3-487d-987b-741694b3d97f
[16:29:17] [Server thread/INFO]: King_Cat[/127.0.0.1:50093] logged in with entity id 3591 at (264.5208936366619, 67.0, -170.18305674885468)
[16:29:17] [Server thread/INFO]: King_Cat joined the game
[16:30:57] [Server thread/INFO]: King_Cat lost connection: Disconnected
[16:30:57] [Server thread/INFO]: King_Cat left the game
[16:30:59] [User Authenticator #14/INFO]: UUID of player King_Cat is e3087768-76b3-487d-987b-741694b3d97f
[16:30:59] [Server thread/INFO]: King_Cat[/127.0.0.1:50160] logged in with entity id 3982 at (256.4307815357398, 63.0, -161.95412777413847)
[16:30:59] [Server thread/INFO]: King_Cat joined the game
[16:31:20] [Server thread/INFO]: King_Cat lost connection: Disconnected
[16:31:20] [Server thread/INFO]: King_Cat left the game
[16:31:30] [User Authenticator #15/INFO]: UUID of player King_Cat is e3087768-76b3-487d-987b-741694b3d97f
[16:31:30] [Server thread/INFO]: King_Cat[/127.0.0.1:50183] logged in with entity id 4005 at (256.4307815357398, 63.0, -161.95412777413847)
[16:31:30] [Server thread/INFO]: King_Cat joined the game
[16:31:47] [Server thread/INFO]: King_Cat lost connection: Disconnected
[16:31:47] [Server thread/INFO]: King_Cat left the game
[16:34:32] [User Authenticator #16/INFO]: UUID of player King_Cat is e3087768-76b3-487d-987b-741694b3d97f
[16:34:32] [Server thread/INFO]: King_Cat[/127.0.0.1:50299] logged in with entity id 4045 at (253.51923581717992, 71.6693123248203, -148.65430105249524)
[16:34:32] [Server thread/INFO]: King_Cat joined the game
[16:34:42] [Server thread/INFO]: King_Cat lost connection: Disconnected
[16:34:42] [Server thread/INFO]: King_Cat left the game
[16:34:43] [User Authenticator #17/INFO]: UUID of player King_Cat is e3087768-76b3-487d-987b-741694b3d97f
[16:34:43] [Server thread/INFO]: King_Cat[/127.0.0.1:50310] logged in with entity id 4063 at (253.51923581717992, 71.6693123248203, -148.65430105249524)
[16:34:43] [Server thread/INFO]: King_Cat joined the game
[16:35:30] [Server thread/INFO]: King_Cat lost connection: Disconnected
[16:35:30] [Server thread/INFO]: King_Cat left the game
[16:35:31] [User Authenticator #18/INFO]: UUID of player King_Cat is e3087768-76b3-487d-987b-741694b3d97f
[16:35:31] [Server thread/INFO]: King_Cat[/127.0.0.1:50345] logged in with entity id 4124 at (253.51923581717992, 71.6693123248203, -148.65430105249524)
[16:35:31] [Server thread/INFO]: King_Cat joined the game
[16:36:17] [Server thread/INFO]: King_Cat lost connection: Disconnected
[16:36:17] [Server thread/INFO]: King_Cat left the game
[16:40:22] [User Authenticator #19/INFO]: UUID of player King_Cat is e3087768-76b3-487d-987b-741694b3d97f
[16:40:22] [Server thread/INFO]: King_Cat[/127.0.0.1:50513] logged in with entity id 4461 at (255.9847907848552, 64.0, -167.9884713263071)
[16:40:22] [Server thread/INFO]: King_Cat joined the game
[16:40:26] [Server thread/INFO]: King_Cat lost connection: Disconnected
[16:40:26] [Server thread/INFO]: King_Cat left the game
[16:40:27] [User Authenticator #20/INFO]: UUID of player King_Cat is e3087768-76b3-487d-987b-741694b3d97f
[16:40:27] [Server thread/INFO]: King_Cat[/127.0.0.1:50521] logged in with entity id 4468 at (255.9847907848552, 64.0, -167.9884713263071)
[16:40:27] [Server thread/INFO]: King_Cat joined the game
[16:40:31] [Server thread/INFO]: King_Cat lost connection: Disconnected
[16:40:31] [Server thread/INFO]: King_Cat left the game
[16:41:39] [User Authenticator #21/INFO]: UUID of player King_Cat is e3087768-76b3-487d-987b-741694b3d97f
[16:41:39] [Server thread/INFO]: King_Cat[/127.0.0.1:50567] logged in with entity id 4477 at (256.81168453075543, 64.0, -167.8109593730203)
[16:41:39] [Server thread/INFO]: King_Cat joined the game
[16:41:46] [Server thread/INFO]: King_Cat lost connection: Disconnected
[16:41:46] [Server thread/INFO]: King_Cat left the game
[16:42:05] [User Authenticator #22/INFO]: UUID of player King_Cat is e3087768-76b3-487d-987b-741694b3d97f
[16:42:05] [Server thread/INFO]: King_Cat[/127.0.0.1:50598] logged in with entity id 4496 at (262.9399109400754, 63.0, -163.39604093930305)
[16:42:05] [Server thread/INFO]: King_Cat joined the game
[16:42:31] [Server thread/INFO]: King_Cat lost connection: Disconnected
[16:42:31] [Server thread/INFO]: King_Cat left the game
[16:42:32] [User Authenticator #23/INFO]: UUID of player King_Cat is e3087768-76b3-487d-987b-741694b3d97f
[16:42:32] [Server thread/INFO]: King_Cat[/127.0.0.1:50619] logged in with entity id 4538 at (264.4543403325719, 63.0, -151.0793062449237)
[16:42:32] [Server thread/INFO]: King_Cat joined the game
[16:45:47] [Server thread/INFO]: [King_Cat: Set own game mode to Survival Mode]
[16:47:11] [Server thread/INFO]: King_Cat was shot by King_Cat
[16:47:18] [Server thread/INFO]: [King_Cat: Set own game mode to Creative Mode]
[16:47:45] [Server thread/INFO]: King_Cat lost connection: Disconnected
[16:47:45] [Server thread/INFO]: King_Cat left the game
[17:17:53] [User Authenticator #24/INFO]: UUID of player King_Cat is e3087768-76b3-487d-987b-741694b3d97f
[17:17:53] [Server thread/INFO]: King_Cat[/127.0.0.1:51689] logged in with entity id 5564 at (201.30000001192093, 61.0, -124.26552426579245)
[17:17:53] [Server thread/INFO]: King_Cat joined the game
[17:21:18] [Server thread/INFO]: King_Cat lost connection: Disconnected
[17:21:18] [Server thread/INFO]: King_Cat left the game
[17:21:19] [User Authenticator #25/INFO]: UUID of player King_Cat is e3087768-76b3-487d-987b-741694b3d97f
[17:21:19] [Server thread/INFO]: King_Cat[/127.0.0.1:51829] logged in with entity id 6193 at (201.30000001192093, 61.0, -124.26552426579245)
[17:21:19] [Server thread/INFO]: King_Cat joined the game
[17:22:02] [Server thread/INFO]: [King_Cat: Set own game mode to Survival Mode]
[17:22:52] [Server thread/INFO]: King_Cat lost connection: Disconnected
[17:22:52] [Server thread/INFO]: King_Cat left the game
[17:23:49] [User Authenticator #26/INFO]: UUID of player King_Cat is e3087768-76b3-487d-987b-741694b3d97f
[17:23:49] [Server thread/INFO]: King_Cat[/127.0.0.1:51923] logged in with entity id 6365 at (187.80686276643178, 64.0, -122.88922239002743)
[17:23:49] [Server thread/INFO]: King_Cat joined the game
[17:26:23] [Server thread/INFO]: King_Cat lost connection: Disconnected
[17:26:23] [Server thread/INFO]: King_Cat left the game
[17:26:24] [User Authenticator #27/INFO]: UUID of player King_Cat is e3087768-76b3-487d-987b-741694b3d97f
[17:26:24] [Server thread/INFO]: King_Cat[/127.0.0.1:52001] logged in with entity id 6892 at (220.82204915516954, 62.31924871131336, -97.52584682164326)
[17:26:24] [Server thread/INFO]: King_Cat joined the game
[17:26:58] [Server thread/INFO]: King_Cat lost connection: Disconnected
[17:26:58] [Server thread/INFO]: King_Cat left the game
[17:26:59] [User Authenticator #28/INFO]: UUID of player King_Cat is e3087768-76b3-487d-987b-741694b3d97f
[17:26:59] [Server thread/INFO]: King_Cat[/127.0.0.1:52024] logged in with entity id 6948 at (208.69999998807907, 63.0, -73.1859357126863)
[17:26:59] [Server thread/INFO]: King_Cat joined the game
[17:27:09] [Server thread/INFO]: [King_Cat: Set own game mode to Creative Mode]
[17:33:05] [Server thread/INFO]: King_Cat lost connection: Disconnected
[17:33:05] [Server thread/INFO]: King_Cat left the game
[17:33:06] [User Authenticator #29/INFO]: UUID of player King_Cat is e3087768-76b3-487d-987b-741694b3d97f
[17:33:06] [Server thread/INFO]: King_Cat[/127.0.0.1:52231] logged in with entity id 7865 at (176.80249946614325, 64.0, -121.02103576321534)
[17:33:06] [Server thread/INFO]: King_Cat joined the game
[18:28:11] [Server thread/INFO]: King_Cat lost connection: Disconnected
[18:28:11] [Server thread/INFO]: King_Cat left the game
[18:28:15] [User Authenticator #30/INFO]: UUID of player King_Cat is e3087768-76b3-487d-987b-741694b3d97f
[18:28:15] [Server thread/INFO]: King_Cat[/127.0.0.1:53843] logged in with entity id 16027 at (201.49562233206092, 61.0, -122.23870926937586)
[18:28:15] [Server thread/INFO]: King_Cat joined the game
[18:28:27] [Server thread/INFO]: King_Cat lost connection: Disconnected
[18:28:27] [Server thread/INFO]: King_Cat left the game
[18:29:22] [User Authenticator #31/INFO]: UUID of player King_Cat is e3087768-76b3-487d-987b-741694b3d97f
[18:29:22] [Server thread/INFO]: King_Cat[/127.0.0.1:53888] logged in with entity id 16043 at (196.13006532226842, 63.0, -117.98937592325584)
[18:29:22] [Server thread/INFO]: King_Cat joined the game
[18:40:32] [Server thread/INFO]: King_Cat lost connection: Disconnected
[18:40:32] [Server thread/INFO]: King_Cat left the game
[18:40:36] [User Authenticator #32/INFO]: UUID of player King_Cat is e3087768-76b3-487d-987b-741694b3d97f
[18:40:36] [Server thread/INFO]: King_Cat[/127.0.0.1:54217] logged in with entity id 17777 at (196.13006532226842, 63.0, -117.98937592325584)
[18:40:36] [Server thread/INFO]: King_Cat joined the game
[18:42:03] [Server thread/INFO]: King_Cat lost connection: Disconnected
[18:42:03] [Server thread/INFO]: King_Cat left the game
[18:43:30] [User Authenticator #33/INFO]: UUID of player King_Cat is e3087768-76b3-487d-987b-741694b3d97f
[18:43:30] [Server thread/INFO]: King_Cat[/127.0.0.1:54321] logged in with entity id 17906 at (186.37225921850086, 61.0, -120.40410652799245)
[18:43:30] [Server thread/INFO]: King_Cat joined the game
[18:43:40] [Server thread/INFO]: King_Cat lost connection: Disconnected
[18:43:40] [Server thread/INFO]: King_Cat left the game
[18:43:42] [User Authenticator #34/INFO]: UUID of player King_Cat is e3087768-76b3-487d-987b-741694b3d97f
[18:43:43] [Server thread/INFO]: King_Cat[/127.0.0.1:54333] logged in with entity id 17929 at (176.55892301538762, 64.0, -119.3133275367717)
[18:43:43] [Server thread/INFO]: King_Cat joined the game
[19:06:37] [Server thread/INFO]: King_Cat lost connection: Disconnected
[19:06:37] [Server thread/INFO]: King_Cat left the game
[19:06:38] [User Authenticator #35/INFO]: UUID of player King_Cat is e3087768-76b3-487d-987b-741694b3d97f
[19:06:38] [Server thread/INFO]: King_Cat[/127.0.0.1:54995] logged in with entity id 21675 at (184.2724799275914, 62.20474116711829, -114.41631724398061)
[19:06:38] [Server thread/INFO]: King_Cat joined the game
[19:09:01] [Server thread/INFO]: [King_Cat: Set own game mode to Survival Mode]
[19:15:45] [Server thread/INFO]: King_Cat lost connection: Disconnected
[19:15:45] [Server thread/INFO]: King_Cat left the game
[19:16:58] [User Authenticator #36/INFO]: UUID of player King_Cat is e3087768-76b3-487d-987b-741694b3d97f
[19:16:58] [Server thread/INFO]: King_Cat[/127.0.0.1:55302] logged in with entity id 23087 at (202.9567086414106, 63.0, -117.69999998807907)
[19:16:58] [Server thread/INFO]: King_Cat joined the game
[19:17:10] [Server thread/INFO]: [King_Cat: Set own game mode to Creative Mode]
[19:22:05] [Server thread/INFO]: King_Cat lost connection: Disconnected
[19:22:05] [Server thread/INFO]: King_Cat left the game
[19:22:12] [User Authenticator #37/INFO]: UUID of player King_Cat is e3087768-76b3-487d-987b-741694b3d97f
[19:22:12] [Server thread/INFO]: King_Cat[/127.0.0.1:55484] logged in with entity id 24061 at (177.36099173685884, 64.0, -114.27270736514261)
[19:22:12] [Server thread/INFO]: King_Cat joined the game
[19:22:14] [Server thread/INFO]: King_Cat lost connection: Disconnected
[19:22:14] [Server thread/INFO]: King_Cat left the game
[19:22:17] [User Authenticator #38/INFO]: UUID of player King_Cat is e3087768-76b3-487d-987b-741694b3d97f
[19:22:17] [Server thread/INFO]: King_Cat[/127.0.0.1:55493] logged in with entity id 24065 at (177.36099173685884, 64.0, -114.27270736514261)
[19:22:17] [Server thread/INFO]: King_Cat joined the game
[19:22:19] [Server thread/INFO]: King_Cat lost connection: Disconnected
[19:22:19] [Server thread/INFO]: King_Cat left the game
[19:22:24] [User Authenticator #39/INFO]: UUID of player King_Cat is e3087768-76b3-487d-987b-741694b3d97f
[19:22:24] [Server thread/INFO]: King_Cat[/127.0.0.1:55500] logged in with entity id 24066 at (177.36099173685884, 64.0, -114.27270736514261)
[19:22:24] [Server thread/INFO]: King_Cat joined the game
[19:22:34] [Server thread/INFO]: King_Cat lost connection: Disconnected
[19:22:34] [Server thread/INFO]: King_Cat left the game
[19:22:39] [User Authenticator #40/INFO]: UUID of player King_Cat is e3087768-76b3-487d-987b-741694b3d97f
[19:22:39] [Server thread/INFO]: King_Cat[/127.0.0.1:55522] logged in with entity id 24090 at (204.69999998807907, 63.0, -119.44010838579204)
[19:22:39] [Server thread/INFO]: King_Cat joined the game
[19:31:38] [Server thread/INFO]: Stopping the server
[19:31:38] [Server thread/INFO]: Stopping server
[19:31:38] [Server thread/INFO]: Saving players
[19:31:38] [Server thread/INFO]: King_Cat lost connection: Server closed
[19:31:38] [Server thread/INFO]: King_Cat left the game
[19:31:38] [Server thread/INFO]: Saving worlds
[19:31:38] [Server thread/INFO]: Saving chunks for level 'world'/minecraft:the_nether
[19:31:38] [Server thread/INFO]: ThreadedAnvilChunkStorage (DIM-1): All chunks are saved
[19:31:38] [Server thread/INFO]: Saving chunks for level 'world'/minecraft:overworld
[19:31:38] [Server thread/INFO]: ThreadedAnvilChunkStorage (world): All chunks are saved
[19:31:38] [Server thread/INFO]: Saving chunks for level 'world'/minecraft:the_end
[19:31:38] [Server thread/INFO]: ThreadedAnvilChunkStorage (DIM1): All chunks are saved
[19:31:38] [Server thread/INFO]: ThreadedAnvilChunkStorage (DIM-1): All chunks are saved
[19:31:38] [Server thread/INFO]: ThreadedAnvilChunkStorage (world): All chunks are saved
[19:31:38] [Server thread/INFO]: ThreadedAnvilChunkStorage (DIM1): All chunks are saved
