[09:36:09] [main/WARN]: Ambiguity between arguments [teleport, destination] and [teleport, targets] with inputs: [Player, 0123, @e, dd12be42-52a9-4a91-a8a1-11c01849e498]
[09:36:09] [main/WARN]: Ambiguity between arguments [teleport, location] and [teleport, destination] with inputs: [0.1 -0.5 .9, 0 0 0]
[09:36:09] [main/WARN]: Ambiguity between arguments [teleport, location] and [teleport, targets] with inputs: [0.1 -0.5 .9, 0 0 0]
[09:36:09] [main/WARN]: Ambiguity between arguments [teleport, targets] and [teleport, destination] with inputs: [Player, 0123, dd12be42-52a9-4a91-a8a1-11c01849e498]
[09:36:09] [main/WARN]: Ambiguity between arguments [teleport, targets, location] and [teleport, targets, destination] with inputs: [0.1 -0.5 .9, 0 0 0]
[09:36:09] [Server thread/INFO]: Starting minecraft server version 1.15.2
[09:36:09] [Server thread/INFO]: Loading properties
[09:36:09] [Server thread/INFO]: Default game type: SURVIVAL
[09:36:09] [Server thread/INFO]: Generating keypair
[09:36:10] [Server thread/INFO]: Starting Minecraft server on *:25565
[09:36:10] [Server thread/INFO]: Using default channel type
[09:36:11] [Server thread/INFO]: Preparing level "world"
[09:36:11] [Server thread/INFO]: Reloading ResourceManager: Default, yert
[09:36:12] [Server thread/INFO]: Loaded 6 recipes
[09:36:12] [Server thread/INFO]: Loaded 1 custom command functions
[09:36:12] [Server thread/INFO]: Loaded 825 advancements
[09:36:13] [Server thread/INFO]: Preparing start region for dimension minecraft:overworld
[09:36:14] [Server thread/INFO]: Preparing spawn area: 0%
[09:36:14] [Server thread/INFO]: Preparing spawn area: 0%
[09:36:14] [Server thread/INFO]: Preparing spawn area: 0%
[09:36:15] [Server-Worker-4/INFO]: Preparing spawn area: 0%
[09:36:15] [Server thread/INFO]: Time elapsed: 1922 ms
[09:36:15] [Server thread/INFO]: Done (3.744s)! For help, type "help"
[09:36:21] [Server thread/INFO]: Stopping the server
[09:36:21] [Server thread/INFO]: Stopping server
[09:36:21] [Server thread/INFO]: Saving players
[09:36:21] [Server thread/INFO]: Saving worlds
[09:36:21] [Server thread/INFO]: Saving chunks for level 'world'/minecraft:overworld
[09:36:21] [Server thread/INFO]: ThreadedAnvilChunkStorage (world): All chunks are saved
[09:36:21] [Server thread/INFO]: Saving chunks for level 'world'/minecraft:the_nether
[09:36:21] [Server thread/INFO]: ThreadedAnvilChunkStorage (DIM-1): All chunks are saved
[09:36:21] [Server thread/INFO]: Saving chunks for level 'world'/minecraft:the_end
[09:36:21] [Server thread/INFO]: ThreadedAnvilChunkStorage (DIM1): All chunks are saved
[09:36:21] [Server thread/INFO]: ThreadedAnvilChunkStorage (world): All chunks are saved
[09:36:22] [Server thread/INFO]: ThreadedAnvilChunkStorage (DIM-1): All chunks are saved
[09:36:22] [Server thread/INFO]: ThreadedAnvilChunkStorage (DIM1): All chunks are saved
