[10:36:06] [main/WARN]: Ambiguity between arguments [teleport, destination] and [teleport, targets] with inputs: [Player, 0123, @e, dd12be42-52a9-4a91-a8a1-11c01849e498]
[10:36:06] [main/WARN]: Ambiguity between arguments [teleport, location] and [teleport, destination] with inputs: [0.1 -0.5 .9, 0 0 0]
[10:36:06] [main/WARN]: Ambiguity between arguments [teleport, location] and [teleport, targets] with inputs: [0.1 -0.5 .9, 0 0 0]
[10:36:06] [main/WARN]: Ambiguity between arguments [teleport, targets] and [teleport, destination] with inputs: [Player, 0123, dd12be42-52a9-4a91-a8a1-11c01849e498]
[10:36:06] [main/WARN]: Ambiguity between arguments [teleport, targets, location] and [teleport, targets, destination] with inputs: [0.1 -0.5 .9, 0 0 0]
[10:36:06] [Server thread/INFO]: Starting minecraft server version 1.15.2
[10:36:06] [Server thread/INFO]: Loading properties
[10:36:06] [Server thread/INFO]: Default game type: SURVIVAL
[10:36:06] [Server thread/INFO]: Generating keypair
[10:36:06] [Server thread/INFO]: Starting Minecraft server on *:25565
[10:36:06] [Server thread/INFO]: Using default channel type
[10:36:07] [Server thread/WARN]: **** SERVER IS RUNNING IN OFFLINE/INSECURE MODE!
[10:36:07] [Server thread/WARN]: The server will make no attempt to authenticate usernames. Beware.
[10:36:07] [Server thread/WARN]: While this makes the game possible to play without internet access, it also opens up the ability for hackers to connect with any username they choose.
[10:36:07] [Server thread/WARN]: To change this, set "online-mode" to "true" in the server.properties file.
[10:36:07] [Server thread/INFO]: Preparing level "world"
[10:36:07] [Server thread/INFO]: Reloading ResourceManager: Default, yert
[10:36:08] [Server thread/INFO]: Loaded 6 recipes
[10:36:08] [Server thread/INFO]: Loaded 1 custom command functions
[10:36:09] [Server thread/INFO]: Loaded 825 advancements
[10:36:09] [Server thread/INFO]: Preparing start region for dimension minecraft:overworld
[10:36:11] [Server thread/INFO]: Preparing spawn area: 0%
[10:36:11] [Server thread/INFO]: Preparing spawn area: 0%
[10:36:11] [Server thread/INFO]: Preparing spawn area: 0%
[10:36:11] [Server thread/INFO]: Preparing spawn area: 0%
[10:36:11] [Server thread/INFO]: Preparing spawn area: 72%
[10:36:11] [Server thread/INFO]: Time elapsed: 2041 ms
[10:36:11] [Server thread/INFO]: Done (3.992s)! For help, type "help"
[10:36:12] [Server thread/INFO]: King_Cat[/127.0.0.1:58059] logged in with entity id 170 at (213.5, 71.0, -41.5)
[10:36:12] [Server thread/INFO]: King_Cat joined the game
[10:40:49] [Server thread/INFO]: King_Cat lost connection: Disconnected
[10:40:49] [Server thread/INFO]: King_Cat left the game
[11:21:54] [Server thread/INFO]: King_Cat[/127.0.0.1:58221] logged in with entity id 837 at (211.21353314113767, 60.0, -80.30000001192093)
[11:21:54] [Server thread/INFO]: King_Cat joined the game
[11:22:18] [Server thread/INFO]: [King_Cat: Set own game mode to Survival Mode]
[11:23:11] [Server thread/INFO]: [King_Cat: Set own game mode to Creative Mode]
[11:24:11] [Server thread/INFO]: [King_Cat: Changed the block at 211, 60, -84]
[11:24:19] [Server thread/INFO]: [King_Cat: Changed the block at 215, 64, -82]
[11:24:29] [Server thread/INFO]: [King_Cat: Changed the block at 214, 64, -81]
[11:24:31] [Server thread/INFO]: [King_Cat: Changed the block at 215, 64, -80]
[11:24:35] [Server thread/INFO]: [King_Cat: Changed the block at 215, 64, -82]
[11:24:36] [Server thread/INFO]: [King_Cat: Changed the block at 215, 64, -82]
[11:24:36] [Server thread/INFO]: [King_Cat: Changed the block at 215, 64, -82]
[11:24:37] [Server thread/INFO]: [King_Cat: Changed the block at 215, 64, -82]
[11:24:37] [Server thread/INFO]: [King_Cat: Changed the block at 215, 64, -82]
[11:24:37] [Server thread/INFO]: [King_Cat: Changed the block at 215, 64, -82]
[11:24:45] [Server thread/INFO]: [King_Cat: Gave 1 [Command Block] to King_Cat]
[11:25:17] [Server thread/INFO]: Stopping the server
[11:25:17] [Server thread/INFO]: Stopping server
[11:25:17] [Server thread/INFO]: Saving players
[11:25:17] [Server thread/INFO]: King_Cat lost connection: Server closed
[11:25:17] [Server thread/INFO]: King_Cat left the game
[11:25:17] [Server thread/INFO]: Saving worlds
[11:25:17] [Server thread/INFO]: Saving chunks for level 'world'/minecraft:overworld
[11:25:18] [Server thread/INFO]: ThreadedAnvilChunkStorage (world): All chunks are saved
[11:25:18] [Server thread/INFO]: Saving chunks for level 'world'/minecraft:the_nether
[11:25:18] [Server thread/INFO]: ThreadedAnvilChunkStorage (DIM-1): All chunks are saved
[11:25:18] [Server thread/INFO]: Saving chunks for level 'world'/minecraft:the_end
[11:25:18] [Server thread/INFO]: ThreadedAnvilChunkStorage (DIM1): All chunks are saved
[11:25:18] [Server thread/INFO]: ThreadedAnvilChunkStorage (world): All chunks are saved
[11:25:18] [Server thread/INFO]: ThreadedAnvilChunkStorage (DIM-1): All chunks are saved
[11:25:18] [Server thread/INFO]: ThreadedAnvilChunkStorage (DIM1): All chunks are saved
