[18:03:10] [main/WARN]: Ambiguity between arguments [teleport, destination] and [teleport, targets] with inputs: [Player, 0123, @e, dd12be42-52a9-4a91-a8a1-11c01849e498]
[18:03:10] [main/WARN]: Ambiguity between arguments [teleport, location] and [teleport, destination] with inputs: [0.1 -0.5 .9, 0 0 0]
[18:03:10] [main/WARN]: Ambiguity between arguments [teleport, location] and [teleport, targets] with inputs: [0.1 -0.5 .9, 0 0 0]
[18:03:10] [main/WARN]: Ambiguity between arguments [teleport, targets] and [teleport, destination] with inputs: [Player, 0123, dd12be42-52a9-4a91-a8a1-11c01849e498]
[18:03:10] [main/WARN]: Ambiguity between arguments [teleport, targets, location] and [teleport, targets, destination] with inputs: [0.1 -0.5 .9, 0 0 0]
[18:03:10] [Server thread/INFO]: Starting minecraft server version 1.15.2
[18:03:10] [Server thread/INFO]: Loading properties
[18:03:10] [Server thread/INFO]: Default game type: SURVIVAL
[18:03:10] [Server thread/INFO]: Generating keypair
[18:03:11] [Server thread/INFO]: Starting Minecraft server on *:25565
[18:03:11] [Server thread/INFO]: Using default channel type
[18:03:11] [Server thread/WARN]: **** SERVER IS RUNNING IN OFFLINE/INSECURE MODE!
[18:03:11] [Server thread/WARN]: The server will make no attempt to authenticate usernames. Beware.
[18:03:11] [Server thread/WARN]: While this makes the game possible to play without internet access, it also opens up the ability for hackers to connect with any username they choose.
[18:03:11] [Server thread/WARN]: To change this, set "online-mode" to "true" in the server.properties file.
[18:03:11] [Server thread/INFO]: Preparing level "world"
[18:03:11] [Server thread/INFO]: Reloading ResourceManager: Default, yert
[18:03:12] [Server thread/INFO]: Loaded 6 recipes
[18:03:12] [Server thread/INFO]: Loaded 1 custom command functions
[18:03:12] [Server thread/INFO]: Loaded 825 advancements
[18:03:13] [Server thread/INFO]: Preparing start region for dimension minecraft:overworld
[18:03:14] [Server thread/INFO]: Preparing spawn area: 0%
[18:03:14] [Server thread/INFO]: Preparing spawn area: 0%
[18:03:14] [Server thread/INFO]: Preparing spawn area: 0%
[18:03:15] [Server thread/INFO]: Preparing spawn area: 0%
[18:03:16] [Server-Worker-3/INFO]: Preparing spawn area: 0%
[18:03:16] [Server-Worker-7/INFO]: Preparing spawn area: 0%
[18:03:16] [Server thread/INFO]: Time elapsed: 2839 ms
[18:03:16] [Server thread/INFO]: Done (4.642s)! For help, type "help"
[18:04:45] [Server thread/INFO]: Stopping the server
[18:04:45] [Server thread/INFO]: Stopping server
[18:04:45] [Server thread/INFO]: Saving players
[18:04:45] [Server thread/INFO]: Saving worlds
[18:04:45] [Server thread/INFO]: Saving chunks for level 'world'/minecraft:overworld
[18:04:45] [Server thread/INFO]: ThreadedAnvilChunkStorage (world): All chunks are saved
[18:04:45] [Server thread/INFO]: Saving chunks for level 'world'/minecraft:the_nether
[18:04:45] [Server thread/INFO]: ThreadedAnvilChunkStorage (DIM-1): All chunks are saved
[18:04:45] [Server thread/INFO]: Saving chunks for level 'world'/minecraft:the_end
[18:04:45] [Server thread/INFO]: ThreadedAnvilChunkStorage (DIM1): All chunks are saved
[18:04:45] [Server thread/INFO]: ThreadedAnvilChunkStorage (world): All chunks are saved
[18:04:46] [Server thread/INFO]: ThreadedAnvilChunkStorage (DIM-1): All chunks are saved
[18:04:46] [Server thread/INFO]: ThreadedAnvilChunkStorage (DIM1): All chunks are saved
