[19:33:12] [main/WARN]: Ambiguity between arguments [teleport, destination] and [teleport, targets] with inputs: [Player, 0123, @e, dd12be42-52a9-4a91-a8a1-11c01849e498]
[19:33:12] [main/WARN]: Ambiguity between arguments [teleport, location] and [teleport, destination] with inputs: [0.1 -0.5 .9, 0 0 0]
[19:33:12] [main/WARN]: Ambiguity between arguments [teleport, location] and [teleport, targets] with inputs: [0.1 -0.5 .9, 0 0 0]
[19:33:12] [main/WARN]: Ambiguity between arguments [teleport, targets] and [teleport, destination] with inputs: [Player, 0123, dd12be42-52a9-4a91-a8a1-11c01849e498]
[19:33:12] [main/WARN]: Ambiguity between arguments [teleport, targets, location] and [teleport, targets, destination] with inputs: [0.1 -0.5 .9, 0 0 0]
[19:33:12] [Server thread/INFO]: Starting minecraft server version 1.15.2
[19:33:12] [Server thread/INFO]: Loading properties
[19:33:12] [Server thread/INFO]: Default game type: SURVIVAL
[19:33:12] [Server thread/INFO]: Generating keypair
[19:33:12] [Server thread/INFO]: Starting Minecraft server on *:25565
[19:33:12] [Server thread/INFO]: Using default channel type
[19:33:13] [Server thread/WARN]: **** SERVER IS RUNNING IN OFFLINE/INSECURE MODE!
[19:33:13] [Server thread/WARN]: The server will make no attempt to authenticate usernames. Beware.
[19:33:13] [Server thread/WARN]: While this makes the game possible to play without internet access, it also opens up the ability for hackers to connect with any username they choose.
[19:33:13] [Server thread/WARN]: To change this, set "online-mode" to "true" in the server.properties file.
[19:33:13] [Server thread/INFO]: Preparing level "world"
[19:33:13] [Server thread/INFO]: Reloading ResourceManager: Default, yert
[19:33:14] [Server thread/INFO]: Loaded 6 recipes
[19:33:14] [Server thread/INFO]: Loaded 1 custom command functions
[19:33:14] [Server thread/INFO]: Loaded 825 advancements
[19:33:15] [Server thread/INFO]: Preparing start region for dimension minecraft:overworld
[19:33:16] [Server thread/INFO]: Preparing spawn area: 0%
[19:33:16] [Server thread/INFO]: Preparing spawn area: 0%
[19:33:16] [Server thread/INFO]: Preparing spawn area: 0%
[19:33:17] [Server-Worker-4/INFO]: Preparing spawn area: 0%
[19:33:17] [Server-Worker-5/INFO]: Preparing spawn area: 0%
[19:33:17] [Server thread/INFO]: Preparing spawn area: 0%
[19:33:18] [Server thread/INFO]: Time elapsed: 2721 ms
[19:33:18] [Server thread/INFO]: Done (4.457s)! For help, type "help"
[19:33:37] [Server thread/INFO]: Stopping the server
[19:33:37] [Server thread/INFO]: Stopping server
[19:33:37] [Server thread/INFO]: Saving players
[19:33:37] [Server thread/INFO]: Saving worlds
[19:33:37] [Server thread/INFO]: Saving chunks for level 'world'/minecraft:overworld
[19:33:37] [Server thread/INFO]: ThreadedAnvilChunkStorage (world): All chunks are saved
[19:33:37] [Server thread/INFO]: Saving chunks for level 'world'/minecraft:the_nether
[19:33:37] [Server thread/INFO]: ThreadedAnvilChunkStorage (DIM-1): All chunks are saved
[19:33:37] [Server thread/INFO]: Saving chunks for level 'world'/minecraft:the_end
[19:33:37] [Server thread/INFO]: ThreadedAnvilChunkStorage (DIM1): All chunks are saved
[19:33:37] [Server thread/INFO]: ThreadedAnvilChunkStorage (world): All chunks are saved
[19:33:38] [Server thread/INFO]: ThreadedAnvilChunkStorage (DIM-1): All chunks are saved
[19:33:38] [Server thread/INFO]: ThreadedAnvilChunkStorage (DIM1): All chunks are saved
