[12:48:09] [main/WARN]: Ambiguity between arguments [teleport, destination] and [teleport, targets] with inputs: [Player, 0123, @e, dd12be42-52a9-4a91-a8a1-11c01849e498]
[12:48:09] [main/WARN]: Ambiguity between arguments [teleport, location] and [teleport, destination] with inputs: [0.1 -0.5 .9, 0 0 0]
[12:48:09] [main/WARN]: Ambiguity between arguments [teleport, location] and [teleport, targets] with inputs: [0.1 -0.5 .9, 0 0 0]
[12:48:09] [main/WARN]: Ambiguity between arguments [teleport, targets] and [teleport, destination] with inputs: [Player, 0123, dd12be42-52a9-4a91-a8a1-11c01849e498]
[12:48:09] [main/WARN]: Ambiguity between arguments [teleport, targets, location] and [teleport, targets, destination] with inputs: [0.1 -0.5 .9, 0 0 0]
[12:48:09] [Server thread/INFO]: Starting minecraft server version 1.15.2
[12:48:09] [Server thread/INFO]: Loading properties
[12:48:09] [Server thread/INFO]: Default game type: SURVIVAL
[12:48:09] [Server thread/INFO]: Generating keypair
[12:48:09] [Server thread/INFO]: Starting Minecraft server on *:25565
[12:48:09] [Server thread/INFO]: Using default channel type
[12:48:10] [Server thread/INFO]: Preparing level "world"
[12:48:11] [Server thread/INFO]: Reloading ResourceManager: Default, yert
[12:48:11] [Server thread/INFO]: Loaded 6 recipes
[12:48:11] [Server thread/INFO]: Loaded 1 custom command functions
[12:48:11] [Server thread/INFO]: Loaded 825 advancements
[12:48:12] [Server thread/INFO]: Preparing start region for dimension minecraft:overworld
[12:48:13] [Server thread/INFO]: Preparing spawn area: 0%
[12:48:13] [Server thread/INFO]: Preparing spawn area: 0%
[12:48:13] [Server thread/INFO]: Preparing spawn area: 0%
[12:48:14] [Server-Worker-6/INFO]: Preparing spawn area: 0%
[12:48:14] [Server-Worker-4/INFO]: Preparing spawn area: 0%
[12:48:14] [Server thread/INFO]: Time elapsed: 2368 ms
[12:48:14] [Server thread/INFO]: Done (3.995s)! For help, type "help"
[12:48:20] [User Authenticator #1/INFO]: UUID of player King_Cat is e3087768-76b3-487d-987b-741694b3d97f
[12:48:20] [Server thread/INFO]: King_Cat[/127.0.0.1:62926] logged in with entity id 251 at (219.88635306230023, 65.0, -106.27216436431786)
[12:48:20] [Server thread/INFO]: King_Cat joined the game
[12:48:27] [Server thread/INFO]: Removed King_Cat from the whitelist
[12:48:27] [Server thread/INFO]: King_Cat lost connection: You are not white-listed on this server!
[12:48:27] [Server thread/INFO]: King_Cat left the game
[12:48:32] [Server thread/INFO]: Whitelist is now turned off
[12:48:34] [User Authenticator #2/INFO]: UUID of player King_Cat is e3087768-76b3-487d-987b-741694b3d97f
[12:48:34] [Server thread/INFO]: King_Cat[/127.0.0.1:62930] logged in with entity id 270 at (218.40199957063524, 64.0, -119.89402324097306)
[12:48:34] [Server thread/INFO]: King_Cat joined the game
[12:48:42] [Server thread/INFO]: King_Cat lost connection: Disconnected
[12:48:42] [Server thread/INFO]: King_Cat left the game
[12:48:44] [Server thread/INFO]: Whitelist is now turned on
[12:48:46] [User Authenticator #3/INFO]: UUID of player King_Cat is e3087768-76b3-487d-987b-741694b3d97f
[12:48:46] [Server thread/INFO]: Disconnecting com.mojang.authlib.GameProfile@28ce299d[id=e3087768-76b3-487d-987b-741694b3d97f,name=King_Cat,properties={textures=[com.mojang.authlib.properties.Property@308e9e63]},legacy=false] (/127.0.0.1:62938): You are not white-listed on this server!
[12:48:46] [Server thread/INFO]: com.mojang.authlib.GameProfile@28ce299d[id=e3087768-76b3-487d-987b-741694b3d97f,name=King_Cat,properties={textures=[com.mojang.authlib.properties.Property@308e9e63]},legacy=false] (/127.0.0.1:62938) lost connection: You are not white-listed on this server!
[12:48:49] [Server thread/INFO]: Added King_Cat to the whitelist
[12:48:52] [User Authenticator #4/INFO]: UUID of player King_Cat is e3087768-76b3-487d-987b-741694b3d97f
[12:48:52] [Server thread/INFO]: King_Cat[/127.0.0.1:62941] logged in with entity id 284 at (215.23808674215852, 64.0, -121.4196956786318)
[12:48:52] [Server thread/INFO]: King_Cat joined the game
[12:48:54] [Server thread/INFO]: Kicked King_Cat: Kicked by an operator
[12:48:54] [Server thread/INFO]: King_Cat lost connection: Kicked by an operator
[12:48:54] [Server thread/INFO]: King_Cat left the game
[12:48:55] [Server thread/INFO]: Removed King_Cat from the whitelist
[12:48:56] [Server thread/INFO]: Whitelist is now turned off
[12:48:58] [User Authenticator #5/INFO]: UUID of player King_Cat is e3087768-76b3-487d-987b-741694b3d97f
[12:48:59] [Server thread/INFO]: King_Cat[/127.0.0.1:62944] logged in with entity id 288 at (214.87647389186162, 64.0, -120.18434057528987)
[12:48:59] [Server thread/INFO]: King_Cat joined the game
[12:49:00] [Server thread/INFO]: Whitelist is already turned off
[12:49:00] [Server thread/INFO]: Whitelist is now turned on
[12:49:00] [Server thread/INFO]: King_Cat lost connection: You are not white-listed on this server!
[12:49:00] [Server thread/INFO]: King_Cat left the game
[12:49:07] [Server thread/INFO]: Whitelist is now turned off
[12:49:22] [Server thread/INFO]: Unbanned PumkinSpic3
[12:49:46] [Server thread/INFO]: Stopping the server
[12:49:46] [Server thread/INFO]: Stopping server
[12:49:46] [Server thread/INFO]: Saving players
[12:49:46] [Server thread/INFO]: Saving worlds
[12:49:46] [Server thread/INFO]: Saving chunks for level 'world'/minecraft:overworld
[12:49:47] [Server thread/INFO]: ThreadedAnvilChunkStorage (world): All chunks are saved
[12:49:47] [Server thread/INFO]: Saving chunks for level 'world'/minecraft:the_nether
[12:49:47] [Server thread/INFO]: ThreadedAnvilChunkStorage (DIM-1): All chunks are saved
[12:49:47] [Server thread/INFO]: Saving chunks for level 'world'/minecraft:the_end
[12:49:47] [Server thread/INFO]: ThreadedAnvilChunkStorage (DIM1): All chunks are saved
[12:49:47] [Server thread/INFO]: ThreadedAnvilChunkStorage (world): All chunks are saved
[12:49:47] [Server thread/INFO]: ThreadedAnvilChunkStorage (DIM-1): All chunks are saved
[12:49:47] [Server thread/INFO]: ThreadedAnvilChunkStorage (DIM1): All chunks are saved
