[10:57:53] [main/WARN]: Ambiguity between arguments [teleport, destination] and [teleport, targets] with inputs: [Player, 0123, @e, dd12be42-52a9-4a91-a8a1-11c01849e498]
[10:57:53] [main/WARN]: Ambiguity between arguments [teleport, location] and [teleport, destination] with inputs: [0.1 -0.5 .9, 0 0 0]
[10:57:53] [main/WARN]: Ambiguity between arguments [teleport, location] and [teleport, targets] with inputs: [0.1 -0.5 .9, 0 0 0]
[10:57:53] [main/WARN]: Ambiguity between arguments [teleport, targets] and [teleport, destination] with inputs: [Player, 0123, dd12be42-52a9-4a91-a8a1-11c01849e498]
[10:57:53] [main/WARN]: Ambiguity between arguments [teleport, targets, location] and [teleport, targets, destination] with inputs: [0.1 -0.5 .9, 0 0 0]
[10:57:53] [Server thread/INFO]: Starting minecraft server version 1.15.2
[10:57:53] [Server thread/INFO]: Loading properties
[10:57:53] [Server thread/INFO]: Default game type: SURVIVAL
[10:57:53] [Server thread/INFO]: Generating keypair
[10:57:53] [Server thread/INFO]: Starting Minecraft server on *:25565
[10:57:53] [Server thread/INFO]: Using default channel type
[10:57:54] [Server thread/INFO]: Preparing level "world"
[10:57:54] [Server thread/INFO]: Reloading ResourceManager: Default, yert
[10:57:55] [Server thread/INFO]: Loaded 6 recipes
[10:57:55] [Server thread/INFO]: Loaded 1 custom command functions
[10:57:55] [Server thread/INFO]: Loaded 825 advancements
[10:57:56] [Server thread/INFO]: Preparing start region for dimension minecraft:overworld
[10:57:57] [Server thread/INFO]: Preparing spawn area: 0%
[10:57:57] [Server thread/INFO]: Preparing spawn area: 0%
[10:57:57] [Server thread/INFO]: Preparing spawn area: 0%
[10:57:57] [Server thread/INFO]: Preparing spawn area: 20%
[10:57:57] [Server thread/INFO]: Time elapsed: 1659 ms
[10:57:57] [Server thread/INFO]: Done (3.143s)! For help, type "help"
[10:58:08] [User Authenticator #1/INFO]: UUID of player King_Cat is e3087768-76b3-487d-987b-741694b3d97f
[10:58:08] [Server thread/INFO]: Disconnecting com.mojang.authlib.GameProfile@5b728881[id=e3087768-76b3-487d-987b-741694b3d97f,name=King_Cat,properties={textures=[com.mojang.authlib.properties.Property@597c7b75]},legacy=false] (/127.0.0.1:64370): You are not white-listed on this server!
[10:58:08] [Server thread/INFO]: com.mojang.authlib.GameProfile@5b728881[id=e3087768-76b3-487d-987b-741694b3d97f,name=King_Cat,properties={textures=[com.mojang.authlib.properties.Property@597c7b75]},legacy=false] (/127.0.0.1:64370) lost connection: You are not white-listed on this server!
[10:58:11] [Server thread/INFO]: Whitelist is now turned off
[10:58:15] [User Authenticator #2/INFO]: UUID of player King_Cat is e3087768-76b3-487d-987b-741694b3d97f
[10:58:16] [Server thread/INFO]: King_Cat[/127.0.0.1:64374] logged in with entity id 222 at (214.87647389186162, 64.0, -120.18434057528987)
[10:58:16] [Server thread/INFO]: King_Cat joined the game
[10:59:46] [Server thread/INFO]: Made King_Cat a server operator
[10:59:52] [Server thread/INFO]: [King_Cat: Set own game mode to Survival Mode]
[11:05:24] [Server thread/INFO]: [King_Cat: Set own game mode to Creative Mode]
[11:05:33] [Server thread/INFO]: Added King_Cat to the whitelist
[11:05:45] [Server thread/INFO]: Banned PumkinSpic3: Banned by an operator.
[11:06:09] [Server thread/INFO]: King_Cat lost connection: Disconnected
[11:06:09] [Server thread/INFO]: King_Cat left the game
[11:07:08] [Server thread/INFO]: Stopping the server
[11:07:08] [Server thread/INFO]: Stopping server
[11:07:08] [Server thread/INFO]: Saving players
[11:07:08] [Server thread/INFO]: Saving worlds
[11:07:08] [Server thread/INFO]: Saving chunks for level 'world'/minecraft:overworld
[11:07:08] [Server thread/INFO]: ThreadedAnvilChunkStorage (world): All chunks are saved
[11:07:08] [Server thread/INFO]: Saving chunks for level 'world'/minecraft:the_nether
[11:07:08] [Server thread/INFO]: ThreadedAnvilChunkStorage (DIM-1): All chunks are saved
[11:07:08] [Server thread/INFO]: Saving chunks for level 'world'/minecraft:the_end
[11:07:08] [Server thread/INFO]: ThreadedAnvilChunkStorage (DIM1): All chunks are saved
[11:07:08] [Server thread/INFO]: ThreadedAnvilChunkStorage (world): All chunks are saved
[11:07:08] [Server thread/INFO]: ThreadedAnvilChunkStorage (DIM-1): All chunks are saved
[11:07:08] [Server thread/INFO]: ThreadedAnvilChunkStorage (DIM1): All chunks are saved
