[12:15:02] [main/WARN]: Ambiguity between arguments [teleport, destination] and [teleport, targets] with inputs: [Player, 0123, @e, dd12be42-52a9-4a91-a8a1-11c01849e498]
[12:15:02] [main/WARN]: Ambiguity between arguments [teleport, location] and [teleport, destination] with inputs: [0.1 -0.5 .9, 0 0 0]
[12:15:02] [main/WARN]: Ambiguity between arguments [teleport, location] and [teleport, targets] with inputs: [0.1 -0.5 .9, 0 0 0]
[12:15:02] [main/WARN]: Ambiguity between arguments [teleport, targets] and [teleport, destination] with inputs: [Player, 0123, dd12be42-52a9-4a91-a8a1-11c01849e498]
[12:15:02] [main/WARN]: Ambiguity between arguments [teleport, targets, location] and [teleport, targets, destination] with inputs: [0.1 -0.5 .9, 0 0 0]
[12:15:02] [Server thread/INFO]: Starting minecraft server version 1.15.2
[12:15:02] [Server thread/INFO]: Loading properties
[12:15:02] [Server thread/INFO]: Default game type: SURVIVAL
[12:15:02] [Server thread/INFO]: Generating keypair
[12:15:03] [Server thread/INFO]: Starting Minecraft server on *:25565
[12:15:03] [Server thread/INFO]: Using default channel type
[12:15:03] [Server thread/WARN]: **** SERVER IS RUNNING IN OFFLINE/INSECURE MODE!
[12:15:03] [Server thread/WARN]: The server will make no attempt to authenticate usernames. Beware.
[12:15:03] [Server thread/WARN]: While this makes the game possible to play without internet access, it also opens up the ability for hackers to connect with any username they choose.
[12:15:03] [Server thread/WARN]: To change this, set "online-mode" to "true" in the server.properties file.
[12:15:03] [Server thread/INFO]: Preparing level "world"
[12:15:04] [Server thread/INFO]: Reloading ResourceManager: Default, yert
[12:15:04] [Server thread/INFO]: Loaded 6 recipes
[12:15:05] [Server thread/INFO]: Loaded 1 custom command functions
[12:15:05] [Server thread/INFO]: Loaded 825 advancements
[12:15:05] [Server thread/INFO]: Preparing start region for dimension minecraft:overworld
[12:15:06] [Server thread/INFO]: Preparing spawn area: 0%
[12:15:06] [Server thread/INFO]: Preparing spawn area: 0%
[12:15:06] [Server thread/INFO]: Preparing spawn area: 0%
[12:15:07] [Server-Worker-5/INFO]: Preparing spawn area: 0%
[12:15:07] [Server-Worker-1/INFO]: Preparing spawn area: 0%
[12:15:08] [Server thread/INFO]: Time elapsed: 2502 ms
[12:15:08] [Server thread/INFO]: Done (4.187s)! For help, type "help"
[12:15:08] [Server thread/INFO]: Stopping the server
[12:15:08] [Server thread/INFO]: Stopping server
[12:15:08] [Server thread/INFO]: Saving players
[12:15:08] [Server thread/INFO]: Saving worlds
[12:15:08] [Server thread/INFO]: Saving chunks for level 'world'/minecraft:overworld
[12:15:08] [Server thread/INFO]: ThreadedAnvilChunkStorage (world): All chunks are saved
[12:15:08] [Server thread/INFO]: Saving chunks for level 'world'/minecraft:the_nether
[12:15:08] [Server thread/INFO]: ThreadedAnvilChunkStorage (DIM-1): All chunks are saved
[12:15:08] [Server thread/INFO]: Saving chunks for level 'world'/minecraft:the_end
[12:15:08] [Server thread/INFO]: ThreadedAnvilChunkStorage (DIM1): All chunks are saved
[12:15:08] [Server thread/INFO]: ThreadedAnvilChunkStorage (world): All chunks are saved
[12:15:09] [Server thread/INFO]: ThreadedAnvilChunkStorage (DIM-1): All chunks are saved
[12:15:09] [Server thread/INFO]: ThreadedAnvilChunkStorage (DIM1): All chunks are saved
