[12:43:35] [main/WARN]: Ambiguity between arguments [teleport, destination] and [teleport, targets] with inputs: [Player, 0123, @e, dd12be42-52a9-4a91-a8a1-11c01849e498]
[12:43:35] [main/WARN]: Ambiguity between arguments [teleport, location] and [teleport, destination] with inputs: [0.1 -0.5 .9, 0 0 0]
[12:43:35] [main/WARN]: Ambiguity between arguments [teleport, location] and [teleport, targets] with inputs: [0.1 -0.5 .9, 0 0 0]
[12:43:35] [main/WARN]: Ambiguity between arguments [teleport, targets] and [teleport, destination] with inputs: [Player, 0123, dd12be42-52a9-4a91-a8a1-11c01849e498]
[12:43:35] [main/WARN]: Ambiguity between arguments [teleport, targets, location] and [teleport, targets, destination] with inputs: [0.1 -0.5 .9, 0 0 0]
[12:43:35] [Server thread/INFO]: Starting minecraft server version 1.15.2
[12:43:35] [Server thread/INFO]: Loading properties
[12:43:35] [Server thread/INFO]: Default game type: SURVIVAL
[12:43:35] [Server thread/INFO]: Generating keypair
[12:43:35] [Server thread/INFO]: Starting Minecraft server on *:25565
[12:43:35] [Server thread/INFO]: Using default channel type
[12:43:36] [Server thread/INFO]: Preparing level "world"
[12:43:36] [Server thread/INFO]: Reloading ResourceManager: Default, yert
[12:43:37] [Server thread/INFO]: Loaded 6 recipes
[12:43:37] [Server thread/INFO]: Loaded 1 custom command functions
[12:43:37] [Server thread/INFO]: Loaded 825 advancements
[12:43:38] [Server thread/INFO]: Preparing start region for dimension minecraft:overworld
[12:43:39] [Server thread/INFO]: Preparing spawn area: 0%
[12:43:39] [Server thread/INFO]: Preparing spawn area: 0%
[12:43:39] [Server thread/INFO]: Preparing spawn area: 0%
[12:43:40] [Server-Worker-6/INFO]: Preparing spawn area: 0%
[12:43:40] [Server-Worker-6/INFO]: Preparing spawn area: 0%
[12:43:40] [Server thread/INFO]: Time elapsed: 2414 ms
[12:43:40] [Server thread/INFO]: Done (4.199s)! For help, type "help"
[12:43:42] [User Authenticator #1/INFO]: UUID of player King_Cat is e3087768-76b3-487d-987b-741694b3d97f
[12:43:42] [Server thread/INFO]: King_Cat[/127.0.0.1:62774] logged in with entity id 147 at (213.31697113346695, 62.0, -112.69999998807907)
[12:43:42] [Server thread/INFO]: King_Cat joined the game
[12:43:48] [Server thread/INFO]: [King_Cat: Whitelist is now turned on]
[12:43:52] [Server thread/INFO]: [King_Cat: Whitelist is now turned off]
[12:44:19] [Server thread/INFO]: [King_Cat: Whitelist is now turned on]
[12:44:20] [Server thread/INFO]: Whitelist is now turned off
[12:44:21] [Server thread/INFO]: Whitelist is now turned on
[12:44:24] [Server thread/INFO]: Made King_Cat no longer a server operator
[12:44:30] [Server thread/INFO]: Whitelist is now turned off
[12:44:31] [Server thread/INFO]: Whitelist is now turned on
[12:44:33] [Server thread/INFO]: King_Cat lost connection: Disconnected
[12:44:33] [Server thread/INFO]: King_Cat left the game
[12:44:34] [User Authenticator #2/INFO]: UUID of player King_Cat is e3087768-76b3-487d-987b-741694b3d97f
[12:44:34] [Server thread/INFO]: Disconnecting com.mojang.authlib.GameProfile@fd2f57[id=e3087768-76b3-487d-987b-741694b3d97f,name=King_Cat,properties={textures=[com.mojang.authlib.properties.Property@690933d8]},legacy=false] (/127.0.0.1:62781): You are not white-listed on this server!
[12:44:34] [Server thread/INFO]: com.mojang.authlib.GameProfile@fd2f57[id=e3087768-76b3-487d-987b-741694b3d97f,name=King_Cat,properties={textures=[com.mojang.authlib.properties.Property@690933d8]},legacy=false] (/127.0.0.1:62781) lost connection: You are not white-listed on this server!
[12:44:35] [Server thread/INFO]: Whitelist is now turned off
[12:44:37] [User Authenticator #3/INFO]: UUID of player King_Cat is e3087768-76b3-487d-987b-741694b3d97f
[12:44:37] [Server thread/INFO]: King_Cat[/127.0.0.1:62785] logged in with entity id 202 at (198.09527782590254, 64.0, -65.12400334630547)
[12:44:37] [Server thread/INFO]: King_Cat joined the game
[12:44:50] [Server thread/INFO]: Whitelist is now turned on
[12:44:52] [Server thread/INFO]: King_Cat lost connection: Disconnected
[12:44:52] [Server thread/INFO]: King_Cat left the game
[12:44:53] [User Authenticator #4/INFO]: UUID of player King_Cat is e3087768-76b3-487d-987b-741694b3d97f
[12:44:53] [Server thread/INFO]: Disconnecting com.mojang.authlib.GameProfile@5537357c[id=e3087768-76b3-487d-987b-741694b3d97f,name=King_Cat,properties={textures=[com.mojang.authlib.properties.Property@57cea9ab]},legacy=false] (/127.0.0.1:62789): You are not white-listed on this server!
[12:44:53] [Server thread/INFO]: com.mojang.authlib.GameProfile@5537357c[id=e3087768-76b3-487d-987b-741694b3d97f,name=King_Cat,properties={textures=[com.mojang.authlib.properties.Property@57cea9ab]},legacy=false] (/127.0.0.1:62789) lost connection: You are not white-listed on this server!
[12:44:58] [Server thread/INFO]: That player does not exist
[12:45:00] [Server thread/INFO]: Added King_Cat to the whitelist
[12:45:03] [User Authenticator #5/INFO]: UUID of player King_Cat is e3087768-76b3-487d-987b-741694b3d97f
[12:45:03] [Server thread/INFO]: King_Cat[/127.0.0.1:62794] logged in with entity id 244 at (225.69999998807907, 63.0, -92.94844024799539)
[12:45:03] [Server thread/INFO]: King_Cat joined the game
[12:45:08] [Server thread/INFO]: Whitelist is now turned off
[12:45:10] [Server thread/INFO]: Whitelist is now turned on
[12:45:13] [Server thread/INFO]: King_Cat lost connection: Disconnected
[12:45:13] [Server thread/INFO]: King_Cat left the game
[12:45:50] [Server thread/INFO]: Stopping the server
[12:45:50] [Server thread/INFO]: Stopping server
[12:45:50] [Server thread/INFO]: Saving players
[12:45:50] [Server thread/INFO]: Saving worlds
[12:45:50] [Server thread/INFO]: Saving chunks for level 'world'/minecraft:overworld
[12:45:51] [Server thread/INFO]: ThreadedAnvilChunkStorage (world): All chunks are saved
[12:45:51] [Server thread/INFO]: Saving chunks for level 'world'/minecraft:the_nether
[12:45:51] [Server thread/INFO]: ThreadedAnvilChunkStorage (DIM-1): All chunks are saved
[12:45:51] [Server thread/INFO]: Saving chunks for level 'world'/minecraft:the_end
[12:45:51] [Server thread/INFO]: ThreadedAnvilChunkStorage (DIM1): All chunks are saved
[12:45:51] [Server thread/INFO]: ThreadedAnvilChunkStorage (world): All chunks are saved
[12:45:51] [Server thread/INFO]: ThreadedAnvilChunkStorage (DIM-1): All chunks are saved
[12:45:51] [Server thread/INFO]: ThreadedAnvilChunkStorage (DIM1): All chunks are saved
