[10:51:55] [main/WARN]: Ambiguity between arguments [teleport, destination] and [teleport, targets] with inputs: [Player, 0123, @e, dd12be42-52a9-4a91-a8a1-11c01849e498]
[10:51:55] [main/WARN]: Ambiguity between arguments [teleport, location] and [teleport, destination] with inputs: [0.1 -0.5 .9, 0 0 0]
[10:51:55] [main/WARN]: Ambiguity between arguments [teleport, location] and [teleport, targets] with inputs: [0.1 -0.5 .9, 0 0 0]
[10:51:55] [main/WARN]: Ambiguity between arguments [teleport, targets] and [teleport, destination] with inputs: [Player, 0123, dd12be42-52a9-4a91-a8a1-11c01849e498]
[10:51:55] [main/WARN]: Ambiguity between arguments [teleport, targets, location] and [teleport, targets, destination] with inputs: [0.1 -0.5 .9, 0 0 0]
[10:51:55] [Server thread/INFO]: Starting minecraft server version 1.15.2
[10:51:55] [Server thread/INFO]: Loading properties
[10:51:55] [Server thread/INFO]: Default game type: SURVIVAL
[10:51:55] [Server thread/INFO]: Generating keypair
[10:51:55] [Server thread/INFO]: Starting Minecraft server on *:25565
[10:51:55] [Server thread/INFO]: Using default channel type
[10:51:56] [Server thread/INFO]: Preparing level "world"
[10:51:56] [Server thread/INFO]: Reloading ResourceManager: Default, yert
[10:51:57] [Server thread/INFO]: Loaded 6 recipes
[10:51:57] [Server thread/INFO]: Loaded 1 custom command functions
[10:51:57] [Server thread/INFO]: Loaded 825 advancements
[10:51:58] [Server thread/INFO]: Preparing start region for dimension minecraft:overworld
[10:51:59] [Server thread/INFO]: Preparing spawn area: 0%
[10:51:59] [Server thread/INFO]: Preparing spawn area: 0%
[10:51:59] [Server thread/INFO]: Preparing spawn area: 0%
[10:52:00] [Server-Worker-2/INFO]: Preparing spawn area: 0%
[10:52:00] [Server-Worker-2/INFO]: Preparing spawn area: 0%
[10:52:00] [Server thread/INFO]: Preparing spawn area: 81%
[10:52:00] [Server thread/INFO]: Time elapsed: 2543 ms
[10:52:00] [Server thread/INFO]: Done (4.168s)! For help, type "help"
[10:52:31] [Server thread/INFO]: Player is not whitelisted
[10:52:33] [Server thread/INFO]: Player is not whitelisted
[10:52:33] [Server thread/INFO]: Player is not whitelisted
[10:52:34] [Server thread/INFO]: Player is not whitelisted
[10:52:34] [Server thread/INFO]: Player is not whitelisted
[10:52:34] [Server thread/INFO]: Player is not whitelisted
[10:52:34] [Server thread/INFO]: Player is not whitelisted
[10:52:49] [Server thread/INFO]: Player is not whitelisted
[10:54:12] [Server thread/INFO]: Player is not whitelisted
[10:54:28] [Server thread/INFO]: Player is not whitelisted
[10:54:54] [User Authenticator #1/INFO]: UUID of player King_Cat is e3087768-76b3-487d-987b-741694b3d97f
[10:54:55] [Server thread/INFO]: King_Cat[/127.0.0.1:61409] logged in with entity id 229 at (211.69999998807907, 60.0, -118.30050549229806)
[10:54:55] [Server thread/INFO]: King_Cat joined the game
[10:55:01] [Server thread/INFO]: [King_Cat: Removed King_Cat from the whitelist]
[10:55:07] [Server thread/INFO]: [King_Cat: Added King_Cat to the whitelist]
[10:55:29] [Server thread/INFO]: Removed King_Cat from the whitelist
[10:55:42] [Server thread/INFO]: Added King_Cat to the whitelist
[10:55:44] [Server thread/INFO]: Removed King_Cat from the whitelist
[10:55:48] [Server thread/INFO]: Added King_Cat to the whitelist
[10:55:51] [Server thread/INFO]: Stopping the server
[10:55:51] [Server thread/INFO]: Stopping server
[10:55:51] [Server thread/INFO]: Saving players
[10:55:51] [Server thread/INFO]: Saving worlds
[10:55:51] [Server thread/INFO]: Saving chunks for level 'world'/minecraft:the_nether
[10:55:51] [Server thread/INFO]: ThreadedAnvilChunkStorage (DIM-1): All chunks are saved
[10:55:51] [Server thread/INFO]: Saving chunks for level 'world'/minecraft:overworld
[10:55:51] [Server thread/INFO]: ThreadedAnvilChunkStorage (world): All chunks are saved
[10:55:51] [Server thread/INFO]: Saving chunks for level 'world'/minecraft:the_end
[10:55:51] [Server thread/INFO]: ThreadedAnvilChunkStorage (DIM1): All chunks are saved
[10:55:51] [Server thread/INFO]: ThreadedAnvilChunkStorage (DIM-1): All chunks are saved
[10:55:51] [Server thread/INFO]: ThreadedAnvilChunkStorage (world): All chunks are saved
[10:55:52] [Server thread/INFO]: ThreadedAnvilChunkStorage (DIM1): All chunks are saved
