[18:14:32] [main/WARN]: Ambiguity between arguments [teleport, destination] and [teleport, targets] with inputs: [Player, 0123, @e, dd12be42-52a9-4a91-a8a1-11c01849e498]
[18:14:32] [main/WARN]: Ambiguity between arguments [teleport, location] and [teleport, destination] with inputs: [0.1 -0.5 .9, 0 0 0]
[18:14:32] [main/WARN]: Ambiguity between arguments [teleport, location] and [teleport, targets] with inputs: [0.1 -0.5 .9, 0 0 0]
[18:14:32] [main/WARN]: Ambiguity between arguments [teleport, targets] and [teleport, destination] with inputs: [Player, 0123, dd12be42-52a9-4a91-a8a1-11c01849e498]
[18:14:32] [main/WARN]: Ambiguity between arguments [teleport, targets, location] and [teleport, targets, destination] with inputs: [0.1 -0.5 .9, 0 0 0]
[18:14:32] [Server thread/INFO]: Starting minecraft server version 1.15.2
[18:14:32] [Server thread/INFO]: Loading properties
[18:14:32] [Server thread/INFO]: Default game type: SURVIVAL
[18:14:32] [Server thread/INFO]: Generating keypair
[18:14:32] [Server thread/INFO]: Starting Minecraft server on *:25565
[18:14:33] [Server thread/INFO]: Using default channel type
[18:14:33] [Server thread/WARN]: **** SERVER IS RUNNING IN OFFLINE/INSECURE MODE!
[18:14:33] [Server thread/WARN]: The server will make no attempt to authenticate usernames. Beware.
[18:14:33] [Server thread/WARN]: While this makes the game possible to play without internet access, it also opens up the ability for hackers to connect with any username they choose.
[18:14:33] [Server thread/WARN]: To change this, set "online-mode" to "true" in the server.properties file.
[18:14:33] [Server thread/INFO]: Preparing level "world"
[18:14:34] [Server thread/INFO]: Reloading ResourceManager: Default, yert
[18:14:34] [Server thread/INFO]: Loaded 6 recipes
[18:14:34] [Server thread/INFO]: Loaded 1 custom command functions
[18:14:35] [Server thread/INFO]: Loaded 825 advancements
[18:14:35] [Server thread/INFO]: Preparing start region for dimension minecraft:overworld
[18:14:37] [Server thread/INFO]: Preparing spawn area: 0%
[18:14:37] [Server thread/INFO]: Preparing spawn area: 0%
[18:14:37] [Server thread/INFO]: Preparing spawn area: 0%
[18:14:37] [Server thread/INFO]: Preparing spawn area: 0%
[18:14:38] [Server-Worker-7/INFO]: Preparing spawn area: 0%
[18:14:38] [Server thread/INFO]: Preparing spawn area: 29%
[18:14:38] [Server thread/INFO]: Time elapsed: 2633 ms
[18:14:38] [Server thread/INFO]: Done (4.516s)! For help, type "help"
[18:14:49] [Server thread/INFO]: Stopping the server
[18:14:49] [Server thread/INFO]: Stopping server
[18:14:49] [Server thread/INFO]: Saving players
[18:14:49] [Server thread/INFO]: Saving worlds
[18:14:49] [Server thread/INFO]: Saving chunks for level 'world'/minecraft:overworld
[18:14:49] [Server thread/INFO]: ThreadedAnvilChunkStorage (world): All chunks are saved
[18:14:49] [Server thread/INFO]: Saving chunks for level 'world'/minecraft:the_nether
[18:14:49] [Server thread/INFO]: ThreadedAnvilChunkStorage (DIM-1): All chunks are saved
[18:14:49] [Server thread/INFO]: Saving chunks for level 'world'/minecraft:the_end
[18:14:49] [Server thread/INFO]: ThreadedAnvilChunkStorage (DIM1): All chunks are saved
[18:14:49] [Server thread/INFO]: ThreadedAnvilChunkStorage (world): All chunks are saved
[18:14:50] [Server thread/INFO]: ThreadedAnvilChunkStorage (DIM-1): All chunks are saved
[18:14:50] [Server thread/INFO]: ThreadedAnvilChunkStorage (DIM1): All chunks are saved
