[10:44:47] [main/WARN]: Ambiguity between arguments [teleport, destination] and [teleport, targets] with inputs: [Player, 0123, @e, dd12be42-52a9-4a91-a8a1-11c01849e498]
[10:44:47] [main/WARN]: Ambiguity between arguments [teleport, location] and [teleport, destination] with inputs: [0.1 -0.5 .9, 0 0 0]
[10:44:47] [main/WARN]: Ambiguity between arguments [teleport, location] and [teleport, targets] with inputs: [0.1 -0.5 .9, 0 0 0]
[10:44:47] [main/WARN]: Ambiguity between arguments [teleport, targets] and [teleport, destination] with inputs: [Player, 0123, dd12be42-52a9-4a91-a8a1-11c01849e498]
[10:44:47] [main/WARN]: Ambiguity between arguments [teleport, targets, location] and [teleport, targets, destination] with inputs: [0.1 -0.5 .9, 0 0 0]
[10:44:47] [Server thread/INFO]: Starting minecraft server version 1.15.2
[10:44:47] [Server thread/INFO]: Loading properties
[10:44:47] [Server thread/INFO]: Default game type: SURVIVAL
[10:44:47] [Server thread/INFO]: Generating keypair
[10:44:47] [Server thread/INFO]: Starting Minecraft server on *:25565
[10:44:47] [Server thread/INFO]: Using default channel type
[10:44:48] [Server thread/INFO]: Preparing level "world"
[10:44:48] [Server thread/INFO]: Reloading ResourceManager: Default, yert
[10:44:49] [Server thread/INFO]: Loaded 6 recipes
[10:44:49] [Server thread/INFO]: Loaded 1 custom command functions
[10:44:49] [Server thread/INFO]: Loaded 825 advancements
[10:44:50] [Server thread/INFO]: Preparing start region for dimension minecraft:overworld
[10:44:51] [Server thread/INFO]: Preparing spawn area: 0%
[10:44:51] [Server thread/INFO]: Preparing spawn area: 0%
[10:44:51] [Server thread/INFO]: Preparing spawn area: 0%
[10:44:52] [Server-Worker-1/INFO]: Preparing spawn area: 0%
[10:44:52] [Server-Worker-7/INFO]: Preparing spawn area: 0%
[10:44:52] [Server thread/INFO]: Time elapsed: 2478 ms
[10:44:52] [Server thread/INFO]: Done (4.160s)! For help, type "help"
[10:44:53] [User Authenticator #1/INFO]: UUID of player King_Cat is e3087768-76b3-487d-987b-741694b3d97f
[10:44:54] [Server thread/INFO]: King_Cat[/127.0.0.1:61132] logged in with entity id 262 at (188.75616666618475, 65.0, -120.13358534406953)
[10:44:54] [Server thread/INFO]: King_Cat joined the game
[10:45:10] [Server thread/INFO]: [King_Cat: Banned IP 127.0.0.1: he's the big annoying]
[10:45:10] [Server thread/INFO]: [King_Cat: This ban affects 1 players: King_Cat]
[10:45:10] [Server thread/INFO]: King_Cat lost connection: You have been IP banned from this server
[10:45:10] [Server thread/INFO]: King_Cat left the game
[10:45:27] [Server thread/INFO]: Unbanned IP 127.0.0.1
[10:45:50] [Server thread/INFO]: Stopping the server
[10:45:50] [Server thread/INFO]: Stopping server
[10:45:50] [Server thread/INFO]: Saving players
[10:45:50] [Server thread/INFO]: Saving worlds
[10:45:50] [Server thread/INFO]: Saving chunks for level 'world'/minecraft:overworld
[10:45:50] [Server thread/INFO]: ThreadedAnvilChunkStorage (world): All chunks are saved
[10:45:50] [Server thread/INFO]: Saving chunks for level 'world'/minecraft:the_nether
[10:45:50] [Server thread/INFO]: ThreadedAnvilChunkStorage (DIM-1): All chunks are saved
[10:45:50] [Server thread/INFO]: Saving chunks for level 'world'/minecraft:the_end
[10:45:50] [Server thread/INFO]: ThreadedAnvilChunkStorage (DIM1): All chunks are saved
[10:45:50] [Server thread/INFO]: ThreadedAnvilChunkStorage (world): All chunks are saved
[10:45:51] [Server thread/INFO]: ThreadedAnvilChunkStorage (DIM-1): All chunks are saved
[10:45:51] [Server thread/INFO]: ThreadedAnvilChunkStorage (DIM1): All chunks are saved
