[11:59:57] [main/WARN]: Ambiguity between arguments [teleport, destination] and [teleport, targets] with inputs: [Player, 0123, @e, dd12be42-52a9-4a91-a8a1-11c01849e498]
[11:59:57] [main/WARN]: Ambiguity between arguments [teleport, location] and [teleport, destination] with inputs: [0.1 -0.5 .9, 0 0 0]
[11:59:57] [main/WARN]: Ambiguity between arguments [teleport, location] and [teleport, targets] with inputs: [0.1 -0.5 .9, 0 0 0]
[11:59:57] [main/WARN]: Ambiguity between arguments [teleport, targets] and [teleport, destination] with inputs: [Player, 0123, dd12be42-52a9-4a91-a8a1-11c01849e498]
[11:59:57] [main/WARN]: Ambiguity between arguments [teleport, targets, location] and [teleport, targets, destination] with inputs: [0.1 -0.5 .9, 0 0 0]
[11:59:57] [Server thread/INFO]: Starting minecraft server version 1.15.2
[11:59:57] [Server thread/INFO]: Loading properties
[11:59:57] [Server thread/INFO]: Default game type: SURVIVAL
[11:59:57] [Server thread/INFO]: Generating keypair
[11:59:57] [Server thread/INFO]: Starting Minecraft server on *:25565
[11:59:57] [Server thread/INFO]: Using default channel type
[11:59:58] [Server thread/WARN]: **** SERVER IS RUNNING IN OFFLINE/INSECURE MODE!
[11:59:58] [Server thread/WARN]: The server will make no attempt to authenticate usernames. Beware.
[11:59:58] [Server thread/WARN]: While this makes the game possible to play without internet access, it also opens up the ability for hackers to connect with any username they choose.
[11:59:58] [Server thread/WARN]: To change this, set "online-mode" to "true" in the server.properties file.
[11:59:58] [Server thread/INFO]: Preparing level "world"
[11:59:59] [Server thread/INFO]: Reloading ResourceManager: Default, yert
[11:59:59] [Server thread/INFO]: Loaded 6 recipes
[11:59:59] [Server thread/INFO]: Loaded 1 custom command functions
[11:59:59] [Server thread/INFO]: Loaded 825 advancements
[12:00:00] [Server thread/INFO]: Preparing start region for dimension minecraft:overworld
[12:00:01] [Server thread/INFO]: Preparing spawn area: 0%
[12:00:01] [Server thread/INFO]: Preparing spawn area: 0%
[12:00:01] [Server thread/INFO]: Preparing spawn area: 0%
[12:00:02] [Server-Worker-3/INFO]: Preparing spawn area: 0%
[12:00:02] [Server-Worker-3/INFO]: Preparing spawn area: 0%
[12:00:02] [Server thread/INFO]: Preparing spawn area: 0%
[12:00:03] [Server thread/INFO]: Time elapsed: 2842 ms
[12:00:03] [Server thread/INFO]: Done (4.287s)! For help, type "help"
[12:00:03] [Server thread/INFO]: King_Cat[/127.0.0.1:51929] logged in with entity id 167 at (208.2164324200775, 33.7431361890139, -122.88452335589476)
[12:00:03] [Server thread/INFO]: King_Cat joined the game
[12:00:30] [Server thread/INFO]: <King_Cat> david kek
[12:00:38] [Server thread/INFO]: <King_Cat> shrek
[12:00:41] [Server thread/INFO]: Unknown command
[12:00:41] [Server thread/INFO]: ??<--[HERE]
[12:00:52] [Server thread/INFO]: [Server] ok i think that fixed it somewhy
[12:01:01] [Server thread/INFO]: [Server] testng againe
[12:07:42] [Server thread/INFO]: King_Cat lost connection: Disconnected
[12:07:42] [Server thread/INFO]: King_Cat left the game
[12:07:43] [Server thread/INFO]: Stopping the server
[12:07:43] [Server thread/INFO]: Stopping server
[12:07:43] [Server thread/INFO]: Saving players
[12:07:43] [Server thread/INFO]: Saving worlds
[12:07:43] [Server thread/INFO]: Saving chunks for level 'world'/minecraft:overworld
[12:07:43] [Server thread/INFO]: ThreadedAnvilChunkStorage (world): All chunks are saved
[12:07:43] [Server thread/INFO]: Saving chunks for level 'world'/minecraft:the_nether
[12:07:43] [Server thread/INFO]: ThreadedAnvilChunkStorage (DIM-1): All chunks are saved
[12:07:43] [Server thread/INFO]: Saving chunks for level 'world'/minecraft:the_end
[12:07:43] [Server thread/INFO]: ThreadedAnvilChunkStorage (DIM1): All chunks are saved
[12:07:43] [Server thread/INFO]: ThreadedAnvilChunkStorage (world): All chunks are saved
[12:07:44] [Server thread/INFO]: ThreadedAnvilChunkStorage (DIM-1): All chunks are saved
[12:07:44] [Server thread/INFO]: ThreadedAnvilChunkStorage (DIM1): All chunks are saved
