[10:19:45] [main/WARN]: Ambiguity between arguments [teleport, destination] and [teleport, targets] with inputs: [Player, 0123, @e, dd12be42-52a9-4a91-a8a1-11c01849e498]
[10:19:45] [main/WARN]: Ambiguity between arguments [teleport, location] and [teleport, destination] with inputs: [0.1 -0.5 .9, 0 0 0]
[10:19:45] [main/WARN]: Ambiguity between arguments [teleport, location] and [teleport, targets] with inputs: [0.1 -0.5 .9, 0 0 0]
[10:19:45] [main/WARN]: Ambiguity between arguments [teleport, targets] and [teleport, destination] with inputs: [Player, 0123, dd12be42-52a9-4a91-a8a1-11c01849e498]
[10:19:45] [main/WARN]: Ambiguity between arguments [teleport, targets, location] and [teleport, targets, destination] with inputs: [0.1 -0.5 .9, 0 0 0]
[10:19:45] [Server thread/INFO]: Starting minecraft server version 1.15.2
[10:19:45] [Server thread/INFO]: Loading properties
[10:19:45] [Server thread/INFO]: Default game type: SURVIVAL
[10:19:45] [Server thread/INFO]: Generating keypair
[10:19:45] [Server thread/INFO]: Starting Minecraft server on *:25565
[10:19:45] [Server thread/INFO]: Using default channel type
[10:19:47] [Server thread/INFO]: Preparing level "world"
[10:19:47] [Server thread/INFO]: Reloading ResourceManager: Default, yert
[10:19:48] [Server thread/INFO]: Loaded 6 recipes
[10:19:48] [Server thread/INFO]: Loaded 1 custom command functions
[10:19:48] [Server thread/INFO]: Loaded 825 advancements
[10:19:49] [Server thread/INFO]: Preparing start region for dimension minecraft:overworld
[10:19:50] [Server thread/INFO]: Preparing spawn area: 0%
[10:19:50] [Server thread/INFO]: Preparing spawn area: 0%
[10:19:50] [Server thread/INFO]: Preparing spawn area: 0%
[10:19:50] [Server thread/INFO]: Time elapsed: 1472 ms
[10:19:50] [Server thread/INFO]: Done (3.056s)! For help, type "help"
[10:19:52] [Server thread/INFO]: Added Bro to the whitelist
[10:19:55] [Server thread/INFO]: Added bert to the whitelist
[10:19:57] [Server thread/INFO]: Added Pert to the whitelist
[10:20:13] [Server thread/INFO]: Removed Bro from the whitelist
[10:20:14] [Server thread/INFO]: Removed Pert from the whitelist
[10:20:14] [Server thread/INFO]: Removed bert from the whitelist
[10:37:38] [Server thread/INFO]: Added popbob to the whitelist
[10:37:50] [Server thread/INFO]: Made popbob a server operator
[10:37:59] [Server thread/INFO]: Banned popbob: Banned by an operator.
[10:38:06] [Server thread/INFO]: Stopping the server
[10:38:06] [Server thread/INFO]: Stopping server
[10:38:06] [Server thread/INFO]: Saving players
[10:38:06] [Server thread/INFO]: Saving worlds
[10:38:06] [Server thread/INFO]: Saving chunks for level 'world'/minecraft:the_nether
[10:38:06] [Server thread/INFO]: ThreadedAnvilChunkStorage (DIM-1): All chunks are saved
[10:38:06] [Server thread/INFO]: Saving chunks for level 'world'/minecraft:the_end
[10:38:06] [Server thread/INFO]: ThreadedAnvilChunkStorage (DIM1): All chunks are saved
[10:38:06] [Server thread/INFO]: Saving chunks for level 'world'/minecraft:overworld
[10:38:06] [Server thread/INFO]: ThreadedAnvilChunkStorage (world): All chunks are saved
[10:38:06] [Server thread/INFO]: ThreadedAnvilChunkStorage (DIM-1): All chunks are saved
[10:38:06] [Server thread/INFO]: ThreadedAnvilChunkStorage (DIM1): All chunks are saved
[10:38:06] [Server thread/INFO]: ThreadedAnvilChunkStorage (world): All chunks are saved
