[17:11:39] [main/WARN]: Ambiguity between arguments [teleport, destination] and [teleport, targets] with inputs: [Player, 0123, @e, dd12be42-52a9-4a91-a8a1-11c01849e498]
[17:11:39] [main/WARN]: Ambiguity between arguments [teleport, location] and [teleport, destination] with inputs: [0.1 -0.5 .9, 0 0 0]
[17:11:39] [main/WARN]: Ambiguity between arguments [teleport, location] and [teleport, targets] with inputs: [0.1 -0.5 .9, 0 0 0]
[17:11:39] [main/WARN]: Ambiguity between arguments [teleport, targets] and [teleport, destination] with inputs: [Player, 0123, dd12be42-52a9-4a91-a8a1-11c01849e498]
[17:11:39] [main/WARN]: Ambiguity between arguments [teleport, targets, location] and [teleport, targets, destination] with inputs: [0.1 -0.5 .9, 0 0 0]
[17:11:39] [Server thread/INFO]: Starting minecraft server version 1.15.2
[17:11:39] [Server thread/INFO]: Loading properties
[17:11:39] [Server thread/INFO]: Default game type: SURVIVAL
[17:11:39] [Server thread/INFO]: Generating keypair
[17:11:39] [Server thread/INFO]: Starting Minecraft server on *:25565
[17:11:39] [Server thread/INFO]: Using default channel type
[17:11:41] [Server thread/WARN]: **** SERVER IS RUNNING IN OFFLINE/INSECURE MODE!
[17:11:41] [Server thread/WARN]: The server will make no attempt to authenticate usernames. Beware.
[17:11:41] [Server thread/WARN]: While this makes the game possible to play without internet access, it also opens up the ability for hackers to connect with any username they choose.
[17:11:41] [Server thread/WARN]: To change this, set "online-mode" to "true" in the server.properties file.
[17:11:41] [Server thread/INFO]: Preparing level "world"
[17:11:41] [Server thread/INFO]: Reloading ResourceManager: Default, yert
[17:11:41] [Server thread/INFO]: Loaded 6 recipes
[17:11:42] [Server thread/INFO]: Loaded 1 custom command functions
[17:11:42] [Server thread/INFO]: Loaded 825 advancements
[17:11:42] [Server thread/INFO]: Preparing start region for dimension minecraft:overworld
[17:11:43] [Server thread/INFO]: Preparing spawn area: 0%
[17:11:43] [Server thread/INFO]: Preparing spawn area: 0%
[17:11:43] [Server thread/INFO]: Preparing spawn area: 0%
[17:11:44] [Server-Worker-4/INFO]: Preparing spawn area: 0%
[17:11:44] [Server-Worker-4/INFO]: Preparing spawn area: 0%
[17:11:45] [Server thread/INFO]: Time elapsed: 2331 ms
[17:11:45] [Server thread/INFO]: Done (3.937s)! For help, type "help"
[17:12:13] [Server thread/INFO]: King_Cat[/127.0.0.1:63583] logged in with entity id 164 at (141.3141739409618, 65.0, -80.30000001192093)
[17:12:13] [Server thread/INFO]: King_Cat joined the game
[17:12:41] [Server thread/INFO]: <King_Cat> r
[17:12:46] [Server thread/INFO]: <King_Cat> ee
[17:13:34] [Server thread/INFO]: Stopping the server
[17:13:34] [Server thread/INFO]: Stopping server
[17:13:34] [Server thread/INFO]: Saving players
[17:13:34] [Server thread/INFO]: Saving worlds
[17:13:34] [Server thread/INFO]: Saving chunks for level 'world'/minecraft:the_nether
[17:13:34] [Server thread/INFO]: ThreadedAnvilChunkStorage (DIM-1): All chunks are saved
[17:13:34] [Server thread/INFO]: Saving chunks for level 'world'/minecraft:overworld
[17:13:35] [Server thread/INFO]: ThreadedAnvilChunkStorage (world): All chunks are saved
[17:13:35] [Server thread/INFO]: Saving chunks for level 'world'/minecraft:the_end
[17:13:35] [Server thread/INFO]: ThreadedAnvilChunkStorage (DIM1): All chunks are saved
[17:13:35] [Server thread/INFO]: ThreadedAnvilChunkStorage (DIM-1): All chunks are saved
[17:13:35] [Server thread/INFO]: ThreadedAnvilChunkStorage (world): All chunks are saved
[17:13:35] [Server thread/INFO]: ThreadedAnvilChunkStorage (DIM1): All chunks are saved
