[09:19:47] [main/WARN]: Ambiguity between arguments [teleport, destination] and [teleport, targets] with inputs: [Player, 0123, @e, dd12be42-52a9-4a91-a8a1-11c01849e498]
[09:19:47] [main/WARN]: Ambiguity between arguments [teleport, location] and [teleport, destination] with inputs: [0.1 -0.5 .9, 0 0 0]
[09:19:47] [main/WARN]: Ambiguity between arguments [teleport, location] and [teleport, targets] with inputs: [0.1 -0.5 .9, 0 0 0]
[09:19:47] [main/WARN]: Ambiguity between arguments [teleport, targets] and [teleport, destination] with inputs: [Player, 0123, dd12be42-52a9-4a91-a8a1-11c01849e498]
[09:19:47] [main/WARN]: Ambiguity between arguments [teleport, targets, location] and [teleport, targets, destination] with inputs: [0.1 -0.5 .9, 0 0 0]
[09:19:47] [Server thread/INFO]: Starting minecraft server version 1.15.2
[09:19:47] [Server thread/INFO]: Loading properties
[09:19:47] [Server thread/INFO]: Default game type: SURVIVAL
[09:19:47] [Server thread/INFO]: Generating keypair
[09:19:47] [Server thread/INFO]: Starting Minecraft server on *:25565
[09:19:47] [Server thread/INFO]: Using default channel type
[09:19:49] [Server thread/INFO]: Preparing level "world"
[09:19:49] [Server thread/INFO]: Reloading ResourceManager: Default, yert
[09:19:49] [Server thread/INFO]: Loaded 6 recipes
[09:19:50] [Server thread/INFO]: Loaded 1 custom command functions
[09:19:50] [Server thread/INFO]: Loaded 825 advancements
[09:19:50] [Server thread/INFO]: Preparing start region for dimension minecraft:overworld
[09:19:52] [Server thread/INFO]: Preparing spawn area: 0%
[09:19:52] [Server thread/INFO]: Preparing spawn area: 0%
[09:19:52] [Server thread/INFO]: Preparing spawn area: 0%
[09:19:53] [Server-Worker-5/INFO]: Preparing spawn area: 0%
[09:19:53] [Server-Worker-1/INFO]: Preparing spawn area: 0%
[09:19:53] [Server thread/INFO]: Preparing spawn area: 29%
[09:19:53] [Server thread/INFO]: Time elapsed: 2583 ms
[09:19:53] [Server thread/INFO]: Done (4.389s)! For help, type "help"
[09:19:56] [Server thread/INFO]: Unbanned IP 127.0.0.1
[09:19:58] [Server thread/INFO]: Banned IP 127.0.0.1: Banned by an operator.
[09:20:10] [Server thread/INFO]: Stopping the server
[09:20:10] [Server thread/INFO]: Stopping server
[09:20:10] [Server thread/INFO]: Saving players
[09:20:10] [Server thread/INFO]: Saving worlds
[09:20:10] [Server thread/INFO]: Saving chunks for level 'world'/minecraft:overworld
[09:20:11] [Server thread/INFO]: ThreadedAnvilChunkStorage (world): All chunks are saved
[09:20:11] [Server thread/INFO]: Saving chunks for level 'world'/minecraft:the_nether
[09:20:11] [Server thread/INFO]: ThreadedAnvilChunkStorage (DIM-1): All chunks are saved
[09:20:11] [Server thread/INFO]: Saving chunks for level 'world'/minecraft:the_end
[09:20:11] [Server thread/INFO]: ThreadedAnvilChunkStorage (DIM1): All chunks are saved
[09:20:11] [Server thread/INFO]: ThreadedAnvilChunkStorage (world): All chunks are saved
[09:20:12] [Server thread/INFO]: ThreadedAnvilChunkStorage (DIM-1): All chunks are saved
[09:20:12] [Server thread/INFO]: ThreadedAnvilChunkStorage (DIM1): All chunks are saved
