[16:49:09] [main/WARN]: Ambiguity between arguments [teleport, destination] and [teleport, targets] with inputs: [Player, 0123, @e, dd12be42-52a9-4a91-a8a1-11c01849e498]
[16:49:09] [main/WARN]: Ambiguity between arguments [teleport, location] and [teleport, destination] with inputs: [0.1 -0.5 .9, 0 0 0]
[16:49:09] [main/WARN]: Ambiguity between arguments [teleport, location] and [teleport, targets] with inputs: [0.1 -0.5 .9, 0 0 0]
[16:49:09] [main/WARN]: Ambiguity between arguments [teleport, targets] and [teleport, destination] with inputs: [Player, 0123, dd12be42-52a9-4a91-a8a1-11c01849e498]
[16:49:09] [main/WARN]: Ambiguity between arguments [teleport, targets, location] and [teleport, targets, destination] with inputs: [0.1 -0.5 .9, 0 0 0]
[16:49:09] [Server thread/INFO]: Starting minecraft server version 1.15.2
[16:49:09] [Server thread/INFO]: Loading properties
[16:49:09] [Server thread/INFO]: Default game type: SURVIVAL
[16:49:09] [Server thread/INFO]: Generating keypair
[16:49:09] [Server thread/INFO]: Starting Minecraft server on *:25565
[16:49:09] [Server thread/INFO]: Using default channel type
[16:49:11] [Server thread/WARN]: **** SERVER IS RUNNING IN OFFLINE/INSECURE MODE!
[16:49:11] [Server thread/WARN]: The server will make no attempt to authenticate usernames. Beware.
[16:49:11] [Server thread/WARN]: While this makes the game possible to play without internet access, it also opens up the ability for hackers to connect with any username they choose.
[16:49:11] [Server thread/WARN]: To change this, set "online-mode" to "true" in the server.properties file.
[16:49:11] [Server thread/INFO]: Preparing level "world"
[16:49:11] [Server thread/INFO]: Reloading ResourceManager: Default, yert
[16:49:12] [Server thread/INFO]: Loaded 6 recipes
[16:49:12] [Server thread/INFO]: Loaded 1 custom command functions
[16:49:12] [Server thread/INFO]: Loaded 825 advancements
[16:49:13] [Server thread/INFO]: Preparing start region for dimension minecraft:overworld
[16:49:14] [Server thread/INFO]: Preparing spawn area: 0%
[16:49:14] [Server thread/INFO]: Preparing spawn area: 0%
[16:49:14] [Server thread/INFO]: Preparing spawn area: 0%
[16:49:14] [Server thread/INFO]: Preparing spawn area: 0%
[16:49:15] [Server thread/INFO]: Preparing spawn area: 0%
[16:49:15] [Server thread/INFO]: Time elapsed: 2237 ms
[16:49:15] [Server thread/INFO]: Done (4.083s)! For help, type "help"
[16:53:05] [Server thread/INFO]: King_Cat[/127.0.0.1:62645] logged in with entity id 159 at (225.47963923075883, 63.0, -140.44637286035638)
[16:53:05] [Server thread/INFO]: King_Cat joined the game
[16:54:25] [Server thread/INFO]: Stopping the server
[16:54:25] [Server thread/INFO]: Stopping server
[16:54:25] [Server thread/INFO]: Saving players
[16:54:25] [Server thread/INFO]: Saving worlds
[16:54:25] [Server thread/INFO]: Saving chunks for level 'world'/minecraft:overworld
[16:54:25] [Server thread/INFO]: ThreadedAnvilChunkStorage (world): All chunks are saved
[16:54:25] [Server thread/INFO]: Saving chunks for level 'world'/minecraft:the_nether
[16:54:25] [Server thread/INFO]: ThreadedAnvilChunkStorage (DIM-1): All chunks are saved
[16:54:25] [Server thread/INFO]: Saving chunks for level 'world'/minecraft:the_end
[16:54:25] [Server thread/INFO]: ThreadedAnvilChunkStorage (DIM1): All chunks are saved
[16:54:25] [Server thread/INFO]: ThreadedAnvilChunkStorage (world): All chunks are saved
[16:54:26] [Server thread/INFO]: ThreadedAnvilChunkStorage (DIM-1): All chunks are saved
[16:54:26] [Server thread/INFO]: ThreadedAnvilChunkStorage (DIM1): All chunks are saved
