[22:04:52] [main/WARN]: Ambiguity between arguments [teleport, destination] and [teleport, targets] with inputs: [Player, 0123, @e, dd12be42-52a9-4a91-a8a1-11c01849e498]
[22:04:52] [main/WARN]: Ambiguity between arguments [teleport, location] and [teleport, destination] with inputs: [0.1 -0.5 .9, 0 0 0]
[22:04:52] [main/WARN]: Ambiguity between arguments [teleport, location] and [teleport, targets] with inputs: [0.1 -0.5 .9, 0 0 0]
[22:04:52] [main/WARN]: Ambiguity between arguments [teleport, targets] and [teleport, destination] with inputs: [Player, 0123, dd12be42-52a9-4a91-a8a1-11c01849e498]
[22:04:52] [main/WARN]: Ambiguity between arguments [teleport, targets, location] and [teleport, targets, destination] with inputs: [0.1 -0.5 .9, 0 0 0]
[22:04:52] [Server thread/INFO]: Starting minecraft server version 1.15.2
[22:04:52] [Server thread/INFO]: Loading properties
[22:04:52] [Server thread/INFO]: Default game type: SURVIVAL
[22:04:52] [Server thread/INFO]: Generating keypair
[22:04:52] [Server thread/INFO]: Starting Minecraft server on *:25565
[22:04:52] [Server thread/INFO]: Using default channel type
[22:04:53] [Server thread/WARN]: **** SERVER IS RUNNING IN OFFLINE/INSECURE MODE!
[22:04:53] [Server thread/WARN]: The server will make no attempt to authenticate usernames. Beware.
[22:04:53] [Server thread/WARN]: While this makes the game possible to play without internet access, it also opens up the ability for hackers to connect with any username they choose.
[22:04:53] [Server thread/WARN]: To change this, set "online-mode" to "true" in the server.properties file.
[22:04:53] [Server thread/INFO]: Preparing level "world"
[22:04:53] [Server thread/INFO]: Reloading ResourceManager: Default, yert
[22:04:54] [Server thread/INFO]: Loaded 6 recipes
[22:04:54] [Server thread/INFO]: Loaded 1 custom command functions
[22:04:54] [Server thread/INFO]: Loaded 825 advancements
[22:04:55] [Server thread/INFO]: Preparing start region for dimension minecraft:overworld
[22:04:56] [Server thread/INFO]: Preparing spawn area: 0%
[22:04:56] [Server thread/INFO]: Preparing spawn area: 0%
[22:04:56] [Server thread/INFO]: Preparing spawn area: 0%
[22:04:57] [Server-Worker-1/INFO]: Preparing spawn area: 0%
[22:04:57] [Server thread/INFO]: Preparing spawn area: 0%
[22:04:57] [Server thread/INFO]: Time elapsed: 2226 ms
[22:04:57] [Server thread/INFO]: Done (3.988s)! For help, type "help"
[22:05:23] [Server thread/INFO]: Stopping the server
[22:05:23] [Server thread/INFO]: Stopping server
[22:05:23] [Server thread/INFO]: Saving players
[22:05:23] [Server thread/INFO]: Saving worlds
[22:05:23] [Server thread/INFO]: Saving chunks for level 'world'/minecraft:the_end
[22:05:23] [Server thread/INFO]: ThreadedAnvilChunkStorage (DIM1): All chunks are saved
[22:05:23] [Server thread/INFO]: Saving chunks for level 'world'/minecraft:overworld
[22:05:23] [Server thread/INFO]: ThreadedAnvilChunkStorage (world): All chunks are saved
[22:05:23] [Server thread/INFO]: Saving chunks for level 'world'/minecraft:the_nether
[22:05:23] [Server thread/INFO]: ThreadedAnvilChunkStorage (DIM-1): All chunks are saved
[22:05:23] [Server thread/INFO]: ThreadedAnvilChunkStorage (DIM1): All chunks are saved
[22:05:23] [Server thread/INFO]: ThreadedAnvilChunkStorage (world): All chunks are saved
[22:05:24] [Server thread/INFO]: ThreadedAnvilChunkStorage (DIM-1): All chunks are saved
