[18:26:55] [main/WARN]: Ambiguity between arguments [teleport, destination] and [teleport, targets] with inputs: [Player, 0123, @e, dd12be42-52a9-4a91-a8a1-11c01849e498]
[18:26:55] [main/WARN]: Ambiguity between arguments [teleport, location] and [teleport, destination] with inputs: [0.1 -0.5 .9, 0 0 0]
[18:26:55] [main/WARN]: Ambiguity between arguments [teleport, location] and [teleport, targets] with inputs: [0.1 -0.5 .9, 0 0 0]
[18:26:55] [main/WARN]: Ambiguity between arguments [teleport, targets] and [teleport, destination] with inputs: [Player, 0123, dd12be42-52a9-4a91-a8a1-11c01849e498]
[18:26:55] [main/WARN]: Ambiguity between arguments [teleport, targets, location] and [teleport, targets, destination] with inputs: [0.1 -0.5 .9, 0 0 0]
[18:26:55] [Server thread/INFO]: Starting minecraft server version 1.15.2
[18:26:55] [Server thread/INFO]: Loading properties
[18:26:55] [Server thread/INFO]: Default game type: SURVIVAL
[18:26:55] [Server thread/INFO]: Generating keypair
[18:26:55] [Server thread/INFO]: Starting Minecraft server on *:25565
[18:26:55] [Server thread/INFO]: Using default channel type
[18:26:57] [Server thread/WARN]: **** SERVER IS RUNNING IN OFFLINE/INSECURE MODE!
[18:26:57] [Server thread/WARN]: The server will make no attempt to authenticate usernames. Beware.
[18:26:57] [Server thread/WARN]: While this makes the game possible to play without internet access, it also opens up the ability for hackers to connect with any username they choose.
[18:26:57] [Server thread/WARN]: To change this, set "online-mode" to "true" in the server.properties file.
[18:26:57] [Server thread/INFO]: Preparing level "world"
[18:26:57] [Server thread/INFO]: Reloading ResourceManager: Default, yert
[18:26:58] [Server thread/INFO]: Loaded 6 recipes
[18:26:58] [Server thread/INFO]: Loaded 1 custom command functions
[18:26:59] [Server thread/INFO]: Loaded 825 advancements
[18:26:59] [Server thread/INFO]: Preparing start region for dimension minecraft:overworld
[18:27:00] [Server thread/INFO]: Preparing spawn area: 0%
[18:27:00] [Server thread/INFO]: Preparing spawn area: 0%
[18:27:00] [Server thread/INFO]: Preparing spawn area: 0%
[18:27:01] [Server-Worker-5/INFO]: Preparing spawn area: 0%
[18:27:01] [Server thread/INFO]: Preparing spawn area: 11%
[18:27:01] [Server thread/INFO]: Time elapsed: 2133 ms
[18:27:01] [Server thread/INFO]: Done (4.229s)! For help, type "help"
[19:48:13] [Server thread/WARN]: Can't keep up! Is the server overloaded? Running 3653045ms or 73060 ticks behind
[20:49:46] [Server thread/INFO]: Stopping the server
[20:49:46] [Server thread/INFO]: Stopping server
[20:49:46] [Server thread/INFO]: Saving players
[20:49:46] [Server thread/INFO]: Saving worlds
[20:49:46] [Server thread/INFO]: Saving chunks for level 'world'/minecraft:overworld
[20:49:46] [Server thread/INFO]: ThreadedAnvilChunkStorage (world): All chunks are saved
[20:49:46] [Server thread/INFO]: Saving chunks for level 'world'/minecraft:the_nether
[20:49:46] [Server thread/INFO]: ThreadedAnvilChunkStorage (DIM-1): All chunks are saved
[20:49:46] [Server thread/INFO]: Saving chunks for level 'world'/minecraft:the_end
[20:49:46] [Server thread/INFO]: ThreadedAnvilChunkStorage (DIM1): All chunks are saved
[20:49:46] [Server thread/INFO]: ThreadedAnvilChunkStorage (world): All chunks are saved
[20:49:47] [Server thread/INFO]: ThreadedAnvilChunkStorage (DIM-1): All chunks are saved
[20:49:47] [Server thread/INFO]: ThreadedAnvilChunkStorage (DIM1): All chunks are saved
