[09:41:22] [main/WARN]: Ambiguity between arguments [teleport, destination] and [teleport, targets] with inputs: [Player, 0123, @e, dd12be42-52a9-4a91-a8a1-11c01849e498]
[09:41:22] [main/WARN]: Ambiguity between arguments [teleport, location] and [teleport, destination] with inputs: [0.1 -0.5 .9, 0 0 0]
[09:41:22] [main/WARN]: Ambiguity between arguments [teleport, location] and [teleport, targets] with inputs: [0.1 -0.5 .9, 0 0 0]
[09:41:22] [main/WARN]: Ambiguity between arguments [teleport, targets] and [teleport, destination] with inputs: [Player, 0123, dd12be42-52a9-4a91-a8a1-11c01849e498]
[09:41:22] [main/WARN]: Ambiguity between arguments [teleport, targets, location] and [teleport, targets, destination] with inputs: [0.1 -0.5 .9, 0 0 0]
[09:41:22] [Server thread/INFO]: Starting minecraft server version 1.15.2
[09:41:22] [Server thread/INFO]: Loading properties
[09:41:22] [Server thread/INFO]: Default game type: SURVIVAL
[09:41:22] [Server thread/INFO]: Generating keypair
[09:41:22] [Server thread/INFO]: Starting Minecraft server on *:25565
[09:41:22] [Server thread/INFO]: Using default channel type
[09:41:23] [Server thread/INFO]: Preparing level "world"
[09:41:23] [Server thread/INFO]: Reloading ResourceManager: Default, yert
[09:41:24] [Server thread/INFO]: Loaded 6 recipes
[09:41:24] [Server thread/INFO]: Loaded 1 custom command functions
[09:41:24] [Server thread/INFO]: Loaded 825 advancements
[09:41:25] [Server thread/INFO]: Preparing start region for dimension minecraft:overworld
[09:41:26] [Server thread/INFO]: Preparing spawn area: 0%
[09:41:26] [Server thread/INFO]: Preparing spawn area: 0%
[09:41:26] [Server thread/INFO]: Preparing spawn area: 0%
[09:41:26] [Server-Worker-6/INFO]: Preparing spawn area: 0%
[09:41:27] [Server thread/INFO]: Time elapsed: 1932 ms
[09:41:27] [Server thread/INFO]: Done (3.419s)! For help, type "help"
[09:42:59] [Server thread/INFO]: Stopping the server
[09:42:59] [Server thread/INFO]: Stopping server
[09:42:59] [Server thread/INFO]: Saving players
[09:42:59] [Server thread/INFO]: Saving worlds
[09:42:59] [Server thread/INFO]: Saving chunks for level 'world'/minecraft:the_nether
[09:42:59] [Server thread/INFO]: ThreadedAnvilChunkStorage (DIM-1): All chunks are saved
[09:42:59] [Server thread/INFO]: Saving chunks for level 'world'/minecraft:overworld
[09:43:00] [Server thread/INFO]: ThreadedAnvilChunkStorage (world): All chunks are saved
[09:43:00] [Server thread/INFO]: Saving chunks for level 'world'/minecraft:the_end
[09:43:00] [Server thread/INFO]: ThreadedAnvilChunkStorage (DIM1): All chunks are saved
[09:43:00] [Server thread/INFO]: ThreadedAnvilChunkStorage (DIM-1): All chunks are saved
[09:43:00] [Server thread/INFO]: ThreadedAnvilChunkStorage (world): All chunks are saved
[09:43:00] [Server thread/INFO]: ThreadedAnvilChunkStorage (DIM1): All chunks are saved
