[20:12:49] [main/WARN]: Ambiguity between arguments [teleport, destination] and [teleport, targets] with inputs: [Player, 0123, @e, dd12be42-52a9-4a91-a8a1-11c01849e498]
[20:12:49] [main/WARN]: Ambiguity between arguments [teleport, location] and [teleport, destination] with inputs: [0.1 -0.5 .9, 0 0 0]
[20:12:49] [main/WARN]: Ambiguity between arguments [teleport, location] and [teleport, targets] with inputs: [0.1 -0.5 .9, 0 0 0]
[20:12:49] [main/WARN]: Ambiguity between arguments [teleport, targets] and [teleport, destination] with inputs: [Player, 0123, dd12be42-52a9-4a91-a8a1-11c01849e498]
[20:12:49] [main/WARN]: Ambiguity between arguments [teleport, targets, location] and [teleport, targets, destination] with inputs: [0.1 -0.5 .9, 0 0 0]
[20:12:49] [Server thread/INFO]: Starting minecraft server version 1.15.2
[20:12:49] [Server thread/INFO]: Loading properties
[20:12:49] [Server thread/INFO]: Default game type: SURVIVAL
[20:12:49] [Server thread/INFO]: Generating keypair
[20:12:49] [Server thread/INFO]: Starting Minecraft server on *:25565
[20:12:49] [Server thread/INFO]: Using default channel type
[20:12:50] [Server thread/INFO]: Preparing level "world"
[20:12:50] [Server thread/INFO]: Reloading ResourceManager: Default, yert
[20:12:50] [Server thread/INFO]: Loaded 6 recipes
[20:12:51] [Server thread/INFO]: Loaded 1 custom command functions
[20:12:51] [Server thread/INFO]: Loaded 825 advancements
[20:12:51] [Server thread/INFO]: Preparing start region for dimension minecraft:overworld
[20:12:53] [Server thread/INFO]: Preparing spawn area: 0%
[20:12:53] [Server thread/INFO]: Preparing spawn area: 0%
[20:12:53] [Server thread/INFO]: Preparing spawn area: 0%
[20:12:53] [Server-Worker-2/INFO]: Preparing spawn area: 0%
[20:12:53] [Server-Worker-2/INFO]: Preparing spawn area: 0%
[20:12:54] [Server thread/INFO]: Time elapsed: 2248 ms
[20:12:54] [Server thread/INFO]: Done (3.909s)! For help, type "help"
[20:12:54] [Server thread/INFO]: Unbanned popbob
[20:12:55] [Server thread/INFO]: Banned popbob: Banned by an operator.
[20:12:56] [Server thread/INFO]: Unbanned popbob
[20:12:56] [Server thread/INFO]: Banned popbob: Banned by an operator.
[20:12:57] [Server thread/INFO]: Unbanned popbob
[20:12:57] [Server thread/INFO]: Banned popbob: Banned by an operator.
[20:12:57] [Server thread/INFO]: Unbanned popbob
[20:12:58] [Server thread/INFO]: Banned popbob: Banned by an operator.
[20:12:58] [Server thread/INFO]: Unbanned popbob
[20:12:58] [Server thread/INFO]: Banned popbob: Banned by an operator.
[20:12:58] [Server thread/INFO]: Unbanned popbob
[20:12:59] [Server thread/INFO]: Banned popbob: Banned by an operator.
[20:12:59] [Server thread/INFO]: Unbanned popbob
[20:13:00] [Server thread/INFO]: Banned popbob: Banned by an operator.
[20:13:00] [Server thread/INFO]: Made popbob no longer a server operator
[20:13:02] [Server thread/INFO]: Unbanned popbob
[20:13:02] [Server thread/INFO]: Banned popbob: Banned by an operator.
[20:13:03] [Server thread/INFO]: Made popbob a server operator
[20:13:03] [Server thread/INFO]: Made popbob no longer a server operator
[20:13:05] [Server thread/INFO]: Removed popbob from the whitelist
[20:13:14] [Server thread/INFO]: Added popbob to the whitelist
[20:13:33] [Server thread/INFO]: Stopping the server
[20:13:34] [Server thread/INFO]: Stopping server
[20:13:34] [Server thread/INFO]: Saving players
[20:13:34] [Server thread/INFO]: Saving worlds
[20:13:34] [Server thread/INFO]: Saving chunks for level 'world'/minecraft:the_nether
[20:13:34] [Server thread/INFO]: ThreadedAnvilChunkStorage (DIM-1): All chunks are saved
[20:13:34] [Server thread/INFO]: Saving chunks for level 'world'/minecraft:overworld
[20:13:34] [Server thread/INFO]: ThreadedAnvilChunkStorage (world): All chunks are saved
[20:13:34] [Server thread/INFO]: Saving chunks for level 'world'/minecraft:the_end
[20:13:34] [Server thread/INFO]: ThreadedAnvilChunkStorage (DIM1): All chunks are saved
[20:13:34] [Server thread/INFO]: ThreadedAnvilChunkStorage (DIM-1): All chunks are saved
[20:13:34] [Server thread/INFO]: ThreadedAnvilChunkStorage (world): All chunks are saved
[20:13:35] [Server thread/INFO]: ThreadedAnvilChunkStorage (DIM1): All chunks are saved
