[21:36:42] [main/WARN]: Ambiguity between arguments [teleport, destination] and [teleport, targets] with inputs: [Player, 0123, @e, dd12be42-52a9-4a91-a8a1-11c01849e498]
[21:36:42] [main/WARN]: Ambiguity between arguments [teleport, location] and [teleport, destination] with inputs: [0.1 -0.5 .9, 0 0 0]
[21:36:42] [main/WARN]: Ambiguity between arguments [teleport, location] and [teleport, targets] with inputs: [0.1 -0.5 .9, 0 0 0]
[21:36:42] [main/WARN]: Ambiguity between arguments [teleport, targets] and [teleport, destination] with inputs: [Player, 0123, dd12be42-52a9-4a91-a8a1-11c01849e498]
[21:36:42] [main/WARN]: Ambiguity between arguments [teleport, targets, location] and [teleport, targets, destination] with inputs: [0.1 -0.5 .9, 0 0 0]
[21:36:42] [Server thread/INFO]: Starting minecraft server version 1.15.2
[21:36:42] [Server thread/INFO]: Loading properties
[21:36:42] [Server thread/INFO]: Default game type: SURVIVAL
[21:36:42] [Server thread/INFO]: Generating keypair
[21:36:42] [Server thread/INFO]: Starting Minecraft server on *:25565
[21:36:42] [Server thread/INFO]: Using default channel type
[21:36:43] [Server thread/WARN]: **** SERVER IS RUNNING IN OFFLINE/INSECURE MODE!
[21:36:43] [Server thread/WARN]: The server will make no attempt to authenticate usernames. Beware.
[21:36:43] [Server thread/WARN]: While this makes the game possible to play without internet access, it also opens up the ability for hackers to connect with any username they choose.
[21:36:43] [Server thread/WARN]: To change this, set "online-mode" to "true" in the server.properties file.
[21:36:43] [Server thread/INFO]: Preparing level "world"
[21:36:43] [Server thread/INFO]: Reloading ResourceManager: Default, yert
[21:36:43] [Server thread/INFO]: Loaded 6 recipes
[21:36:44] [Server thread/INFO]: Loaded 1 custom command functions
[21:36:44] [Server thread/INFO]: Loaded 825 advancements
[21:36:45] [Server thread/INFO]: Preparing start region for dimension minecraft:overworld
[21:36:46] [Server thread/INFO]: Preparing spawn area: 0%
[21:36:46] [Server thread/INFO]: Preparing spawn area: 0%
[21:36:46] [Server thread/INFO]: Preparing spawn area: 0%
[21:36:46] [Server-Worker-1/INFO]: Preparing spawn area: 0%
[21:36:47] [Server thread/INFO]: Time elapsed: 1972 ms
[21:36:47] [Server thread/INFO]: Done (3.986s)! For help, type "help"
[21:36:47] [Server thread/INFO]: com.mojang.authlib.GameProfile@195557a3[id=<null>,name=King_Cat,properties={},legacy=false] (/127.0.0.1:50870) lost connection: Disconnected
[21:36:48] [Server thread/INFO]: King_Cat[/127.0.0.1:50872] logged in with entity id 210 at (208.3697847915193, 63.0, -126.41639826087862)
[21:36:48] [Server thread/INFO]: King_Cat joined the game
[21:37:12] [Server thread/INFO]: Stopping the server
[21:37:12] [Server thread/INFO]: Stopping server
[21:37:12] [Server thread/INFO]: Saving players
[21:37:12] [Server thread/INFO]: Saving worlds
[21:37:12] [Server thread/INFO]: Saving chunks for level 'world'/minecraft:overworld
[21:37:13] [Server thread/INFO]: ThreadedAnvilChunkStorage (world): All chunks are saved
[21:37:13] [Server thread/INFO]: Saving chunks for level 'world'/minecraft:the_nether
[21:37:13] [Server thread/INFO]: ThreadedAnvilChunkStorage (DIM-1): All chunks are saved
[21:37:13] [Server thread/INFO]: Saving chunks for level 'world'/minecraft:the_end
[21:37:13] [Server thread/INFO]: ThreadedAnvilChunkStorage (DIM1): All chunks are saved
[21:37:13] [Server thread/INFO]: ThreadedAnvilChunkStorage (world): All chunks are saved
[21:37:13] [Server thread/INFO]: ThreadedAnvilChunkStorage (DIM-1): All chunks are saved
[21:37:13] [Server thread/INFO]: ThreadedAnvilChunkStorage (DIM1): All chunks are saved
