[20:37:21] [main/WARN]: Ambiguity between arguments [teleport, destination] and [teleport, targets] with inputs: [Player, 0123, @e, dd12be42-52a9-4a91-a8a1-11c01849e498]
[20:37:21] [main/WARN]: Ambiguity between arguments [teleport, location] and [teleport, destination] with inputs: [0.1 -0.5 .9, 0 0 0]
[20:37:21] [main/WARN]: Ambiguity between arguments [teleport, location] and [teleport, targets] with inputs: [0.1 -0.5 .9, 0 0 0]
[20:37:21] [main/WARN]: Ambiguity between arguments [teleport, targets] and [teleport, destination] with inputs: [Player, 0123, dd12be42-52a9-4a91-a8a1-11c01849e498]
[20:37:21] [main/WARN]: Ambiguity between arguments [teleport, targets, location] and [teleport, targets, destination] with inputs: [0.1 -0.5 .9, 0 0 0]
[20:37:21] [Server thread/INFO]: Starting minecraft server version 1.15.2
[20:37:21] [Server thread/INFO]: Loading properties
[20:37:21] [Server thread/INFO]: Default game type: SURVIVAL
[20:37:21] [Server thread/INFO]: Generating keypair
[20:37:22] [Server thread/INFO]: Starting Minecraft server on *:25565
[20:37:22] [Server thread/INFO]: Using default channel type
[20:37:23] [Server thread/WARN]: **** SERVER IS RUNNING IN OFFLINE/INSECURE MODE!
[20:37:23] [Server thread/WARN]: The server will make no attempt to authenticate usernames. Beware.
[20:37:23] [Server thread/WARN]: While this makes the game possible to play without internet access, it also opens up the ability for hackers to connect with any username they choose.
[20:37:23] [Server thread/WARN]: To change this, set "online-mode" to "true" in the server.properties file.
[20:37:23] [Server thread/INFO]: Preparing level "world"
[20:37:23] [Server thread/INFO]: Reloading ResourceManager: Default, yert
[20:37:24] [Server thread/INFO]: Loaded 6 recipes
[20:37:24] [Server thread/INFO]: Loaded 1 custom command functions
[20:37:24] [Server thread/INFO]: Loaded 825 advancements
[20:37:25] [Server thread/INFO]: Preparing start region for dimension minecraft:overworld
[20:37:26] [Server thread/INFO]: Preparing spawn area: 0%
[20:37:26] [Server thread/INFO]: Preparing spawn area: 0%
[20:37:26] [Server thread/INFO]: Preparing spawn area: 0%
[20:37:26] [Server thread/INFO]: Preparing spawn area: 79%
[20:37:26] [Server thread/INFO]: Time elapsed: 1559 ms
[20:37:26] [Server thread/INFO]: Done (3.132s)! For help, type "help"
[20:37:26] [Server thread/INFO]: com.mojang.authlib.GameProfile@4f19d6a9[id=<null>,name=King_Cat,properties={},legacy=false] (/127.0.0.1:65272) lost connection: Disconnected
[20:37:27] [Server thread/INFO]: King_Cat[/127.0.0.1:65273] logged in with entity id 217 at (207.30000001192093, 63.0, -125.83763338052579)
[20:37:27] [Server thread/INFO]: King_Cat joined the game
[20:38:23] [Server thread/INFO]: [King_Cat: Set the weather to rain]
[20:38:27] [Server thread/INFO]: [King_Cat: Set own game mode to Survival Mode]
[20:39:28] [Server thread/INFO]: [King_Cat: Gave 64 [Steak] to King_Cat]
[20:40:12] [Server thread/INFO]: King_Cat fell from a high place
[20:40:14] [Server thread/WARN]: King_Cat moved too quickly! -100.80249737619579,-16.0,75.48971433063544
[20:40:17] [Server thread/INFO]: [King_Cat: Set own game mode to Creative Mode]
[20:40:36] [Server thread/INFO]: King_Cat lost connection: Disconnected
[20:40:36] [Server thread/INFO]: King_Cat left the game
[20:40:38] [Server thread/INFO]: Stopping the server
[20:40:38] [Server thread/INFO]: Stopping server
[20:40:38] [Server thread/INFO]: Saving players
[20:40:38] [Server thread/INFO]: Saving worlds
[20:40:38] [Server thread/INFO]: Saving chunks for level 'world'/minecraft:overworld
[20:40:39] [Server thread/INFO]: ThreadedAnvilChunkStorage (world): All chunks are saved
[20:40:39] [Server thread/INFO]: Saving chunks for level 'world'/minecraft:the_nether
[20:40:39] [Server thread/INFO]: ThreadedAnvilChunkStorage (DIM-1): All chunks are saved
[20:40:39] [Server thread/INFO]: Saving chunks for level 'world'/minecraft:the_end
[20:40:39] [Server thread/INFO]: ThreadedAnvilChunkStorage (DIM1): All chunks are saved
[20:40:39] [Server thread/INFO]: ThreadedAnvilChunkStorage (world): All chunks are saved
[20:40:40] [Server thread/INFO]: ThreadedAnvilChunkStorage (DIM-1): All chunks are saved
[20:40:40] [Server thread/INFO]: ThreadedAnvilChunkStorage (DIM1): All chunks are saved
