[09:23:00] [main/WARN]: Ambiguity between arguments [teleport, destination] and [teleport, targets] with inputs: [Player, 0123, @e, dd12be42-52a9-4a91-a8a1-11c01849e498]
[09:23:00] [main/WARN]: Ambiguity between arguments [teleport, location] and [teleport, destination] with inputs: [0.1 -0.5 .9, 0 0 0]
[09:23:00] [main/WARN]: Ambiguity between arguments [teleport, location] and [teleport, targets] with inputs: [0.1 -0.5 .9, 0 0 0]
[09:23:00] [main/WARN]: Ambiguity between arguments [teleport, targets] and [teleport, destination] with inputs: [Player, 0123, dd12be42-52a9-4a91-a8a1-11c01849e498]
[09:23:00] [main/WARN]: Ambiguity between arguments [teleport, targets, location] and [teleport, targets, destination] with inputs: [0.1 -0.5 .9, 0 0 0]
[09:23:00] [Server thread/INFO]: Starting minecraft server version 1.15.2
[09:23:00] [Server thread/INFO]: Loading properties
[09:23:00] [Server thread/INFO]: Default game type: SURVIVAL
[09:23:00] [Server thread/INFO]: Generating keypair
[09:23:01] [Server thread/INFO]: Starting Minecraft server on *:25565
[09:23:01] [Server thread/INFO]: Using default channel type
[09:23:02] [Server thread/INFO]: Preparing level "world"
[09:23:02] [Server thread/INFO]: Reloading ResourceManager: Default, yert
[09:23:02] [Server thread/INFO]: Loaded 6 recipes
[09:23:03] [Server thread/INFO]: Loaded 1 custom command functions
[09:23:03] [Server thread/INFO]: Loaded 825 advancements
[09:23:03] [Server thread/INFO]: Preparing start region for dimension minecraft:overworld
[09:23:05] [Server thread/INFO]: Preparing spawn area: 0%
[09:23:05] [Server thread/INFO]: Preparing spawn area: 0%
[09:23:05] [Server thread/INFO]: Preparing spawn area: 0%
[09:23:06] [Server-Worker-7/INFO]: Preparing spawn area: 0%
[09:23:06] [Server-Worker-3/INFO]: Preparing spawn area: 0%
[09:23:06] [Server thread/INFO]: Preparing spawn area: 50%
[09:23:06] [Server thread/INFO]: Time elapsed: 2592 ms
[09:23:06] [Server thread/INFO]: Done (4.329s)! For help, type "help"
[09:23:09] [Server thread/INFO]: Banned King_Cat: Banned by an operator.
[09:23:11] [Server thread/INFO]: Unbanned King_Cat
[09:23:11] [Server thread/INFO]: Banned King_Cat: Banned by an operator.
[09:23:12] [Server thread/INFO]: Unbanned King_Cat
[09:23:12] [Server thread/INFO]: Unbanned IP 127.0.0.1
[09:23:13] [Server thread/INFO]: Banned IP 127.0.0.1: Banned by an operator.
[09:23:14] [Server thread/INFO]: Banned King_Cat: Banned by an operator.
[09:23:18] [User Authenticator #1/INFO]: UUID of player King_Cat is e3087768-76b3-487d-987b-741694b3d97f
[09:23:18] [Server thread/INFO]: Disconnecting com.mojang.authlib.GameProfile@3072419f[id=e3087768-76b3-487d-987b-741694b3d97f,name=King_Cat,properties={textures=[com.mojang.authlib.properties.Property@69b7f523]},legacy=false] (/127.0.0.1:62150): You are banned from this server.
Reason: Banned by an operator.
[09:23:18] [Server thread/INFO]: com.mojang.authlib.GameProfile@3072419f[id=e3087768-76b3-487d-987b-741694b3d97f,name=King_Cat,properties={textures=[com.mojang.authlib.properties.Property@69b7f523]},legacy=false] (/127.0.0.1:62150) lost connection: You are banned from this server.
Reason: Banned by an operator.
[09:23:20] [Server thread/INFO]: Unbanned King_Cat
[09:23:23] [User Authenticator #2/INFO]: UUID of player King_Cat is e3087768-76b3-487d-987b-741694b3d97f
[09:23:23] [Server thread/INFO]: Disconnecting com.mojang.authlib.GameProfile@21e6c3c2[id=e3087768-76b3-487d-987b-741694b3d97f,name=King_Cat,properties={textures=[com.mojang.authlib.properties.Property@682df5fa]},legacy=false] (/127.0.0.1:62153): Your IP address is banned from this server.
Reason: Banned by an operator.
[09:23:23] [Server thread/INFO]: com.mojang.authlib.GameProfile@21e6c3c2[id=e3087768-76b3-487d-987b-741694b3d97f,name=King_Cat,properties={textures=[com.mojang.authlib.properties.Property@682df5fa]},legacy=false] (/127.0.0.1:62153) lost connection: Your IP address is banned from this server.
Reason: Banned by an operator.
[09:23:25] [Server thread/INFO]: Unbanned IP 127.0.0.1
[09:23:27] [User Authenticator #3/INFO]: UUID of player King_Cat is e3087768-76b3-487d-987b-741694b3d97f
[09:23:28] [Server thread/INFO]: King_Cat[/127.0.0.1:62155] logged in with entity id 147 at (193.19956948448785, 64.0, -132.82274358008635)
[09:23:28] [Server thread/INFO]: King_Cat joined the game
[09:23:35] [Server thread/INFO]: <King_Cat> oooh yeaahhhhh
[09:25:46] [Server thread/INFO]: [King_Cat: Set own game mode to Survival Mode]
[09:26:32] [Server thread/INFO]: [King_Cat: Set own game mode to Creative Mode]
[09:27:09] [Server thread/INFO]: Kicked King_Cat: Kicked by an operator
[09:27:09] [Server thread/INFO]: King_Cat lost connection: Kicked by an operator
[09:27:09] [Server thread/INFO]: King_Cat left the game
[09:27:15] [Server thread/INFO]: Stopping the server
[09:27:15] [Server thread/INFO]: Stopping server
[09:27:15] [Server thread/INFO]: Saving players
[09:27:15] [Server thread/INFO]: Saving worlds
[09:27:15] [Server thread/INFO]: Saving chunks for level 'world'/minecraft:the_nether
[09:27:15] [Server thread/INFO]: ThreadedAnvilChunkStorage (DIM-1): All chunks are saved
[09:27:15] [Server thread/INFO]: Saving chunks for level 'world'/minecraft:overworld
[09:27:16] [Server thread/INFO]: ThreadedAnvilChunkStorage (world): All chunks are saved
[09:27:16] [Server thread/INFO]: Saving chunks for level 'world'/minecraft:the_end
[09:27:16] [Server thread/INFO]: ThreadedAnvilChunkStorage (DIM1): All chunks are saved
[09:27:16] [Server thread/INFO]: ThreadedAnvilChunkStorage (DIM-1): All chunks are saved
[09:27:16] [Server thread/INFO]: ThreadedAnvilChunkStorage (world): All chunks are saved
[09:27:16] [Server thread/INFO]: ThreadedAnvilChunkStorage (DIM1): All chunks are saved
