[20:06:40] [main/WARN]: Ambiguity between arguments [teleport, destination] and [teleport, targets] with inputs: [Player, 0123, @e, dd12be42-52a9-4a91-a8a1-11c01849e498]
[20:06:40] [main/WARN]: Ambiguity between arguments [teleport, location] and [teleport, destination] with inputs: [0.1 -0.5 .9, 0 0 0]
[20:06:40] [main/WARN]: Ambiguity between arguments [teleport, location] and [teleport, targets] with inputs: [0.1 -0.5 .9, 0 0 0]
[20:06:40] [main/WARN]: Ambiguity between arguments [teleport, targets] and [teleport, destination] with inputs: [Player, 0123, dd12be42-52a9-4a91-a8a1-11c01849e498]
[20:06:40] [main/WARN]: Ambiguity between arguments [teleport, targets, location] and [teleport, targets, destination] with inputs: [0.1 -0.5 .9, 0 0 0]
[20:06:40] [Server thread/INFO]: Starting minecraft server version 1.15.2
[20:06:40] [Server thread/INFO]: Loading properties
[20:06:40] [Server thread/INFO]: Default game type: SURVIVAL
[20:06:40] [Server thread/INFO]: Generating keypair
[20:06:40] [Server thread/INFO]: Starting Minecraft server on *:25565
[20:06:40] [Server thread/INFO]: Using default channel type
[20:06:41] [Server thread/WARN]: **** SERVER IS RUNNING IN OFFLINE/INSECURE MODE!
[20:06:41] [Server thread/WARN]: The server will make no attempt to authenticate usernames. Beware.
[20:06:41] [Server thread/WARN]: While this makes the game possible to play without internet access, it also opens up the ability for hackers to connect with any username they choose.
[20:06:41] [Server thread/WARN]: To change this, set "online-mode" to "true" in the server.properties file.
[20:06:41] [Server thread/INFO]: Preparing level "world"
[20:06:41] [Server thread/INFO]: Reloading ResourceManager: Default, yert
[20:06:42] [Server thread/INFO]: Loaded 6 recipes
[20:06:42] [Server thread/INFO]: Loaded 1 custom command functions
[20:06:42] [Server thread/INFO]: Loaded 825 advancements
[20:06:43] [Server thread/INFO]: Preparing start region for dimension minecraft:overworld
[20:06:44] [Server thread/INFO]: Preparing spawn area: 0%
[20:06:44] [Server thread/INFO]: Preparing spawn area: 0%
[20:06:44] [Server thread/INFO]: Preparing spawn area: 0%
[20:06:45] [Server-Worker-6/INFO]: Preparing spawn area: 0%
[20:06:45] [Server-Worker-6/INFO]: Preparing spawn area: 0%
[20:06:45] [Server thread/INFO]: Time elapsed: 2443 ms
[20:06:45] [Server thread/INFO]: Done (4.159s)! For help, type "help"
[20:06:45] [Server thread/INFO]: com.mojang.authlib.GameProfile@1ec1e70a[id=<null>,name=King_Cat,properties={},legacy=false] (/127.0.0.1:61144) lost connection: Disconnected
[20:06:45] [Server thread/INFO]: King_Cat[/127.0.0.1:61145] logged in with entity id 135 at (260.30000001192093, 61.0, 25.69999998807907)
[20:06:45] [Server thread/INFO]: King_Cat joined the game
[20:06:58] [Server thread/INFO]: Kong_Fat[/127.0.0.1:61313] logged in with entity id 294 at (212.5, 71.0, -40.5)
[20:06:58] [Server thread/INFO]: Kong_Fat joined the game
[20:07:08] [Server thread/INFO]: <Kong_Fat> you are small pp
[20:07:29] [Server thread/INFO]: Kong_Fat lost connection: Disconnected
[20:07:29] [Server thread/INFO]: Kong_Fat left the game
[20:07:30] [Server thread/INFO]: King_Cat lost connection: Disconnected
[20:07:30] [Server thread/INFO]: King_Cat left the game
[20:14:33] [Server thread/INFO]: Stopping the server
[20:14:33] [Server thread/INFO]: Stopping server
[20:14:33] [Server thread/INFO]: Saving players
[20:14:33] [Server thread/INFO]: Saving worlds
[20:14:33] [Server thread/INFO]: Saving chunks for level 'world'/minecraft:the_nether
[20:14:33] [Server thread/INFO]: ThreadedAnvilChunkStorage (DIM-1): All chunks are saved
[20:14:33] [Server thread/INFO]: Saving chunks for level 'world'/minecraft:overworld
[20:14:33] [Server thread/INFO]: ThreadedAnvilChunkStorage (world): All chunks are saved
[20:14:33] [Server thread/INFO]: Saving chunks for level 'world'/minecraft:the_end
[20:14:33] [Server thread/INFO]: ThreadedAnvilChunkStorage (DIM1): All chunks are saved
[20:14:33] [Server thread/INFO]: ThreadedAnvilChunkStorage (DIM-1): All chunks are saved
[20:14:33] [Server thread/INFO]: ThreadedAnvilChunkStorage (world): All chunks are saved
[20:14:33] [Server thread/INFO]: ThreadedAnvilChunkStorage (DIM1): All chunks are saved
