[20:40:51] [main/WARN]: Ambiguity between arguments [teleport, destination] and [teleport, targets] with inputs: [Player, 0123, @e, dd12be42-52a9-4a91-a8a1-11c01849e498]
[20:40:51] [main/WARN]: Ambiguity between arguments [teleport, location] and [teleport, destination] with inputs: [0.1 -0.5 .9, 0 0 0]
[20:40:51] [main/WARN]: Ambiguity between arguments [teleport, location] and [teleport, targets] with inputs: [0.1 -0.5 .9, 0 0 0]
[20:40:51] [main/WARN]: Ambiguity between arguments [teleport, targets] and [teleport, destination] with inputs: [Player, 0123, dd12be42-52a9-4a91-a8a1-11c01849e498]
[20:40:51] [main/WARN]: Ambiguity between arguments [teleport, targets, location] and [teleport, targets, destination] with inputs: [0.1 -0.5 .9, 0 0 0]
[20:40:51] [Server thread/INFO]: Starting minecraft server version 1.15.2
[20:40:51] [Server thread/INFO]: Loading properties
[20:40:51] [Server thread/INFO]: Default game type: SURVIVAL
[20:40:51] [Server thread/INFO]: Generating keypair
[20:40:51] [Server thread/INFO]: Starting Minecraft server on *:25565
[20:40:51] [Server thread/INFO]: Using default channel type
[20:40:52] [Server thread/INFO]: Preparing level "world"
[20:40:52] [Server thread/INFO]: Reloading ResourceManager: Default, yert
[20:40:53] [Server thread/INFO]: Loaded 6 recipes
[20:40:53] [Server thread/INFO]: Loaded 1 custom command functions
[20:40:53] [Server thread/INFO]: Loaded 825 advancements
[20:40:54] [Server thread/INFO]: Preparing start region for dimension minecraft:overworld
[20:40:55] [Server thread/INFO]: Preparing spawn area: 0%
[20:40:55] [Server thread/INFO]: Preparing spawn area: 0%
[20:40:55] [Server thread/INFO]: Preparing spawn area: 0%
[20:40:56] [Server-Worker-7/INFO]: Preparing spawn area: 0%
[20:40:56] [Server-Worker-6/INFO]: Preparing spawn area: 0%
[20:40:56] [Server thread/INFO]: Time elapsed: 2522 ms
[20:40:56] [Server thread/INFO]: Done (4.150s)! For help, type "help"
[20:41:10] [Server thread/INFO]: Made baskjdsajd no longer a server operator
[20:41:16] [Server thread/INFO]: Stopping the server
[20:41:16] [Server thread/INFO]: Stopping server
[20:41:16] [Server thread/INFO]: Saving players
[20:41:16] [Server thread/INFO]: Saving worlds
[20:41:16] [Server thread/INFO]: Saving chunks for level 'world'/minecraft:the_nether
[20:41:16] [Server thread/INFO]: ThreadedAnvilChunkStorage (DIM-1): All chunks are saved
[20:41:16] [Server thread/INFO]: Saving chunks for level 'world'/minecraft:the_end
[20:41:16] [Server thread/INFO]: ThreadedAnvilChunkStorage (DIM1): All chunks are saved
[20:41:16] [Server thread/INFO]: Saving chunks for level 'world'/minecraft:overworld
[20:41:16] [Server thread/INFO]: ThreadedAnvilChunkStorage (world): All chunks are saved
[20:41:16] [Server thread/INFO]: ThreadedAnvilChunkStorage (DIM-1): All chunks are saved
[20:41:16] [Server thread/INFO]: ThreadedAnvilChunkStorage (DIM1): All chunks are saved
[20:41:16] [Server thread/INFO]: ThreadedAnvilChunkStorage (world): All chunks are saved
