[14:21:17] [main/WARN]: Ambiguity between arguments [teleport, destination] and [teleport, targets] with inputs: [Player, 0123, @e, dd12be42-52a9-4a91-a8a1-11c01849e498]
[14:21:17] [main/WARN]: Ambiguity between arguments [teleport, location] and [teleport, destination] with inputs: [0.1 -0.5 .9, 0 0 0]
[14:21:17] [main/WARN]: Ambiguity between arguments [teleport, location] and [teleport, targets] with inputs: [0.1 -0.5 .9, 0 0 0]
[14:21:17] [main/WARN]: Ambiguity between arguments [teleport, targets] and [teleport, destination] with inputs: [Player, 0123, dd12be42-52a9-4a91-a8a1-11c01849e498]
[14:21:17] [main/WARN]: Ambiguity between arguments [teleport, targets, location] and [teleport, targets, destination] with inputs: [0.1 -0.5 .9, 0 0 0]
[14:21:17] [Server thread/INFO]: Starting minecraft server version 1.15.2
[14:21:17] [Server thread/INFO]: Loading properties
[14:21:17] [Server thread/INFO]: Default game type: SURVIVAL
[14:21:17] [Server thread/INFO]: Generating keypair
[14:21:18] [Server thread/INFO]: Starting Minecraft server on *:25565
[14:21:18] [Server thread/INFO]: Using default channel type
[14:21:20] [Server thread/INFO]: Preparing level "world"
[14:21:21] [Server thread/INFO]: Reloading ResourceManager: Default, yert
[14:21:21] [Server thread/INFO]: Loaded 6 recipes
[14:21:21] [Server thread/INFO]: Loaded 1 custom command functions
[14:21:21] [Server thread/INFO]: Loaded 825 advancements
[14:21:22] [Server thread/INFO]: Preparing start region for dimension minecraft:overworld
[14:21:23] [Server thread/INFO]: Preparing spawn area: 0%
[14:21:23] [Server thread/INFO]: Preparing spawn area: 0%
[14:21:23] [Server thread/INFO]: Preparing spawn area: 25%
[14:21:23] [Server thread/INFO]: Time elapsed: 1116 ms
[14:21:23] [Server thread/INFO]: Done (2.626s)! For help, type "help"
[14:21:23] [Server thread/INFO]: [Server] kek
[14:21:28] [User Authenticator #1/INFO]: UUID of player King_Cat is e3087768-76b3-487d-987b-741694b3d97f
[14:21:28] [Server thread/INFO]: King_Cat[/127.0.0.1:56760] logged in with entity id 217 at (209.69999998807907, 62.0, -115.49473910114497)
[14:21:28] [Server thread/INFO]: King_Cat joined the game
[14:21:33] [Server thread/INFO]: Added King_Cat to the whitelist
[14:21:36] [Server thread/INFO]: Removed King_Cat from the whitelist
[14:21:37] [Server thread/INFO]: Added King_Cat to the whitelist
[14:21:37] [Server thread/INFO]: Removed King_Cat from the whitelist
[14:21:39] [Server thread/INFO]: Made King_Cat no longer a server operator
[14:21:46] [Server thread/INFO]: Made King_Cat a server operator
[14:26:42] [Server thread/INFO]: Added King_Cat to the whitelist
[14:26:50] [Server thread/INFO]: King_Cat lost connection: Disconnected
[14:26:50] [Server thread/INFO]: King_Cat left the game
[14:27:03] [Server thread/INFO]: Stopping the server
[14:27:03] [Server thread/INFO]: Stopping server
[14:27:03] [Server thread/INFO]: Saving players
[14:27:03] [Server thread/INFO]: Saving worlds
[14:27:03] [Server thread/INFO]: Saving chunks for level 'world'/minecraft:overworld
[14:27:03] [Server thread/INFO]: ThreadedAnvilChunkStorage (world): All chunks are saved
[14:27:03] [Server thread/INFO]: Saving chunks for level 'world'/minecraft:the_nether
[14:27:03] [Server thread/INFO]: ThreadedAnvilChunkStorage (DIM-1): All chunks are saved
[14:27:03] [Server thread/INFO]: Saving chunks for level 'world'/minecraft:the_end
[14:27:03] [Server thread/INFO]: ThreadedAnvilChunkStorage (DIM1): All chunks are saved
[14:27:03] [Server thread/INFO]: ThreadedAnvilChunkStorage (world): All chunks are saved
[14:27:03] [Server thread/INFO]: ThreadedAnvilChunkStorage (DIM-1): All chunks are saved
[14:27:03] [Server thread/INFO]: ThreadedAnvilChunkStorage (DIM1): All chunks are saved
