[21:24:41] [main/WARN]: Ambiguity between arguments [teleport, destination] and [teleport, targets] with inputs: [Player, 0123, @e, dd12be42-52a9-4a91-a8a1-11c01849e498]
[21:24:41] [main/WARN]: Ambiguity between arguments [teleport, location] and [teleport, destination] with inputs: [0.1 -0.5 .9, 0 0 0]
[21:24:41] [main/WARN]: Ambiguity between arguments [teleport, location] and [teleport, targets] with inputs: [0.1 -0.5 .9, 0 0 0]
[21:24:41] [main/WARN]: Ambiguity between arguments [teleport, targets] and [teleport, destination] with inputs: [Player, 0123, dd12be42-52a9-4a91-a8a1-11c01849e498]
[21:24:41] [main/WARN]: Ambiguity between arguments [teleport, targets, location] and [teleport, targets, destination] with inputs: [0.1 -0.5 .9, 0 0 0]
[21:24:41] [Server thread/INFO]: Starting minecraft server version 1.15.2
[21:24:41] [Server thread/INFO]: Loading properties
[21:24:41] [Server thread/INFO]: Default game type: SURVIVAL
[21:24:41] [Server thread/INFO]: Generating keypair
[21:24:42] [Server thread/INFO]: Starting Minecraft server on *:25565
[21:24:42] [Server thread/INFO]: Using default channel type
[21:24:43] [Server thread/INFO]: Preparing level "world"
[21:24:43] [Server thread/INFO]: Reloading ResourceManager: Default, yert
[21:24:44] [Server thread/INFO]: Loaded 6 recipes
[21:24:44] [Server thread/INFO]: Loaded 1 custom command functions
[21:24:44] [Server thread/INFO]: Loaded 825 advancements
[21:24:45] [Server thread/INFO]: Preparing start region for dimension minecraft:overworld
[21:24:46] [Server thread/INFO]: Preparing spawn area: 0%
[21:24:46] [Server thread/INFO]: Preparing spawn area: 0%
[21:24:46] [Server thread/INFO]: Preparing spawn area: 0%
[21:24:46] [Server-Worker-3/INFO]: Preparing spawn area: 0%
[21:24:47] [Server thread/INFO]: Preparing spawn area: 5%
[21:24:47] [Server thread/INFO]: Time elapsed: 2198 ms
[21:24:47] [Server thread/INFO]: Done (3.777s)! For help, type "help"
[21:25:08] [Server thread/INFO]: Banned PumkinSpic3: Banned by an operator.
[21:25:14] [Server thread/INFO]: Incorrect argument for command
[21:25:14] [Server thread/INFO]: ban-ip <--[HERE]
[21:25:16] [Server thread/INFO]: Incorrect argument for command
[21:25:16] [Server thread/INFO]: ban-ip <--[HERE]
[21:25:16] [Server thread/INFO]: Incorrect argument for command
[21:25:16] [Server thread/INFO]: ban-ip <--[HERE]
[21:25:17] [Server thread/INFO]: Incorrect argument for command
[21:25:17] [Server thread/INFO]: ban-ip <--[HERE]
[21:25:30] [Server thread/INFO]: Stopping the server
[21:25:30] [Server thread/INFO]: Stopping server
[21:25:30] [Server thread/INFO]: Saving players
[21:25:30] [Server thread/INFO]: Saving worlds
[21:25:30] [Server thread/INFO]: Saving chunks for level 'world'/minecraft:overworld
[21:25:30] [Server thread/INFO]: ThreadedAnvilChunkStorage (world): All chunks are saved
[21:25:30] [Server thread/INFO]: Saving chunks for level 'world'/minecraft:the_nether
[21:25:30] [Server thread/INFO]: ThreadedAnvilChunkStorage (DIM-1): All chunks are saved
[21:25:30] [Server thread/INFO]: Saving chunks for level 'world'/minecraft:the_end
[21:25:30] [Server thread/INFO]: ThreadedAnvilChunkStorage (DIM1): All chunks are saved
[21:25:30] [Server thread/INFO]: ThreadedAnvilChunkStorage (world): All chunks are saved
[21:25:31] [Server thread/INFO]: ThreadedAnvilChunkStorage (DIM-1): All chunks are saved
[21:25:31] [Server thread/INFO]: ThreadedAnvilChunkStorage (DIM1): All chunks are saved
