[14:51:10] [main/WARN]: Ambiguity between arguments [teleport, destination] and [teleport, targets] with inputs: [Player, 0123, @e, dd12be42-52a9-4a91-a8a1-11c01849e498]
[14:51:10] [main/WARN]: Ambiguity between arguments [teleport, location] and [teleport, destination] with inputs: [0.1 -0.5 .9, 0 0 0]
[14:51:10] [main/WARN]: Ambiguity between arguments [teleport, location] and [teleport, targets] with inputs: [0.1 -0.5 .9, 0 0 0]
[14:51:10] [main/WARN]: Ambiguity between arguments [teleport, targets] and [teleport, destination] with inputs: [Player, 0123, dd12be42-52a9-4a91-a8a1-11c01849e498]
[14:51:10] [main/WARN]: Ambiguity between arguments [teleport, targets, location] and [teleport, targets, destination] with inputs: [0.1 -0.5 .9, 0 0 0]
[14:51:10] [Server thread/INFO]: Starting minecraft server version 1.15.2
[14:51:10] [Server thread/INFO]: Loading properties
[14:51:10] [Server thread/INFO]: Default game type: SURVIVAL
[14:51:10] [Server thread/INFO]: Generating keypair
[14:51:10] [Server thread/INFO]: Starting Minecraft server on *:25565
[14:51:10] [Server thread/INFO]: Using default channel type
[14:51:13] [Server thread/INFO]: Preparing level "world"
[14:51:13] [Server thread/INFO]: Reloading ResourceManager: Default, yert
[14:51:13] [Server thread/INFO]: Loaded 6 recipes
[14:51:13] [Server thread/INFO]: Loaded 1 custom command functions
[14:51:13] [Server thread/INFO]: Loaded 825 advancements
[14:51:13] [Server thread/INFO]: Preparing start region for dimension minecraft:overworld
[14:51:14] [Server thread/INFO]: Preparing spawn area: 0%
[14:51:14] [Server thread/INFO]: Preparing spawn area: 0%
[14:51:14] [Server thread/INFO]: Preparing spawn area: 68%
[14:51:14] [Server thread/INFO]: Time elapsed: 1024 ms
[14:51:14] [Server thread/INFO]: Done (1.797s)! For help, type "help"
[14:51:15] [Server thread/INFO]: Stopping the server
[14:51:15] [Server thread/INFO]: Stopping server
[14:51:15] [Server thread/INFO]: Saving players
[14:51:15] [Server thread/INFO]: Saving worlds
[14:51:15] [Server thread/INFO]: Saving chunks for level 'world'/minecraft:the_end
[14:51:15] [Server thread/INFO]: ThreadedAnvilChunkStorage (DIM1): All chunks are saved
[14:51:15] [Server thread/INFO]: Saving chunks for level 'world'/minecraft:the_nether
[14:51:15] [Server thread/INFO]: ThreadedAnvilChunkStorage (DIM-1): All chunks are saved
[14:51:15] [Server thread/INFO]: Saving chunks for level 'world'/minecraft:overworld
[14:51:15] [Server thread/INFO]: ThreadedAnvilChunkStorage (world): All chunks are saved
[14:51:15] [Server thread/INFO]: ThreadedAnvilChunkStorage (DIM1): All chunks are saved
[14:51:15] [Server thread/INFO]: ThreadedAnvilChunkStorage (DIM-1): All chunks are saved
[14:51:15] [Server thread/INFO]: ThreadedAnvilChunkStorage (world): All chunks are saved
