[10:39:44] [main/WARN]: Ambiguity between arguments [teleport, destination] and [teleport, targets] with inputs: [Player, 0123, @e, dd12be42-52a9-4a91-a8a1-11c01849e498]
[10:39:44] [main/WARN]: Ambiguity between arguments [teleport, location] and [teleport, destination] with inputs: [0.1 -0.5 .9, 0 0 0]
[10:39:44] [main/WARN]: Ambiguity between arguments [teleport, location] and [teleport, targets] with inputs: [0.1 -0.5 .9, 0 0 0]
[10:39:44] [main/WARN]: Ambiguity between arguments [teleport, targets] and [teleport, destination] with inputs: [Player, 0123, dd12be42-52a9-4a91-a8a1-11c01849e498]
[10:39:44] [main/WARN]: Ambiguity between arguments [teleport, targets, location] and [teleport, targets, destination] with inputs: [0.1 -0.5 .9, 0 0 0]
[10:39:44] [Server thread/INFO]: Starting minecraft server version 1.15.2
[10:39:44] [Server thread/INFO]: Loading properties
[10:39:44] [Server thread/INFO]: Default game type: SURVIVAL
[10:39:44] [Server thread/INFO]: Generating keypair
[10:39:44] [Server thread/INFO]: Starting Minecraft server on *:25565
[10:39:44] [Server thread/INFO]: Using default channel type
[10:39:45] [Server thread/INFO]: Preparing level "world"
[10:39:45] [Server thread/INFO]: Reloading ResourceManager: Default, yert
[10:39:45] [Server thread/INFO]: Loaded 6 recipes
[10:39:46] [Server thread/INFO]: Loaded 1 custom command functions
[10:39:46] [Server thread/INFO]: Loaded 825 advancements
[10:39:46] [Server thread/INFO]: Preparing start region for dimension minecraft:overworld
[10:39:47] [Server thread/INFO]: Preparing spawn area: 0%
[10:39:47] [Server thread/INFO]: Preparing spawn area: 0%
[10:39:47] [Server thread/INFO]: Preparing spawn area: 0%
[10:39:48] [Server-Worker-5/INFO]: Preparing spawn area: 0%
[10:39:48] [Server thread/INFO]: Preparing spawn area: 70%
[10:39:48] [Server thread/INFO]: Time elapsed: 2050 ms
[10:39:48] [Server thread/INFO]: Done (3.585s)! For help, type "help"
[10:43:12] [Server thread/INFO]: Stopping the server
[10:43:12] [Server thread/INFO]: Stopping server
[10:43:12] [Server thread/INFO]: Saving players
[10:43:12] [Server thread/INFO]: Saving worlds
[10:43:12] [Server thread/INFO]: Saving chunks for level 'world'/minecraft:overworld
[10:43:13] [Server thread/INFO]: ThreadedAnvilChunkStorage (world): All chunks are saved
[10:43:13] [Server thread/INFO]: Saving chunks for level 'world'/minecraft:the_nether
[10:43:13] [Server thread/INFO]: ThreadedAnvilChunkStorage (DIM-1): All chunks are saved
[10:43:13] [Server thread/INFO]: Saving chunks for level 'world'/minecraft:the_end
[10:43:13] [Server thread/INFO]: ThreadedAnvilChunkStorage (DIM1): All chunks are saved
[10:43:13] [Server thread/INFO]: ThreadedAnvilChunkStorage (world): All chunks are saved
[10:43:13] [Server thread/INFO]: ThreadedAnvilChunkStorage (DIM-1): All chunks are saved
[10:43:13] [Server thread/INFO]: ThreadedAnvilChunkStorage (DIM1): All chunks are saved
