[20:08:17] [main/WARN]: Ambiguity between arguments [teleport, destination] and [teleport, targets] with inputs: [Player, 0123, @e, dd12be42-52a9-4a91-a8a1-11c01849e498]
[20:08:17] [main/WARN]: Ambiguity between arguments [teleport, location] and [teleport, destination] with inputs: [0.1 -0.5 .9, 0 0 0]
[20:08:17] [main/WARN]: Ambiguity between arguments [teleport, location] and [teleport, targets] with inputs: [0.1 -0.5 .9, 0 0 0]
[20:08:17] [main/WARN]: Ambiguity between arguments [teleport, targets] and [teleport, destination] with inputs: [Player, 0123, dd12be42-52a9-4a91-a8a1-11c01849e498]
[20:08:17] [main/WARN]: Ambiguity between arguments [teleport, targets, location] and [teleport, targets, destination] with inputs: [0.1 -0.5 .9, 0 0 0]
[20:08:17] [Server thread/INFO]: Starting minecraft server version 1.15.2
[20:08:17] [Server thread/INFO]: Loading properties
[20:08:17] [Server thread/INFO]: Default game type: SURVIVAL
[20:08:17] [Server thread/INFO]: Generating keypair
[20:08:17] [Server thread/INFO]: Starting Minecraft server on *:25565
[20:08:17] [Server thread/INFO]: Using default channel type
[20:08:19] [Server thread/WARN]: **** SERVER IS RUNNING IN OFFLINE/INSECURE MODE!
[20:08:19] [Server thread/WARN]: The server will make no attempt to authenticate usernames. Beware.
[20:08:19] [Server thread/WARN]: While this makes the game possible to play without internet access, it also opens up the ability for hackers to connect with any username they choose.
[20:08:19] [Server thread/WARN]: To change this, set "online-mode" to "true" in the server.properties file.
[20:08:19] [Server thread/INFO]: Preparing level "world"
[20:08:19] [Server thread/INFO]: Reloading ResourceManager: Default, yert
[20:08:19] [Server thread/INFO]: Loaded 6 recipes
[20:08:20] [Server thread/INFO]: Loaded 1 custom command functions
[20:08:20] [Server thread/INFO]: Loaded 825 advancements
[20:08:21] [Server thread/INFO]: Preparing start region for dimension minecraft:overworld
[20:08:22] [Server thread/INFO]: Preparing spawn area: 0%
[20:08:22] [Server thread/INFO]: Preparing spawn area: 0%
[20:08:22] [Server thread/INFO]: Preparing spawn area: 0%
[20:08:22] [Server-Worker-3/INFO]: Preparing spawn area: 0%
[20:08:23] [Server thread/INFO]: Preparing spawn area: 0%
[20:08:23] [Server thread/INFO]: Time elapsed: 2193 ms
[20:08:23] [Server thread/INFO]: Done (3.952s)! For help, type "help"
[20:09:14] [Server thread/INFO]: Stopping the server
[20:09:14] [Server thread/INFO]: Stopping server
[20:09:14] [Server thread/INFO]: Saving players
[20:09:14] [Server thread/INFO]: Saving worlds
[20:09:14] [Server thread/INFO]: Saving chunks for level 'world'/minecraft:overworld
[20:09:15] [Server thread/INFO]: ThreadedAnvilChunkStorage (world): All chunks are saved
[20:09:15] [Server thread/INFO]: Saving chunks for level 'world'/minecraft:the_nether
[20:09:15] [Server thread/INFO]: ThreadedAnvilChunkStorage (DIM-1): All chunks are saved
[20:09:15] [Server thread/INFO]: Saving chunks for level 'world'/minecraft:the_end
[20:09:15] [Server thread/INFO]: ThreadedAnvilChunkStorage (DIM1): All chunks are saved
[20:09:15] [Server thread/INFO]: ThreadedAnvilChunkStorage (world): All chunks are saved
[20:09:15] [Server thread/INFO]: ThreadedAnvilChunkStorage (DIM-1): All chunks are saved
[20:09:15] [Server thread/INFO]: ThreadedAnvilChunkStorage (DIM1): All chunks are saved
